{"total": {"lines":{"total":5215,"covered":3249,"skipped":0,"pct":62.3},"statements":{"total":5419,"covered":3360,"skipped":0,"pct":62},"functions":{"total":760,"covered":398,"skipped":0,"pct":52.36},"branches":{"total":2921,"covered":1190,"skipped":0,"pct":40.73},"branchesTrue":{"total":0,"covered":0,"skipped":0,"pct":100}}
,"/Users/adefisayoadejumo/Desktop/Adejumo_A_K2452505_CI7000_B_SPAN1_24_25 2/backend/src/controllers/adminController.ts": {"lines":{"total":73,"covered":73,"skipped":0,"pct":100},"functions":{"total":9,"covered":9,"skipped":0,"pct":100},"statements":{"total":76,"covered":76,"skipped":0,"pct":100},"branches":{"total":30,"covered":30,"skipped":0,"pct":100}}
,"/Users/adefisayoadejumo/Desktop/Adejumo_A_K2452505_CI7000_B_SPAN1_24_25 2/backend/src/controllers/assessmentsController.ts": {"lines":{"total":17,"covered":17,"skipped":0,"pct":100},"functions":{"total":3,"covered":3,"skipped":0,"pct":100},"statements":{"total":17,"covered":17,"skipped":0,"pct":100},"branches":{"total":2,"covered":2,"skipped":0,"pct":100}}
,"/Users/adefisayoadejumo/Desktop/Adejumo_A_K2452505_CI7000_B_SPAN1_24_25 2/backend/src/controllers/authController.ts": {"lines":{"total":45,"covered":39,"skipped":0,"pct":86.66},"functions":{"total":9,"covered":6,"skipped":0,"pct":66.66},"statements":{"total":45,"covered":39,"skipped":0,"pct":86.66},"branches":{"total":8,"covered":8,"skipped":0,"pct":100}}
,"/Users/adefisayoadejumo/Desktop/Adejumo_A_K2452505_CI7000_B_SPAN1_24_25 2/backend/src/controllers/behavioralController.ts": {"lines":{"total":129,"covered":124,"skipped":0,"pct":96.12},"functions":{"total":25,"covered":25,"skipped":0,"pct":100},"statements":{"total":134,"covered":129,"skipped":0,"pct":96.26},"branches":{"total":63,"covered":54,"skipped":0,"pct":85.71}}
,"/Users/adefisayoadejumo/Desktop/Adejumo_A_K2452505_CI7000_B_SPAN1_24_25 2/backend/src/controllers/chatController.ts": {"lines":{"total":79,"covered":79,"skipped":0,"pct":100},"functions":{"total":11,"covered":11,"skipped":0,"pct":100},"statements":{"total":80,"covered":80,"skipped":0,"pct":100},"branches":{"total":15,"covered":14,"skipped":0,"pct":93.33}}
,"/Users/adefisayoadejumo/Desktop/Adejumo_A_K2452505_CI7000_B_SPAN1_24_25 2/backend/src/controllers/commitmentsController.ts": {"lines":{"total":74,"covered":73,"skipped":0,"pct":98.64},"functions":{"total":12,"covered":12,"skipped":0,"pct":100},"statements":{"total":77,"covered":76,"skipped":0,"pct":98.7},"branches":{"total":39,"covered":28,"skipped":0,"pct":71.79}}
,"/Users/adefisayoadejumo/Desktop/Adejumo_A_K2452505_CI7000_B_SPAN1_24_25 2/backend/src/controllers/gamificationController.ts": {"lines":{"total":67,"covered":37,"skipped":0,"pct":55.22},"functions":{"total":10,"covered":5,"skipped":0,"pct":50},"statements":{"total":67,"covered":37,"skipped":0,"pct":55.22},"branches":{"total":17,"covered":8,"skipped":0,"pct":47.05}}
,"/Users/adefisayoadejumo/Desktop/Adejumo_A_K2452505_CI7000_B_SPAN1_24_25 2/backend/src/controllers/goalsController.ts": {"lines":{"total":57,"covered":57,"skipped":0,"pct":100},"functions":{"total":8,"covered":8,"skipped":0,"pct":100},"statements":{"total":58,"covered":58,"skipped":0,"pct":100},"branches":{"total":32,"covered":28,"skipped":0,"pct":87.5}}
,"/Users/adefisayoadejumo/Desktop/Adejumo_A_K2452505_CI7000_B_SPAN1_24_25 2/backend/src/controllers/habitsController.ts": {"lines":{"total":12,"covered":12,"skipped":0,"pct":100},"functions":{"total":2,"covered":2,"skipped":0,"pct":100},"statements":{"total":12,"covered":12,"skipped":0,"pct":100},"branches":{"total":2,"covered":2,"skipped":0,"pct":100}}
,"/Users/adefisayoadejumo/Desktop/Adejumo_A_K2452505_CI7000_B_SPAN1_24_25 2/backend/src/controllers/milestonesController.ts": {"lines":{"total":11,"covered":11,"skipped":0,"pct":100},"functions":{"total":2,"covered":2,"skipped":0,"pct":100},"statements":{"total":11,"covered":11,"skipped":0,"pct":100},"branches":{"total":0,"covered":0,"skipped":0,"pct":100}}
,"/Users/adefisayoadejumo/Desktop/Adejumo_A_K2452505_CI7000_B_SPAN1_24_25 2/backend/src/controllers/notificationController.ts": {"lines":{"total":27,"covered":27,"skipped":0,"pct":100},"functions":{"total":5,"covered":5,"skipped":0,"pct":100},"statements":{"total":27,"covered":27,"skipped":0,"pct":100},"branches":{"total":4,"covered":4,"skipped":0,"pct":100}}
,"/Users/adefisayoadejumo/Desktop/Adejumo_A_K2452505_CI7000_B_SPAN1_24_25 2/backend/src/controllers/parentReportsController.ts": {"lines":{"total":107,"covered":49,"skipped":0,"pct":45.79},"functions":{"total":19,"covered":10,"skipped":0,"pct":52.63},"statements":{"total":111,"covered":52,"skipped":0,"pct":46.84},"branches":{"total":77,"covered":18,"skipped":0,"pct":23.37}}
,"/Users/adefisayoadejumo/Desktop/Adejumo_A_K2452505_CI7000_B_SPAN1_24_25 2/backend/src/controllers/preferencesController.ts": {"lines":{"total":15,"covered":15,"skipped":0,"pct":100},"functions":{"total":3,"covered":3,"skipped":0,"pct":100},"statements":{"total":15,"covered":15,"skipped":0,"pct":100},"branches":{"total":0,"covered":0,"skipped":0,"pct":100}}
,"/Users/adefisayoadejumo/Desktop/Adejumo_A_K2452505_CI7000_B_SPAN1_24_25 2/backend/src/controllers/reflectionsController.ts": {"lines":{"total":47,"covered":46,"skipped":0,"pct":97.87},"functions":{"total":8,"covered":8,"skipped":0,"pct":100},"statements":{"total":51,"covered":50,"skipped":0,"pct":98.03},"branches":{"total":27,"covered":22,"skipped":0,"pct":81.48}}
,"/Users/adefisayoadejumo/Desktop/Adejumo_A_K2452505_CI7000_B_SPAN1_24_25 2/backend/src/controllers/sessionsController.ts": {"lines":{"total":358,"covered":119,"skipped":0,"pct":33.24},"functions":{"total":20,"covered":8,"skipped":0,"pct":40},"statements":{"total":360,"covered":120,"skipped":0,"pct":33.33},"branches":{"total":238,"covered":51,"skipped":0,"pct":21.42}}
,"/Users/adefisayoadejumo/Desktop/Adejumo_A_K2452505_CI7000_B_SPAN1_24_25 2/backend/src/controllers/tutorAssessmentsController.ts": {"lines":{"total":33,"covered":32,"skipped":0,"pct":96.96},"functions":{"total":5,"covered":5,"skipped":0,"pct":100},"statements":{"total":33,"covered":32,"skipped":0,"pct":96.96},"branches":{"total":16,"covered":13,"skipped":0,"pct":81.25}}
,"/Users/adefisayoadejumo/Desktop/Adejumo_A_K2452505_CI7000_B_SPAN1_24_25 2/backend/src/controllers/tutorAvailabilityController.ts": {"lines":{"total":66,"covered":32,"skipped":0,"pct":48.48},"functions":{"total":7,"covered":5,"skipped":0,"pct":71.42},"statements":{"total":66,"covered":32,"skipped":0,"pct":48.48},"branches":{"total":63,"covered":22,"skipped":0,"pct":34.92}}
,"/Users/adefisayoadejumo/Desktop/Adejumo_A_K2452505_CI7000_B_SPAN1_24_25 2/backend/src/controllers/tutorCommitmentsController.ts": {"lines":{"total":74,"covered":41,"skipped":0,"pct":55.4},"functions":{"total":8,"covered":3,"skipped":0,"pct":37.5},"statements":{"total":77,"covered":42,"skipped":0,"pct":54.54},"branches":{"total":41,"covered":17,"skipped":0,"pct":41.46}}
,"/Users/adefisayoadejumo/Desktop/Adejumo_A_K2452505_CI7000_B_SPAN1_24_25 2/backend/src/controllers/tutorGoalsController.ts": {"lines":{"total":81,"covered":40,"skipped":0,"pct":49.38},"functions":{"total":7,"covered":3,"skipped":0,"pct":42.85},"statements":{"total":81,"covered":40,"skipped":0,"pct":49.38},"branches":{"total":40,"covered":15,"skipped":0,"pct":37.5}}
,"/Users/adefisayoadejumo/Desktop/Adejumo_A_K2452505_CI7000_B_SPAN1_24_25 2/backend/src/controllers/tutorReflectionsController.ts": {"lines":{"total":56,"covered":39,"skipped":0,"pct":69.64},"functions":{"total":6,"covered":3,"skipped":0,"pct":50},"statements":{"total":58,"covered":40,"skipped":0,"pct":68.96},"branches":{"total":22,"covered":12,"skipped":0,"pct":54.54}}
,"/Users/adefisayoadejumo/Desktop/Adejumo_A_K2452505_CI7000_B_SPAN1_24_25 2/backend/src/controllers/tutorSessionController.ts": {"lines":{"total":192,"covered":80,"skipped":0,"pct":41.66},"functions":{"total":7,"covered":4,"skipped":0,"pct":57.14},"statements":{"total":192,"covered":80,"skipped":0,"pct":41.66},"branches":{"total":103,"covered":27,"skipped":0,"pct":26.21}}
,"/Users/adefisayoadejumo/Desktop/Adejumo_A_K2452505_CI7000_B_SPAN1_24_25 2/backend/src/controllers/tutorStudentsController.ts": {"lines":{"total":236,"covered":190,"skipped":0,"pct":80.5},"functions":{"total":20,"covered":16,"skipped":0,"pct":80},"statements":{"total":243,"covered":195,"skipped":0,"pct":80.24},"branches":{"total":216,"covered":127,"skipped":0,"pct":58.79}}
,"/Users/adefisayoadejumo/Desktop/Adejumo_A_K2452505_CI7000_B_SPAN1_24_25 2/backend/src/controllers/userController.ts": {"lines":{"total":59,"covered":28,"skipped":0,"pct":47.45},"functions":{"total":11,"covered":4,"skipped":0,"pct":36.36},"statements":{"total":59,"covered":28,"skipped":0,"pct":47.45},"branches":{"total":62,"covered":52,"skipped":0,"pct":83.87}}
,"/Users/adefisayoadejumo/Desktop/Adejumo_A_K2452505_CI7000_B_SPAN1_24_25 2/backend/src/middleware/auth.ts": {"lines":{"total":44,"covered":32,"skipped":0,"pct":72.72},"functions":{"total":4,"covered":3,"skipped":0,"pct":75},"statements":{"total":47,"covered":35,"skipped":0,"pct":74.46},"branches":{"total":20,"covered":11,"skipped":0,"pct":55}}
,"/Users/adefisayoadejumo/Desktop/Adejumo_A_K2452505_CI7000_B_SPAN1_24_25 2/backend/src/middleware/errorHandler.ts": {"lines":{"total":57,"covered":46,"skipped":0,"pct":80.7},"functions":{"total":6,"covered":5,"skipped":0,"pct":83.33},"statements":{"total":61,"covered":50,"skipped":0,"pct":81.96},"branches":{"total":32,"covered":24,"skipped":0,"pct":75}}
,"/Users/adefisayoadejumo/Desktop/Adejumo_A_K2452505_CI7000_B_SPAN1_24_25 2/backend/src/middleware/upload.ts": {"lines":{"total":13,"covered":9,"skipped":0,"pct":69.23},"functions":{"total":3,"covered":2,"skipped":0,"pct":66.66},"statements":{"total":15,"covered":11,"skipped":0,"pct":73.33},"branches":{"total":3,"covered":1,"skipped":0,"pct":33.33}}
,"/Users/adefisayoadejumo/Desktop/Adejumo_A_K2452505_CI7000_B_SPAN1_24_25 2/backend/src/models/Badge.ts": {"lines":{"total":10,"covered":8,"skipped":0,"pct":80},"functions":{"total":2,"covered":0,"skipped":0,"pct":0},"statements":{"total":10,"covered":8,"skipped":0,"pct":80},"branches":{"total":0,"covered":0,"skipped":0,"pct":100}}
,"/Users/adefisayoadejumo/Desktop/Adejumo_A_K2452505_CI7000_B_SPAN1_24_25 2/backend/src/models/BehavioralData.ts": {"lines":{"total":23,"covered":11,"skipped":0,"pct":47.82},"functions":{"total":3,"covered":0,"skipped":0,"pct":0},"statements":{"total":25,"covered":11,"skipped":0,"pct":44},"branches":{"total":10,"covered":0,"skipped":0,"pct":0}}
,"/Users/adefisayoadejumo/Desktop/Adejumo_A_K2452505_CI7000_B_SPAN1_24_25 2/backend/src/models/Chat.ts": {"lines":{"total":13,"covered":8,"skipped":0,"pct":61.53},"functions":{"total":2,"covered":0,"skipped":0,"pct":0},"statements":{"total":13,"covered":8,"skipped":0,"pct":61.53},"branches":{"total":2,"covered":0,"skipped":0,"pct":0}}
,"/Users/adefisayoadejumo/Desktop/Adejumo_A_K2452505_CI7000_B_SPAN1_24_25 2/backend/src/models/CustomEvent.ts": {"lines":{"total":16,"covered":9,"skipped":0,"pct":56.25},"functions":{"total":3,"covered":0,"skipped":0,"pct":0},"statements":{"total":16,"covered":9,"skipped":0,"pct":56.25},"branches":{"total":3,"covered":0,"skipped":0,"pct":0}}
,"/Users/adefisayoadejumo/Desktop/Adejumo_A_K2452505_CI7000_B_SPAN1_24_25 2/backend/src/models/Goal.ts": {"lines":{"total":9,"covered":9,"skipped":0,"pct":100},"functions":{"total":0,"covered":0,"skipped":0,"pct":100},"statements":{"total":9,"covered":9,"skipped":0,"pct":100},"branches":{"total":0,"covered":0,"skipped":0,"pct":100}}
,"/Users/adefisayoadejumo/Desktop/Adejumo_A_K2452505_CI7000_B_SPAN1_24_25 2/backend/src/models/Message.ts": {"lines":{"total":15,"covered":11,"skipped":0,"pct":73.33},"functions":{"total":3,"covered":0,"skipped":0,"pct":0},"statements":{"total":15,"covered":11,"skipped":0,"pct":73.33},"branches":{"total":2,"covered":0,"skipped":0,"pct":0}}
,"/Users/adefisayoadejumo/Desktop/Adejumo_A_K2452505_CI7000_B_SPAN1_24_25 2/backend/src/models/Notification.ts": {"lines":{"total":27,"covered":13,"skipped":0,"pct":48.14},"functions":{"total":7,"covered":0,"skipped":0,"pct":0},"statements":{"total":27,"covered":13,"skipped":0,"pct":48.14},"branches":{"total":6,"covered":0,"skipped":0,"pct":0}}
,"/Users/adefisayoadejumo/Desktop/Adejumo_A_K2452505_CI7000_B_SPAN1_24_25 2/backend/src/models/ProgressReport.ts": {"lines":{"total":45,"covered":12,"skipped":0,"pct":26.66},"functions":{"total":6,"covered":0,"skipped":0,"pct":0},"statements":{"total":45,"covered":12,"skipped":0,"pct":26.66},"branches":{"total":19,"covered":0,"skipped":0,"pct":0}}
,"/Users/adefisayoadejumo/Desktop/Adejumo_A_K2452505_CI7000_B_SPAN1_24_25 2/backend/src/models/Quiz.ts": {"lines":{"total":18,"covered":13,"skipped":0,"pct":72.22},"functions":{"total":7,"covered":1,"skipped":0,"pct":14.28},"statements":{"total":19,"covered":13,"skipped":0,"pct":68.42},"branches":{"total":4,"covered":3,"skipped":0,"pct":75}}
,"/Users/adefisayoadejumo/Desktop/Adejumo_A_K2452505_CI7000_B_SPAN1_24_25 2/backend/src/models/QuizAttempt.ts": {"lines":{"total":15,"covered":11,"skipped":0,"pct":73.33},"functions":{"total":3,"covered":0,"skipped":0,"pct":0},"statements":{"total":15,"covered":11,"skipped":0,"pct":73.33},"branches":{"total":2,"covered":0,"skipped":0,"pct":0}}
,"/Users/adefisayoadejumo/Desktop/Adejumo_A_K2452505_CI7000_B_SPAN1_24_25 2/backend/src/models/Recommendation.ts": {"lines":{"total":16,"covered":10,"skipped":0,"pct":62.5},"functions":{"total":3,"covered":0,"skipped":0,"pct":0},"statements":{"total":16,"covered":10,"skipped":0,"pct":62.5},"branches":{"total":1,"covered":0,"skipped":0,"pct":0}}
,"/Users/adefisayoadejumo/Desktop/Adejumo_A_K2452505_CI7000_B_SPAN1_24_25 2/backend/src/models/ReflectionEntry.ts": {"lines":{"total":9,"covered":9,"skipped":0,"pct":100},"functions":{"total":0,"covered":0,"skipped":0,"pct":100},"statements":{"total":9,"covered":9,"skipped":0,"pct":100},"branches":{"total":0,"covered":0,"skipped":0,"pct":100}}
,"/Users/adefisayoadejumo/Desktop/Adejumo_A_K2452505_CI7000_B_SPAN1_24_25 2/backend/src/models/Session.ts": {"lines":{"total":21,"covered":15,"skipped":0,"pct":71.42},"functions":{"total":2,"covered":0,"skipped":0,"pct":0},"statements":{"total":21,"covered":15,"skipped":0,"pct":71.42},"branches":{"total":4,"covered":0,"skipped":0,"pct":0}}
,"/Users/adefisayoadejumo/Desktop/Adejumo_A_K2452505_CI7000_B_SPAN1_24_25 2/backend/src/models/StudyReminder.ts": {"lines":{"total":43,"covered":12,"skipped":0,"pct":27.9},"functions":{"total":8,"covered":0,"skipped":0,"pct":0},"statements":{"total":45,"covered":12,"skipped":0,"pct":26.66},"branches":{"total":16,"covered":0,"skipped":0,"pct":0}}
,"/Users/adefisayoadejumo/Desktop/Adejumo_A_K2452505_CI7000_B_SPAN1_24_25 2/backend/src/models/TutorAvailability.ts": {"lines":{"total":9,"covered":7,"skipped":0,"pct":77.77},"functions":{"total":2,"covered":0,"skipped":0,"pct":0},"statements":{"total":9,"covered":7,"skipped":0,"pct":77.77},"branches":{"total":0,"covered":0,"skipped":0,"pct":100}}
,"/Users/adefisayoadejumo/Desktop/Adejumo_A_K2452505_CI7000_B_SPAN1_24_25 2/backend/src/models/User.ts": {"lines":{"total":44,"covered":35,"skipped":0,"pct":79.54},"functions":{"total":6,"covered":2,"skipped":0,"pct":33.33},"statements":{"total":45,"covered":35,"skipped":0,"pct":77.77},"branches":{"total":8,"covered":6,"skipped":0,"pct":75}}
,"/Users/adefisayoadejumo/Desktop/Adejumo_A_K2452505_CI7000_B_SPAN1_24_25 2/backend/src/models/UserBadge.ts": {"lines":{"total":13,"covered":10,"skipped":0,"pct":76.92},"functions":{"total":3,"covered":0,"skipped":0,"pct":0},"statements":{"total":13,"covered":10,"skipped":0,"pct":76.92},"branches":{"total":1,"covered":0,"skipped":0,"pct":0}}
,"/Users/adefisayoadejumo/Desktop/Adejumo_A_K2452505_CI7000_B_SPAN1_24_25 2/backend/src/models/UserPreferences.ts": {"lines":{"total":3,"covered":3,"skipped":0,"pct":100},"functions":{"total":0,"covered":0,"skipped":0,"pct":100},"statements":{"total":3,"covered":3,"skipped":0,"pct":100},"branches":{"total":0,"covered":0,"skipped":0,"pct":100}}
,"/Users/adefisayoadejumo/Desktop/Adejumo_A_K2452505_CI7000_B_SPAN1_24_25 2/backend/src/models/UserProgress.ts": {"lines":{"total":18,"covered":13,"skipped":0,"pct":72.22},"functions":{"total":3,"covered":1,"skipped":0,"pct":33.33},"statements":{"total":18,"covered":13,"skipped":0,"pct":72.22},"branches":{"total":1,"covered":0,"skipped":0,"pct":0}}
,"/Users/adefisayoadejumo/Desktop/Adejumo_A_K2452505_CI7000_B_SPAN1_24_25 2/backend/src/models/WeeklyAssessment.ts": {"lines":{"total":10,"covered":10,"skipped":0,"pct":100},"functions":{"total":0,"covered":0,"skipped":0,"pct":100},"statements":{"total":10,"covered":10,"skipped":0,"pct":100},"branches":{"total":0,"covered":0,"skipped":0,"pct":100}}
,"/Users/adefisayoadejumo/Desktop/Adejumo_A_K2452505_CI7000_B_SPAN1_24_25 2/backend/src/models/WeeklyCommitment.ts": {"lines":{"total":10,"covered":9,"skipped":0,"pct":90},"functions":{"total":1,"covered":0,"skipped":0,"pct":0},"statements":{"total":10,"covered":9,"skipped":0,"pct":90},"branches":{"total":2,"covered":0,"skipped":0,"pct":0}}
,"/Users/adefisayoadejumo/Desktop/Adejumo_A_K2452505_CI7000_B_SPAN1_24_25 2/backend/src/models/index.ts": {"lines":{"total":21,"covered":21,"skipped":0,"pct":100},"functions":{"total":21,"covered":3,"skipped":0,"pct":14.28},"statements":{"total":42,"covered":42,"skipped":0,"pct":100},"branches":{"total":0,"covered":0,"skipped":0,"pct":100}}
,"/Users/adefisayoadejumo/Desktop/Adejumo_A_K2452505_CI7000_B_SPAN1_24_25 2/backend/src/repositories/BadgeRepository.ts": {"lines":{"total":6,"covered":5,"skipped":0,"pct":83.33},"functions":{"total":2,"covered":1,"skipped":0,"pct":50},"statements":{"total":6,"covered":5,"skipped":0,"pct":83.33},"branches":{"total":0,"covered":0,"skipped":0,"pct":100}}
,"/Users/adefisayoadejumo/Desktop/Adejumo_A_K2452505_CI7000_B_SPAN1_24_25 2/backend/src/repositories/BaseRepository.ts": {"lines":{"total":26,"covered":26,"skipped":0,"pct":100},"functions":{"total":19,"covered":19,"skipped":0,"pct":100},"statements":{"total":26,"covered":26,"skipped":0,"pct":100},"branches":{"total":10,"covered":9,"skipped":0,"pct":90}}
,"/Users/adefisayoadejumo/Desktop/Adejumo_A_K2452505_CI7000_B_SPAN1_24_25 2/backend/src/repositories/BehavioralDataRepository.ts": {"lines":{"total":7,"covered":6,"skipped":0,"pct":85.71},"functions":{"total":2,"covered":1,"skipped":0,"pct":50},"statements":{"total":7,"covered":6,"skipped":0,"pct":85.71},"branches":{"total":0,"covered":0,"skipped":0,"pct":100}}
,"/Users/adefisayoadejumo/Desktop/Adejumo_A_K2452505_CI7000_B_SPAN1_24_25 2/backend/src/repositories/ChatRepository.ts": {"lines":{"total":22,"covered":18,"skipped":0,"pct":81.81},"functions":{"total":6,"covered":4,"skipped":0,"pct":66.66},"statements":{"total":22,"covered":18,"skipped":0,"pct":81.81},"branches":{"total":8,"covered":6,"skipped":0,"pct":75}}
,"/Users/adefisayoadejumo/Desktop/Adejumo_A_K2452505_CI7000_B_SPAN1_24_25 2/backend/src/repositories/CustomEventRepository.ts": {"lines":{"total":12,"covered":6,"skipped":0,"pct":50},"functions":{"total":5,"covered":1,"skipped":0,"pct":20},"statements":{"total":13,"covered":6,"skipped":0,"pct":46.15},"branches":{"total":2,"covered":0,"skipped":0,"pct":0}}
,"/Users/adefisayoadejumo/Desktop/Adejumo_A_K2452505_CI7000_B_SPAN1_24_25 2/backend/src/repositories/GoalRepository.ts": {"lines":{"total":24,"covered":24,"skipped":0,"pct":100},"functions":{"total":5,"covered":5,"skipped":0,"pct":100},"statements":{"total":25,"covered":25,"skipped":0,"pct":100},"branches":{"total":13,"covered":10,"skipped":0,"pct":76.92}}
,"/Users/adefisayoadejumo/Desktop/Adejumo_A_K2452505_CI7000_B_SPAN1_24_25 2/backend/src/repositories/MessageRepository.ts": {"lines":{"total":16,"covered":6,"skipped":0,"pct":37.5},"functions":{"total":8,"covered":1,"skipped":0,"pct":12.5},"statements":{"total":17,"covered":6,"skipped":0,"pct":35.29},"branches":{"total":0,"covered":0,"skipped":0,"pct":100}}
,"/Users/adefisayoadejumo/Desktop/Adejumo_A_K2452505_CI7000_B_SPAN1_24_25 2/backend/src/repositories/NotificationRepository.ts": {"lines":{"total":22,"covered":18,"skipped":0,"pct":81.81},"functions":{"total":7,"covered":6,"skipped":0,"pct":85.71},"statements":{"total":22,"covered":18,"skipped":0,"pct":81.81},"branches":{"total":10,"covered":7,"skipped":0,"pct":70}}
,"/Users/adefisayoadejumo/Desktop/Adejumo_A_K2452505_CI7000_B_SPAN1_24_25 2/backend/src/repositories/ProgressReportRepository.ts": {"lines":{"total":9,"covered":9,"skipped":0,"pct":100},"functions":{"total":2,"covered":2,"skipped":0,"pct":100},"statements":{"total":10,"covered":10,"skipped":0,"pct":100},"branches":{"total":2,"covered":2,"skipped":0,"pct":100}}
,"/Users/adefisayoadejumo/Desktop/Adejumo_A_K2452505_CI7000_B_SPAN1_24_25 2/backend/src/repositories/QuizAttemptRepository.ts": {"lines":{"total":7,"covered":6,"skipped":0,"pct":85.71},"functions":{"total":2,"covered":1,"skipped":0,"pct":50},"statements":{"total":7,"covered":6,"skipped":0,"pct":85.71},"branches":{"total":0,"covered":0,"skipped":0,"pct":100}}
,"/Users/adefisayoadejumo/Desktop/Adejumo_A_K2452505_CI7000_B_SPAN1_24_25 2/backend/src/repositories/QuizRepository.ts": {"lines":{"total":7,"covered":7,"skipped":0,"pct":100},"functions":{"total":3,"covered":3,"skipped":0,"pct":100},"statements":{"total":7,"covered":7,"skipped":0,"pct":100},"branches":{"total":1,"covered":1,"skipped":0,"pct":100}}
,"/Users/adefisayoadejumo/Desktop/Adejumo_A_K2452505_CI7000_B_SPAN1_24_25 2/backend/src/repositories/RecommendationRepository.ts": {"lines":{"total":11,"covered":11,"skipped":0,"pct":100},"functions":{"total":4,"covered":4,"skipped":0,"pct":100},"statements":{"total":12,"covered":12,"skipped":0,"pct":100},"branches":{"total":2,"covered":2,"skipped":0,"pct":100}}
,"/Users/adefisayoadejumo/Desktop/Adejumo_A_K2452505_CI7000_B_SPAN1_24_25 2/backend/src/repositories/ReflectionEntryRepository.ts": {"lines":{"total":39,"covered":29,"skipped":0,"pct":74.35},"functions":{"total":8,"covered":6,"skipped":0,"pct":75},"statements":{"total":41,"covered":29,"skipped":0,"pct":70.73},"branches":{"total":6,"covered":3,"skipped":0,"pct":50}}
,"/Users/adefisayoadejumo/Desktop/Adejumo_A_K2452505_CI7000_B_SPAN1_24_25 2/backend/src/repositories/SessionRepository.ts": {"lines":{"total":9,"covered":9,"skipped":0,"pct":100},"functions":{"total":4,"covered":4,"skipped":0,"pct":100},"statements":{"total":9,"covered":9,"skipped":0,"pct":100},"branches":{"total":0,"covered":0,"skipped":0,"pct":100}}
,"/Users/adefisayoadejumo/Desktop/Adejumo_A_K2452505_CI7000_B_SPAN1_24_25 2/backend/src/repositories/TutorAvailabilityRepository.ts": {"lines":{"total":18,"covered":6,"skipped":0,"pct":33.33},"functions":{"total":5,"covered":1,"skipped":0,"pct":20},"statements":{"total":18,"covered":6,"skipped":0,"pct":33.33},"branches":{"total":6,"covered":0,"skipped":0,"pct":0}}
,"/Users/adefisayoadejumo/Desktop/Adejumo_A_K2452505_CI7000_B_SPAN1_24_25 2/backend/src/repositories/UserBadgeRepository.ts": {"lines":{"total":7,"covered":6,"skipped":0,"pct":85.71},"functions":{"total":2,"covered":1,"skipped":0,"pct":50},"statements":{"total":7,"covered":6,"skipped":0,"pct":85.71},"branches":{"total":0,"covered":0,"skipped":0,"pct":100}}
,"/Users/adefisayoadejumo/Desktop/Adejumo_A_K2452505_CI7000_B_SPAN1_24_25 2/backend/src/repositories/UserPreferencesRepository.ts": {"lines":{"total":8,"covered":8,"skipped":0,"pct":100},"functions":{"total":4,"covered":4,"skipped":0,"pct":100},"statements":{"total":8,"covered":8,"skipped":0,"pct":100},"branches":{"total":0,"covered":0,"skipped":0,"pct":100}}
,"/Users/adefisayoadejumo/Desktop/Adejumo_A_K2452505_CI7000_B_SPAN1_24_25 2/backend/src/repositories/UserProgressRepository.ts": {"lines":{"total":8,"covered":8,"skipped":0,"pct":100},"functions":{"total":3,"covered":3,"skipped":0,"pct":100},"statements":{"total":8,"covered":8,"skipped":0,"pct":100},"branches":{"total":0,"covered":0,"skipped":0,"pct":100}}
,"/Users/adefisayoadejumo/Desktop/Adejumo_A_K2452505_CI7000_B_SPAN1_24_25 2/backend/src/repositories/UserRepository.ts": {"lines":{"total":65,"covered":38,"skipped":0,"pct":58.46},"functions":{"total":13,"covered":13,"skipped":0,"pct":100},"statements":{"total":65,"covered":38,"skipped":0,"pct":58.46},"branches":{"total":43,"covered":11,"skipped":0,"pct":25.58}}
,"/Users/adefisayoadejumo/Desktop/Adejumo_A_K2452505_CI7000_B_SPAN1_24_25 2/backend/src/repositories/WeeklyAssessmentRepository.ts": {"lines":{"total":26,"covered":5,"skipped":0,"pct":19.23},"functions":{"total":8,"covered":1,"skipped":0,"pct":12.5},"statements":{"total":27,"covered":5,"skipped":0,"pct":18.51},"branches":{"total":8,"covered":0,"skipped":0,"pct":0}}
,"/Users/adefisayoadejumo/Desktop/Adejumo_A_K2452505_CI7000_B_SPAN1_24_25 2/backend/src/repositories/WeeklyCommitmentRepository.ts": {"lines":{"total":32,"covered":27,"skipped":0,"pct":84.37},"functions":{"total":7,"covered":6,"skipped":0,"pct":85.71},"statements":{"total":33,"covered":28,"skipped":0,"pct":84.84},"branches":{"total":10,"covered":9,"skipped":0,"pct":90}}
,"/Users/adefisayoadejumo/Desktop/Adejumo_A_K2452505_CI7000_B_SPAN1_24_25 2/backend/src/repositories/index.ts": {"lines":{"total":3,"covered":0,"skipped":0,"pct":0},"functions":{"total":3,"covered":0,"skipped":0,"pct":0},"statements":{"total":6,"covered":0,"skipped":0,"pct":0},"branches":{"total":0,"covered":0,"skipped":0,"pct":100}}
,"/Users/adefisayoadejumo/Desktop/Adejumo_A_K2452505_CI7000_B_SPAN1_24_25 2/backend/src/routes/admin.ts": {"lines":{"total":19,"covered":19,"skipped":0,"pct":100},"functions":{"total":0,"covered":0,"skipped":0,"pct":100},"statements":{"total":19,"covered":19,"skipped":0,"pct":100},"branches":{"total":0,"covered":0,"skipped":0,"pct":100}}
,"/Users/adefisayoadejumo/Desktop/Adejumo_A_K2452505_CI7000_B_SPAN1_24_25 2/backend/src/routes/assessments.ts": {"lines":{"total":11,"covered":11,"skipped":0,"pct":100},"functions":{"total":0,"covered":0,"skipped":0,"pct":100},"statements":{"total":11,"covered":11,"skipped":0,"pct":100},"branches":{"total":0,"covered":0,"skipped":0,"pct":100}}
,"/Users/adefisayoadejumo/Desktop/Adejumo_A_K2452505_CI7000_B_SPAN1_24_25 2/backend/src/routes/auth.ts": {"lines":{"total":16,"covered":16,"skipped":0,"pct":100},"functions":{"total":0,"covered":0,"skipped":0,"pct":100},"statements":{"total":16,"covered":16,"skipped":0,"pct":100},"branches":{"total":0,"covered":0,"skipped":0,"pct":100}}
,"/Users/adefisayoadejumo/Desktop/Adejumo_A_K2452505_CI7000_B_SPAN1_24_25 2/backend/src/routes/behavioral.ts": {"lines":{"total":28,"covered":28,"skipped":0,"pct":100},"functions":{"total":0,"covered":0,"skipped":0,"pct":100},"statements":{"total":28,"covered":28,"skipped":0,"pct":100},"branches":{"total":0,"covered":0,"skipped":0,"pct":100}}
,"/Users/adefisayoadejumo/Desktop/Adejumo_A_K2452505_CI7000_B_SPAN1_24_25 2/backend/src/routes/chat.ts": {"lines":{"total":19,"covered":19,"skipped":0,"pct":100},"functions":{"total":0,"covered":0,"skipped":0,"pct":100},"statements":{"total":19,"covered":19,"skipped":0,"pct":100},"branches":{"total":0,"covered":0,"skipped":0,"pct":100}}
,"/Users/adefisayoadejumo/Desktop/Adejumo_A_K2452505_CI7000_B_SPAN1_24_25 2/backend/src/routes/commitments.ts": {"lines":{"total":13,"covered":13,"skipped":0,"pct":100},"functions":{"total":0,"covered":0,"skipped":0,"pct":100},"statements":{"total":13,"covered":13,"skipped":0,"pct":100},"branches":{"total":0,"covered":0,"skipped":0,"pct":100}}
,"/Users/adefisayoadejumo/Desktop/Adejumo_A_K2452505_CI7000_B_SPAN1_24_25 2/backend/src/routes/gamification.ts": {"lines":{"total":19,"covered":19,"skipped":0,"pct":100},"functions":{"total":0,"covered":0,"skipped":0,"pct":100},"statements":{"total":19,"covered":19,"skipped":0,"pct":100},"branches":{"total":0,"covered":0,"skipped":0,"pct":100}}
,"/Users/adefisayoadejumo/Desktop/Adejumo_A_K2452505_CI7000_B_SPAN1_24_25 2/backend/src/routes/goals.ts": {"lines":{"total":13,"covered":13,"skipped":0,"pct":100},"functions":{"total":0,"covered":0,"skipped":0,"pct":100},"statements":{"total":13,"covered":13,"skipped":0,"pct":100},"branches":{"total":0,"covered":0,"skipped":0,"pct":100}}
,"/Users/adefisayoadejumo/Desktop/Adejumo_A_K2452505_CI7000_B_SPAN1_24_25 2/backend/src/routes/habits.ts": {"lines":{"total":8,"covered":8,"skipped":0,"pct":100},"functions":{"total":0,"covered":0,"skipped":0,"pct":100},"statements":{"total":8,"covered":8,"skipped":0,"pct":100},"branches":{"total":0,"covered":0,"skipped":0,"pct":100}}
,"/Users/adefisayoadejumo/Desktop/Adejumo_A_K2452505_CI7000_B_SPAN1_24_25 2/backend/src/routes/milestones.ts": {"lines":{"total":8,"covered":8,"skipped":0,"pct":100},"functions":{"total":0,"covered":0,"skipped":0,"pct":100},"statements":{"total":8,"covered":8,"skipped":0,"pct":100},"branches":{"total":0,"covered":0,"skipped":0,"pct":100}}
,"/Users/adefisayoadejumo/Desktop/Adejumo_A_K2452505_CI7000_B_SPAN1_24_25 2/backend/src/routes/notifications.ts": {"lines":{"total":13,"covered":13,"skipped":0,"pct":100},"functions":{"total":0,"covered":0,"skipped":0,"pct":100},"statements":{"total":13,"covered":13,"skipped":0,"pct":100},"branches":{"total":0,"covered":0,"skipped":0,"pct":100}}
,"/Users/adefisayoadejumo/Desktop/Adejumo_A_K2452505_CI7000_B_SPAN1_24_25 2/backend/src/routes/parentReports.ts": {"lines":{"total":25,"covered":17,"skipped":0,"pct":68},"functions":{"total":1,"covered":0,"skipped":0,"pct":0},"statements":{"total":25,"covered":17,"skipped":0,"pct":68},"branches":{"total":4,"covered":0,"skipped":0,"pct":0}}
,"/Users/adefisayoadejumo/Desktop/Adejumo_A_K2452505_CI7000_B_SPAN1_24_25 2/backend/src/routes/preferences.ts": {"lines":{"total":11,"covered":11,"skipped":0,"pct":100},"functions":{"total":0,"covered":0,"skipped":0,"pct":100},"statements":{"total":11,"covered":11,"skipped":0,"pct":100},"branches":{"total":0,"covered":0,"skipped":0,"pct":100}}
,"/Users/adefisayoadejumo/Desktop/Adejumo_A_K2452505_CI7000_B_SPAN1_24_25 2/backend/src/routes/reflections.ts": {"lines":{"total":12,"covered":12,"skipped":0,"pct":100},"functions":{"total":0,"covered":0,"skipped":0,"pct":100},"statements":{"total":12,"covered":12,"skipped":0,"pct":100},"branches":{"total":0,"covered":0,"skipped":0,"pct":100}}
,"/Users/adefisayoadejumo/Desktop/Adejumo_A_K2452505_CI7000_B_SPAN1_24_25 2/backend/src/routes/sessions.ts": {"lines":{"total":30,"covered":30,"skipped":0,"pct":100},"functions":{"total":0,"covered":0,"skipped":0,"pct":100},"statements":{"total":30,"covered":30,"skipped":0,"pct":100},"branches":{"total":0,"covered":0,"skipped":0,"pct":100}}
,"/Users/adefisayoadejumo/Desktop/Adejumo_A_K2452505_CI7000_B_SPAN1_24_25 2/backend/src/routes/tutor.ts": {"lines":{"total":31,"covered":31,"skipped":0,"pct":100},"functions":{"total":0,"covered":0,"skipped":0,"pct":100},"statements":{"total":31,"covered":31,"skipped":0,"pct":100},"branches":{"total":0,"covered":0,"skipped":0,"pct":100}}
,"/Users/adefisayoadejumo/Desktop/Adejumo_A_K2452505_CI7000_B_SPAN1_24_25 2/backend/src/routes/users.ts": {"lines":{"total":22,"covered":22,"skipped":0,"pct":100},"functions":{"total":0,"covered":0,"skipped":0,"pct":100},"statements":{"total":22,"covered":22,"skipped":0,"pct":100},"branches":{"total":0,"covered":0,"skipped":0,"pct":100}}
,"/Users/adefisayoadejumo/Desktop/Adejumo_A_K2452505_CI7000_B_SPAN1_24_25 2/backend/src/services/adminService.ts": {"lines":{"total":91,"covered":26,"skipped":0,"pct":28.57},"functions":{"total":11,"covered":4,"skipped":0,"pct":36.36},"statements":{"total":91,"covered":26,"skipped":0,"pct":28.57},"branches":{"total":88,"covered":25,"skipped":0,"pct":28.4}}
,"/Users/adefisayoadejumo/Desktop/Adejumo_A_K2452505_CI7000_B_SPAN1_24_25 2/backend/src/services/assessmentService.ts": {"lines":{"total":28,"covered":28,"skipped":0,"pct":100},"functions":{"total":5,"covered":5,"skipped":0,"pct":100},"statements":{"total":28,"covered":28,"skipped":0,"pct":100},"branches":{"total":20,"covered":19,"skipped":0,"pct":95}}
,"/Users/adefisayoadejumo/Desktop/Adejumo_A_K2452505_CI7000_B_SPAN1_24_25 2/backend/src/services/authService.ts": {"lines":{"total":194,"covered":158,"skipped":0,"pct":81.44},"functions":{"total":13,"covered":13,"skipped":0,"pct":100},"statements":{"total":194,"covered":158,"skipped":0,"pct":81.44},"branches":{"total":132,"covered":95,"skipped":0,"pct":71.96}}
,"/Users/adefisayoadejumo/Desktop/Adejumo_A_K2452505_CI7000_B_SPAN1_24_25 2/backend/src/services/behavioralService.ts": {"lines":{"total":93,"covered":25,"skipped":0,"pct":26.88},"functions":{"total":25,"covered":7,"skipped":0,"pct":28},"statements":{"total":94,"covered":25,"skipped":0,"pct":26.59},"branches":{"total":67,"covered":11,"skipped":0,"pct":16.41}}
,"/Users/adefisayoadejumo/Desktop/Adejumo_A_K2452505_CI7000_B_SPAN1_24_25 2/backend/src/services/chatService.ts": {"lines":{"total":260,"covered":89,"skipped":0,"pct":34.23},"functions":{"total":36,"covered":11,"skipped":0,"pct":30.55},"statements":{"total":277,"covered":93,"skipped":0,"pct":33.57},"branches":{"total":316,"covered":83,"skipped":0,"pct":26.26}}
,"/Users/adefisayoadejumo/Desktop/Adejumo_A_K2452505_CI7000_B_SPAN1_24_25 2/backend/src/services/emailService.ts": {"lines":{"total":86,"covered":31,"skipped":0,"pct":36.04},"functions":{"total":26,"covered":4,"skipped":0,"pct":15.38},"statements":{"total":95,"covered":40,"skipped":0,"pct":42.1},"branches":{"total":46,"covered":7,"skipped":0,"pct":15.21}}
,"/Users/adefisayoadejumo/Desktop/Adejumo_A_K2452505_CI7000_B_SPAN1_24_25 2/backend/src/services/gamificationService.ts": {"lines":{"total":209,"covered":84,"skipped":0,"pct":40.19},"functions":{"total":36,"covered":13,"skipped":0,"pct":36.11},"statements":{"total":237,"covered":89,"skipped":0,"pct":37.55},"branches":{"total":190,"covered":34,"skipped":0,"pct":17.89}}
,"/Users/adefisayoadejumo/Desktop/Adejumo_A_K2452505_CI7000_B_SPAN1_24_25 2/backend/src/services/geminiService.ts": {"lines":{"total":101,"covered":70,"skipped":0,"pct":69.3},"functions":{"total":7,"covered":6,"skipped":0,"pct":85.71},"statements":{"total":103,"covered":71,"skipped":0,"pct":68.93},"branches":{"total":70,"covered":38,"skipped":0,"pct":54.28}}
,"/Users/adefisayoadejumo/Desktop/Adejumo_A_K2452505_CI7000_B_SPAN1_24_25 2/backend/src/services/habitsService.ts": {"lines":{"total":50,"covered":50,"skipped":0,"pct":100},"functions":{"total":5,"covered":5,"skipped":0,"pct":100},"statements":{"total":55,"covered":55,"skipped":0,"pct":100},"branches":{"total":17,"covered":17,"skipped":0,"pct":100}}
,"/Users/adefisayoadejumo/Desktop/Adejumo_A_K2452505_CI7000_B_SPAN1_24_25 2/backend/src/services/milestoneService.ts": {"lines":{"total":68,"covered":67,"skipped":0,"pct":98.52},"functions":{"total":9,"covered":8,"skipped":0,"pct":88.88},"statements":{"total":68,"covered":67,"skipped":0,"pct":98.52},"branches":{"total":36,"covered":29,"skipped":0,"pct":80.55}}
,"/Users/adefisayoadejumo/Desktop/Adejumo_A_K2452505_CI7000_B_SPAN1_24_25 2/backend/src/services/notificationService.ts": {"lines":{"total":43,"covered":41,"skipped":0,"pct":95.34},"functions":{"total":18,"covered":18,"skipped":0,"pct":100},"statements":{"total":45,"covered":43,"skipped":0,"pct":95.55},"branches":{"total":23,"covered":20,"skipped":0,"pct":86.95}}
,"/Users/adefisayoadejumo/Desktop/Adejumo_A_K2452505_CI7000_B_SPAN1_24_25 2/backend/src/services/parentEmailScheduler.ts": {"lines":{"total":78,"covered":60,"skipped":0,"pct":76.92},"functions":{"total":10,"covered":4,"skipped":0,"pct":40},"statements":{"total":80,"covered":60,"skipped":0,"pct":75},"branches":{"total":43,"covered":17,"skipped":0,"pct":39.53}}
,"/Users/adefisayoadejumo/Desktop/Adejumo_A_K2452505_CI7000_B_SPAN1_24_25 2/backend/src/services/preferencesService.ts": {"lines":{"total":19,"covered":19,"skipped":0,"pct":100},"functions":{"total":3,"covered":3,"skipped":0,"pct":100},"statements":{"total":19,"covered":19,"skipped":0,"pct":100},"branches":{"total":26,"covered":24,"skipped":0,"pct":92.3}}
,"/Users/adefisayoadejumo/Desktop/Adejumo_A_K2452505_CI7000_B_SPAN1_24_25 2/backend/src/services/userService.ts": {"lines":{"total":121,"covered":59,"skipped":0,"pct":48.76},"functions":{"total":15,"covered":7,"skipped":0,"pct":46.66},"statements":{"total":137,"covered":71,"skipped":0,"pct":51.82},"branches":{"total":128,"covered":42,"skipped":0,"pct":32.81}}
,"/Users/adefisayoadejumo/Desktop/Adejumo_A_K2452505_CI7000_B_SPAN1_24_25 2/backend/src/shared/config/cloudinary.ts": {"lines":{"total":4,"covered":0,"skipped":0,"pct":0},"functions":{"total":0,"covered":0,"skipped":0,"pct":100},"statements":{"total":4,"covered":0,"skipped":0,"pct":0},"branches":{"total":0,"covered":0,"skipped":0,"pct":100}}
,"/Users/adefisayoadejumo/Desktop/Adejumo_A_K2452505_CI7000_B_SPAN1_24_25 2/backend/src/shared/config/database.ts": {"lines":{"total":23,"covered":0,"skipped":0,"pct":0},"functions":{"total":8,"covered":0,"skipped":0,"pct":0},"statements":{"total":23,"covered":0,"skipped":0,"pct":0},"branches":{"total":2,"covered":0,"skipped":0,"pct":0}}
,"/Users/adefisayoadejumo/Desktop/Adejumo_A_K2452505_CI7000_B_SPAN1_24_25 2/backend/src/shared/config/index.ts": {"lines":{"total":4,"covered":0,"skipped":0,"pct":0},"functions":{"total":0,"covered":0,"skipped":0,"pct":100},"statements":{"total":4,"covered":0,"skipped":0,"pct":0},"branches":{"total":48,"covered":0,"skipped":0,"pct":0}}
,"/Users/adefisayoadejumo/Desktop/Adejumo_A_K2452505_CI7000_B_SPAN1_24_25 2/backend/src/shared/errors/AppError.ts": {"lines":{"total":16,"covered":14,"skipped":0,"pct":87.5},"functions":{"total":8,"covered":6,"skipped":0,"pct":75},"statements":{"total":16,"covered":14,"skipped":0,"pct":87.5},"branches":{"total":7,"covered":1,"skipped":0,"pct":14.28}}
,"/Users/adefisayoadejumo/Desktop/Adejumo_A_K2452505_CI7000_B_SPAN1_24_25 2/backend/src/shared/middleware/auth.ts": {"lines":{"total":39,"covered":0,"skipped":0,"pct":0},"functions":{"total":4,"covered":0,"skipped":0,"pct":0},"statements":{"total":42,"covered":0,"skipped":0,"pct":0},"branches":{"total":24,"covered":0,"skipped":0,"pct":0}}
,"/Users/adefisayoadejumo/Desktop/Adejumo_A_K2452505_CI7000_B_SPAN1_24_25 2/backend/src/shared/middleware/upload.ts": {"lines":{"total":13,"covered":0,"skipped":0,"pct":0},"functions":{"total":3,"covered":0,"skipped":0,"pct":0},"statements":{"total":15,"covered":0,"skipped":0,"pct":0},"branches":{"total":3,"covered":0,"skipped":0,"pct":0}}
,"/Users/adefisayoadejumo/Desktop/Adejumo_A_K2452505_CI7000_B_SPAN1_24_25 2/backend/src/shared/types/index.ts": {"lines":{"total":62,"covered":0,"skipped":0,"pct":0},"functions":{"total":13,"covered":0,"skipped":0,"pct":0},"statements":{"total":62,"covered":0,"skipped":0,"pct":0},"branches":{"total":26,"covered":0,"skipped":0,"pct":0}}
,"/Users/adefisayoadejumo/Desktop/Adejumo_A_K2452505_CI7000_B_SPAN1_24_25 2/backend/src/shared/utils/cloudinary.ts": {"lines":{"total":21,"covered":0,"skipped":0,"pct":0},"functions":{"total":5,"covered":0,"skipped":0,"pct":0},"statements":{"total":24,"covered":0,"skipped":0,"pct":0},"branches":{"total":5,"covered":0,"skipped":0,"pct":0}}
,"/Users/adefisayoadejumo/Desktop/Adejumo_A_K2452505_CI7000_B_SPAN1_24_25 2/backend/src/socket/index.ts": {"lines":{"total":120,"covered":18,"skipped":0,"pct":15},"functions":{"total":19,"covered":3,"skipped":0,"pct":15.78},"statements":{"total":124,"covered":21,"skipped":0,"pct":16.93},"branches":{"total":66,"covered":0,"skipped":0,"pct":0}}
,"/Users/adefisayoadejumo/Desktop/Adejumo_A_K2452505_CI7000_B_SPAN1_24_25 2/backend/src/utils/cloudinary.ts": {"lines":{"total":21,"covered":7,"skipped":0,"pct":33.33},"functions":{"total":5,"covered":0,"skipped":0,"pct":0},"statements":{"total":24,"covered":10,"skipped":0,"pct":41.66},"branches":{"total":5,"covered":0,"skipped":0,"pct":0}}
,"/Users/adefisayoadejumo/Desktop/Adejumo_A_K2452505_CI7000_B_SPAN1_24_25 2/backend/src/utils/logger.ts": {"lines":{"total":32,"covered":19,"skipped":0,"pct":59.37},"functions":{"total":10,"covered":7,"skipped":0,"pct":70},"statements":{"total":38,"covered":20,"skipped":0,"pct":52.63},"branches":{"total":34,"covered":14,"skipped":0,"pct":41.17}}
,"/Users/adefisayoadejumo/Desktop/Adejumo_A_K2452505_CI7000_B_SPAN1_24_25 2/backend/src/utils/pagination.ts": {"lines":{"total":10,"covered":10,"skipped":0,"pct":100},"functions":{"total":2,"covered":2,"skipped":0,"pct":100},"statements":{"total":10,"covered":10,"skipped":0,"pct":100},"branches":{"total":6,"covered":4,"skipped":0,"pct":66.66}}
,"/Users/adefisayoadejumo/Desktop/Adejumo_A_K2452505_CI7000_B_SPAN1_24_25 2/backend/src/utils/populatedTypes.ts": {"lines":{"total":14,"covered":11,"skipped":0,"pct":78.57},"functions":{"total":4,"covered":3,"skipped":0,"pct":75},"statements":{"total":18,"covered":12,"skipped":0,"pct":66.66},"branches":{"total":16,"covered":11,"skipped":0,"pct":68.75}}
,"/Users/adefisayoadejumo/Desktop/Adejumo_A_K2452505_CI7000_B_SPAN1_24_25 2/backend/src/utils/transformations.ts": {"lines":{"total":14,"covered":7,"skipped":0,"pct":50},"functions":{"total":5,"covered":1,"skipped":0,"pct":20},"statements":{"total":17,"covered":7,"skipped":0,"pct":41.17},"branches":{"total":70,"covered":28,"skipped":0,"pct":40}}
,"/Users/adefisayoadejumo/Desktop/Adejumo_A_K2452505_CI7000_B_SPAN1_24_25 2/backend/src/validation/admin.ts": {"lines":{"total":9,"covered":9,"skipped":0,"pct":100},"functions":{"total":0,"covered":0,"skipped":0,"pct":100},"statements":{"total":9,"covered":9,"skipped":0,"pct":100},"branches":{"total":0,"covered":0,"skipped":0,"pct":100}}
,"/Users/adefisayoadejumo/Desktop/Adejumo_A_K2452505_CI7000_B_SPAN1_24_25 2/backend/src/validation/analytics.ts": {"lines":{"total":18,"covered":0,"skipped":0,"pct":0},"functions":{"total":0,"covered":0,"skipped":0,"pct":100},"statements":{"total":18,"covered":0,"skipped":0,"pct":0},"branches":{"total":0,"covered":0,"skipped":0,"pct":100}}
,"/Users/adefisayoadejumo/Desktop/Adejumo_A_K2452505_CI7000_B_SPAN1_24_25 2/backend/src/validation/assessments.ts": {"lines":{"total":4,"covered":4,"skipped":0,"pct":100},"functions":{"total":0,"covered":0,"skipped":0,"pct":100},"statements":{"total":4,"covered":4,"skipped":0,"pct":100},"branches":{"total":0,"covered":0,"skipped":0,"pct":100}}
,"/Users/adefisayoadejumo/Desktop/Adejumo_A_K2452505_CI7000_B_SPAN1_24_25 2/backend/src/validation/auth.ts": {"lines":{"total":12,"covered":12,"skipped":0,"pct":100},"functions":{"total":0,"covered":0,"skipped":0,"pct":100},"statements":{"total":12,"covered":12,"skipped":0,"pct":100},"branches":{"total":0,"covered":0,"skipped":0,"pct":100}}
,"/Users/adefisayoadejumo/Desktop/Adejumo_A_K2452505_CI7000_B_SPAN1_24_25 2/backend/src/validation/behavioral.ts": {"lines":{"total":14,"covered":14,"skipped":0,"pct":100},"functions":{"total":0,"covered":0,"skipped":0,"pct":100},"statements":{"total":14,"covered":14,"skipped":0,"pct":100},"branches":{"total":0,"covered":0,"skipped":0,"pct":100}}
,"/Users/adefisayoadejumo/Desktop/Adejumo_A_K2452505_CI7000_B_SPAN1_24_25 2/backend/src/validation/chat.ts": {"lines":{"total":21,"covered":21,"skipped":0,"pct":100},"functions":{"total":0,"covered":0,"skipped":0,"pct":100},"statements":{"total":21,"covered":21,"skipped":0,"pct":100},"branches":{"total":0,"covered":0,"skipped":0,"pct":100}}
,"/Users/adefisayoadejumo/Desktop/Adejumo_A_K2452505_CI7000_B_SPAN1_24_25 2/backend/src/validation/commitments.ts": {"lines":{"total":5,"covered":5,"skipped":0,"pct":100},"functions":{"total":0,"covered":0,"skipped":0,"pct":100},"statements":{"total":5,"covered":5,"skipped":0,"pct":100},"branches":{"total":0,"covered":0,"skipped":0,"pct":100}}
,"/Users/adefisayoadejumo/Desktop/Adejumo_A_K2452505_CI7000_B_SPAN1_24_25 2/backend/src/validation/common.ts": {"lines":{"total":5,"covered":5,"skipped":0,"pct":100},"functions":{"total":0,"covered":0,"skipped":0,"pct":100},"statements":{"total":5,"covered":5,"skipped":0,"pct":100},"branches":{"total":0,"covered":0,"skipped":0,"pct":100}}
,"/Users/adefisayoadejumo/Desktop/Adejumo_A_K2452505_CI7000_B_SPAN1_24_25 2/backend/src/validation/gamification.ts": {"lines":{"total":25,"covered":0,"skipped":0,"pct":0},"functions":{"total":0,"covered":0,"skipped":0,"pct":100},"statements":{"total":25,"covered":0,"skipped":0,"pct":0},"branches":{"total":0,"covered":0,"skipped":0,"pct":100}}
,"/Users/adefisayoadejumo/Desktop/Adejumo_A_K2452505_CI7000_B_SPAN1_24_25 2/backend/src/validation/goals.ts": {"lines":{"total":6,"covered":6,"skipped":0,"pct":100},"functions":{"total":0,"covered":0,"skipped":0,"pct":100},"statements":{"total":6,"covered":6,"skipped":0,"pct":100},"branches":{"total":0,"covered":0,"skipped":0,"pct":100}}
,"/Users/adefisayoadejumo/Desktop/Adejumo_A_K2452505_CI7000_B_SPAN1_24_25 2/backend/src/validation/index.ts": {"lines":{"total":17,"covered":0,"skipped":0,"pct":0},"functions":{"total":6,"covered":0,"skipped":0,"pct":0},"statements":{"total":23,"covered":0,"skipped":0,"pct":0},"branches":{"total":0,"covered":0,"skipped":0,"pct":100}}
,"/Users/adefisayoadejumo/Desktop/Adejumo_A_K2452505_CI7000_B_SPAN1_24_25 2/backend/src/validation/middleware.ts": {"lines":{"total":29,"covered":20,"skipped":0,"pct":68.96},"functions":{"total":8,"covered":4,"skipped":0,"pct":50},"statements":{"total":34,"covered":23,"skipped":0,"pct":67.64},"branches":{"total":23,"covered":12,"skipped":0,"pct":52.17}}
,"/Users/adefisayoadejumo/Desktop/Adejumo_A_K2452505_CI7000_B_SPAN1_24_25 2/backend/src/validation/milestones.ts": {"lines":{"total":1,"covered":0,"skipped":0,"pct":0},"functions":{"total":0,"covered":0,"skipped":0,"pct":100},"statements":{"total":1,"covered":0,"skipped":0,"pct":0},"branches":{"total":0,"covered":0,"skipped":0,"pct":100}}
,"/Users/adefisayoadejumo/Desktop/Adejumo_A_K2452505_CI7000_B_SPAN1_24_25 2/backend/src/validation/parentReports.ts": {"lines":{"total":5,"covered":5,"skipped":0,"pct":100},"functions":{"total":0,"covered":0,"skipped":0,"pct":100},"statements":{"total":5,"covered":5,"skipped":0,"pct":100},"branches":{"total":0,"covered":0,"skipped":0,"pct":100}}
,"/Users/adefisayoadejumo/Desktop/Adejumo_A_K2452505_CI7000_B_SPAN1_24_25 2/backend/src/validation/preferences.ts": {"lines":{"total":4,"covered":4,"skipped":0,"pct":100},"functions":{"total":0,"covered":0,"skipped":0,"pct":100},"statements":{"total":4,"covered":4,"skipped":0,"pct":100},"branches":{"total":0,"covered":0,"skipped":0,"pct":100}}
,"/Users/adefisayoadejumo/Desktop/Adejumo_A_K2452505_CI7000_B_SPAN1_24_25 2/backend/src/validation/quiz.ts": {"lines":{"total":17,"covered":17,"skipped":0,"pct":100},"functions":{"total":0,"covered":0,"skipped":0,"pct":100},"statements":{"total":17,"covered":17,"skipped":0,"pct":100},"branches":{"total":0,"covered":0,"skipped":0,"pct":100}}
,"/Users/adefisayoadejumo/Desktop/Adejumo_A_K2452505_CI7000_B_SPAN1_24_25 2/backend/src/validation/reflections.ts": {"lines":{"total":4,"covered":4,"skipped":0,"pct":100},"functions":{"total":0,"covered":0,"skipped":0,"pct":100},"statements":{"total":4,"covered":4,"skipped":0,"pct":100},"branches":{"total":0,"covered":0,"skipped":0,"pct":100}}
,"/Users/adefisayoadejumo/Desktop/Adejumo_A_K2452505_CI7000_B_SPAN1_24_25 2/backend/src/validation/session.ts": {"lines":{"total":34,"covered":24,"skipped":0,"pct":70.58},"functions":{"total":3,"covered":0,"skipped":0,"pct":0},"statements":{"total":34,"covered":24,"skipped":0,"pct":70.58},"branches":{"total":6,"covered":0,"skipped":0,"pct":0}}
,"/Users/adefisayoadejumo/Desktop/Adejumo_A_K2452505_CI7000_B_SPAN1_24_25 2/backend/src/validation/tutor.ts": {"lines":{"total":10,"covered":10,"skipped":0,"pct":100},"functions":{"total":0,"covered":0,"skipped":0,"pct":100},"statements":{"total":10,"covered":10,"skipped":0,"pct":100},"branches":{"total":0,"covered":0,"skipped":0,"pct":100}}
,"/Users/adefisayoadejumo/Desktop/Adejumo_A_K2452505_CI7000_B_SPAN1_24_25 2/backend/src/validation/user.ts": {"lines":{"total":22,"covered":22,"skipped":0,"pct":100},"functions":{"total":0,"covered":0,"skipped":0,"pct":100},"statements":{"total":22,"covered":22,"skipped":0,"pct":100},"branches":{"total":0,"covered":0,"skipped":0,"pct":100}}
}
