TN:
SF:src/controllers/adminController.ts
FN:10,(anonymous_0)
FN:20,(anonymous_1)
FN:43,(anonymous_2)
FN:55,(anonymous_3)
FN:73,(anonymous_4)
FN:96,(anonymous_5)
FN:122,(anonymous_6)
FN:152,(anonymous_7)
FN:164,(anonymous_8)
FNF:9
FNH:9
FNDA:2,(anonymous_0)
FNDA:2,(anonymous_1)
FNDA:2,(anonymous_2)
FNDA:2,(anonymous_3)
FNDA:3,(anonymous_4)
FNDA:3,(anonymous_5)
FNDA:4,(anonymous_6)
FNDA:2,(anonymous_7)
FNDA:4,(anonymous_8)
DA:3,3
DA:4,3
DA:5,3
DA:6,3
DA:8,3
DA:10,3
DA:11,2
DA:12,1
DA:15,1
DA:16,1
DA:20,3
DA:21,2
DA:22,1
DA:25,1
DA:26,1
DA:28,1
DA:43,3
DA:44,2
DA:45,1
DA:48,1
DA:49,1
DA:51,1
DA:55,3
DA:56,2
DA:57,1
DA:60,1
DA:61,1
DA:63,1
DA:65,1
DA:73,3
DA:74,3
DA:75,1
DA:78,2
DA:79,2
DA:81,2
DA:82,1
DA:85,1
DA:87,1
DA:95,3
DA:97,3
DA:98,1
DA:101,2
DA:102,2
DA:104,2
DA:105,1
DA:108,1
DA:110,1
DA:122,3
DA:123,4
DA:124,1
DA:127,3
DA:128,3
DA:130,3
DA:131,3
DA:132,3
DA:133,3
DA:135,3
DA:137,3
DA:152,3
DA:153,2
DA:154,1
DA:157,1
DA:158,1
DA:160,1
DA:164,3
DA:165,4
DA:166,1
DA:169,3
DA:170,3
DA:172,3
DA:173,1
DA:176,2
DA:178,2
LF:73
LH:73
BRDA:11,0,0,1
BRDA:11,0,1,1
BRDA:21,1,0,1
BRDA:21,1,1,1
BRDA:44,2,0,1
BRDA:44,2,1,1
BRDA:56,3,0,1
BRDA:56,3,1,1
BRDA:74,4,0,1
BRDA:74,4,1,2
BRDA:81,5,0,1
BRDA:81,5,1,1
BRDA:97,6,0,1
BRDA:97,6,1,2
BRDA:104,7,0,1
BRDA:104,7,1,1
BRDA:123,8,0,1
BRDA:123,8,1,3
BRDA:131,9,0,1
BRDA:131,9,1,2
BRDA:132,10,0,1
BRDA:132,10,1,2
BRDA:133,11,0,1
BRDA:133,11,1,2
BRDA:153,12,0,1
BRDA:153,12,1,1
BRDA:165,13,0,1
BRDA:165,13,1,3
BRDA:172,14,0,1
BRDA:172,14,1,2
BRF:30
BRH:30
end_of_record
TN:
SF:src/controllers/assessmentsController.ts
FN:8,(anonymous_1)
FN:16,(anonymous_2)
FN:35,(anonymous_3)
FNF:3
FNH:3
FNDA:2,(anonymous_1)
FNDA:1,(anonymous_2)
FNDA:2,(anonymous_3)
DA:3,3
DA:4,3
DA:6,3
DA:8,3
DA:9,2
DA:10,2
DA:12,2
DA:16,3
DA:17,1
DA:18,1
DA:20,1
DA:28,1
DA:35,3
DA:36,2
DA:37,2
DA:39,2
DA:41,2
LF:17
LH:17
BRDA:37,0,0,2
BRDA:37,0,1,1
BRF:2
BRH:2
end_of_record
TN:
SF:src/controllers/authController.ts
FN:8,(anonymous_0)
FN:18,(anonymous_1)
FN:39,(anonymous_2)
FN:64,(anonymous_3)
FN:73,(anonymous_4)
FN:99,(anonymous_5)
FN:115,(anonymous_6)
FN:124,(anonymous_7)
FN:135,(anonymous_8)
FNF:9
FNH:6
FNDA:4,(anonymous_0)
FNDA:7,(anonymous_1)
FNDA:2,(anonymous_2)
FNDA:1,(anonymous_3)
FNDA:5,(anonymous_4)
FNDA:2,(anonymous_5)
FNDA:0,(anonymous_6)
FNDA:0,(anonymous_7)
FNDA:0,(anonymous_8)
DA:2,3
DA:3,3
DA:5,3
DA:7,3
DA:8,3
DA:9,4
DA:11,3
DA:18,3
DA:19,7
DA:22,6
DA:29,6
DA:39,3
DA:40,2
DA:42,2
DA:43,1
DA:46,1
DA:49,1
DA:56,1
DA:64,3
DA:65,1
DA:67,1
DA:73,3
DA:74,5
DA:76,5
DA:77,1
DA:81,4
DA:82,1
DA:86,4
DA:90,4
DA:92,4
DA:98,3
DA:100,2
DA:102,2
DA:103,1
DA:106,1
DA:108,1
DA:115,3
DA:116,0
DA:118,0
DA:124,3
DA:125,0
DA:126,0
DA:128,0
DA:134,3
DA:136,0
LF:45
LH:39
BRDA:42,0,0,1
BRDA:42,0,1,1
BRDA:76,1,0,1
BRDA:76,1,1,4
BRDA:81,2,0,1
BRDA:81,2,1,3
BRDA:102,3,0,1
BRDA:102,3,1,1
BRF:8
BRH:8
end_of_record
TN:
SF:src/controllers/behavioralController.ts
FN:10,(anonymous_0)
FN:31,(anonymous_1)
FN:36,(anonymous_2)
FN:46,(anonymous_3)
FN:53,(anonymous_4)
FN:62,(anonymous_5)
FN:70,(anonymous_6)
FN:78,(anonymous_7)
FN:97,(anonymous_8)
FN:102,(anonymous_9)
FN:118,(anonymous_10)
FN:121,(anonymous_11)
FN:138,(anonymous_12)
FN:148,(anonymous_13)
FN:159,(anonymous_14)
FN:164,(anonymous_15)
FN:184,(anonymous_16)
FN:195,(anonymous_17)
FN:204,(anonymous_18)
FN:260,(anonymous_19)
FN:318,(anonymous_20)
FN:327,(anonymous_21)
FN:336,(anonymous_22)
FN:353,(anonymous_23)
FN:358,(anonymous_24)
FNF:25
FNH:25
FNDA:1,(anonymous_0)
FNDA:2,(anonymous_1)
FNDA:1,(anonymous_2)
FNDA:2,(anonymous_3)
FNDA:1,(anonymous_4)
FNDA:1,(anonymous_5)
FNDA:1,(anonymous_6)
FNDA:1,(anonymous_7)
FNDA:2,(anonymous_8)
FNDA:1,(anonymous_9)
FNDA:1,(anonymous_10)
FNDA:1,(anonymous_11)
FNDA:1,(anonymous_12)
FNDA:1,(anonymous_13)
FNDA:2,(anonymous_14)
FNDA:1,(anonymous_15)
FNDA:1,(anonymous_16)
FNDA:1,(anonymous_17)
FNDA:3,(anonymous_18)
FNDA:4,(anonymous_19)
FNDA:1,(anonymous_20)
FNDA:2,(anonymous_21)
FNDA:1,(anonymous_22)
FNDA:1,(anonymous_23)
FNDA:2,(anonymous_24)
DA:3,3
DA:4,3
DA:5,3
DA:7,3
DA:10,3
DA:11,1
DA:12,1
DA:13,1
DA:19,1
DA:31,3
DA:32,2
DA:33,2
DA:34,2
DA:35,2
DA:36,2
DA:43,2
DA:46,3
DA:47,2
DA:48,2
DA:49,2
DA:50,2
DA:53,3
DA:54,1
DA:55,1
DA:56,1
DA:57,1
DA:62,3
DA:63,1
DA:64,1
DA:65,1
DA:66,1
DA:70,3
DA:71,1
DA:72,1
DA:73,1
DA:74,1
DA:78,3
DA:79,1
DA:80,1
DA:81,1
DA:84,1
DA:86,1
DA:97,3
DA:98,2
DA:99,2
DA:100,2
DA:101,2
DA:102,2
DA:113,2
DA:117,3
DA:119,1
DA:120,1
DA:121,1
DA:130,1
DA:137,3
DA:139,1
DA:140,1
DA:141,1
DA:142,1
DA:147,3
DA:149,1
DA:150,1
DA:151,1
DA:152,1
DA:159,3
DA:160,2
DA:161,2
DA:162,2
DA:163,2
DA:164,2
DA:180,2
DA:184,3
DA:186,1
DA:195,3
DA:196,1
DA:197,1
DA:198,1
DA:199,1
DA:204,3
DA:205,3
DA:206,3
DA:208,3
DA:209,1
DA:216,2
DA:231,2
DA:232,1
DA:233,1
DA:237,0
DA:238,0
DA:243,2
DA:250,2
DA:260,3
DA:261,4
DA:262,4
DA:265,4
DA:270,1
DA:272,3
DA:277,0
DA:279,3
DA:284,0
DA:288,3
DA:289,1
DA:291,2
DA:292,0
DA:294,2
DA:295,1
DA:298,1
DA:306,1
DA:317,3
DA:319,1
DA:320,1
DA:321,1
DA:327,3
DA:328,2
DA:329,2
DA:330,2
DA:331,2
DA:336,3
DA:337,1
DA:338,1
DA:340,1
DA:347,1
DA:348,1
DA:353,3
DA:354,1
DA:355,1
DA:356,1
DA:358,2
DA:363,1
LF:129
LH:124
BRDA:34,0,0,2
BRDA:34,0,1,1
BRDA:48,1,0,2
BRDA:48,1,1,1
BRDA:55,2,0,1
BRDA:55,2,1,1
BRDA:64,3,0,1
BRDA:64,3,1,1
BRDA:72,4,0,1
BRDA:72,4,1,1
BRDA:80,5,0,1
BRDA:80,5,1,1
BRDA:84,6,0,1
BRDA:84,6,1,0
BRDA:89,7,0,1
BRDA:89,7,1,0
BRDA:99,8,0,2
BRDA:99,8,1,1
BRDA:161,9,0,2
BRDA:161,9,1,1
BRDA:162,10,0,2
BRDA:162,10,1,1
BRDA:197,11,0,1
BRDA:197,11,1,1
BRDA:208,12,0,1
BRDA:208,12,1,2
BRDA:231,13,0,1
BRDA:231,13,1,1
BRDA:233,14,0,0
BRDA:233,14,1,1
BRDA:265,15,0,1
BRDA:265,15,1,3
BRDA:266,16,0,4
BRDA:266,16,1,3
BRDA:266,16,2,3
BRDA:272,17,0,0
BRDA:272,17,1,3
BRDA:273,18,0,3
BRDA:273,18,1,3
BRDA:273,18,2,3
BRDA:279,19,0,0
BRDA:279,19,1,3
BRDA:280,20,0,3
BRDA:280,20,1,3
BRDA:280,20,2,3
BRDA:288,21,0,1
BRDA:288,21,1,2
BRDA:291,22,0,0
BRDA:291,22,1,2
BRDA:294,23,0,1
BRDA:294,23,1,1
BRDA:294,24,0,2
BRDA:294,24,1,2
BRDA:329,25,0,2
BRDA:329,25,1,1
BRDA:342,26,0,1
BRDA:342,26,1,0
BRDA:344,27,0,1
BRDA:344,27,1,0
BRDA:355,28,0,1
BRDA:355,28,1,1
BRDA:360,29,0,2
BRDA:360,29,1,0
BRF:63
BRH:54
end_of_record
TN:
SF:src/controllers/chatController.ts
FN:9,(anonymous_0)
FN:26,(anonymous_1)
FN:33,(anonymous_2)
FN:41,(anonymous_3)
FN:64,(anonymous_4)
FN:86,(anonymous_5)
FN:93,(anonymous_6)
FN:100,(anonymous_7)
FN:106,(anonymous_8)
FN:122,(anonymous_9)
FN:139,(anonymous_10)
FNF:11
FNH:11
FNDA:2,(anonymous_0)
FNDA:1,(anonymous_1)
FNDA:2,(anonymous_2)
FNDA:3,(anonymous_3)
FNDA:2,(anonymous_4)
FNDA:1,(anonymous_5)
FNDA:1,(anonymous_6)
FNDA:1,(anonymous_7)
FNDA:1,(anonymous_8)
FNDA:2,(anonymous_9)
FNDA:2,(anonymous_10)
DA:3,3
DA:4,3
DA:5,3
DA:6,3
DA:8,3
DA:9,3
DA:10,2
DA:11,2
DA:12,2
DA:14,2
DA:15,2
DA:16,2
DA:18,2
DA:19,2
DA:26,3
DA:27,1
DA:28,1
DA:29,1
DA:30,1
DA:33,3
DA:34,2
DA:35,2
DA:36,2
DA:37,1
DA:38,1
DA:41,3
DA:42,3
DA:43,3
DA:44,3
DA:46,3
DA:47,1
DA:50,2
DA:57,2
DA:64,3
DA:65,2
DA:66,2
DA:67,2
DA:69,2
DA:70,2
DA:71,2
DA:73,2
DA:79,2
DA:86,3
DA:87,1
DA:88,1
DA:89,1
DA:90,1
DA:93,3
DA:94,1
DA:95,1
DA:96,1
DA:97,1
DA:100,3
DA:101,1
DA:102,1
DA:103,1
DA:106,3
DA:107,1
DA:108,1
DA:109,1
DA:110,1
DA:112,1
DA:113,1
DA:115,1
DA:122,3
DA:123,2
DA:124,2
DA:125,2
DA:127,2
DA:128,2
DA:129,2
DA:131,2
DA:132,2
DA:139,3
DA:140,2
DA:141,2
DA:142,2
DA:143,2
DA:149,2
LF:79
LH:79
BRDA:14,0,0,2
BRDA:14,0,1,1
BRDA:36,1,0,1
BRDA:36,1,1,1
BRDA:44,2,0,2
BRDA:46,3,0,1
BRDA:46,3,1,2
BRDA:59,4,0,1
BRDA:59,4,1,1
BRDA:71,5,0,2
BRDA:71,5,1,1
BRDA:74,6,0,2
BRDA:74,6,1,0
BRDA:75,7,0,2
BRDA:75,7,1,1
BRF:15
BRH:14
end_of_record
TN:
SF:src/controllers/commitmentsController.ts
FN:10,(anonymous_1)
FN:23,(anonymous_2)
FN:33,(anonymous_3)
FN:49,(anonymous_4)
FN:82,(anonymous_5)
FN:102,(anonymous_6)
FN:121,(anonymous_7)
FN:129,(anonymous_8)
FN:142,(anonymous_9)
FN:150,(anonymous_10)
FN:152,(anonymous_11)
FN:175,(anonymous_12)
FNF:12
FNH:12
FNDA:2,(anonymous_1)
FNDA:2,(anonymous_2)
FNDA:2,(anonymous_3)
FNDA:4,(anonymous_4)
FNDA:1,(anonymous_5)
FNDA:3,(anonymous_6)
FNDA:1,(anonymous_7)
FNDA:1,(anonymous_8)
FNDA:1,(anonymous_9)
FNDA:1,(anonymous_10)
FNDA:2,(anonymous_11)
FNDA:2,(anonymous_12)
DA:3,3
DA:4,3
DA:5,3
DA:6,3
DA:8,3
DA:10,3
DA:11,2
DA:12,2
DA:14,2
DA:15,1
DA:22,1
DA:23,2
DA:25,1
DA:27,1
DA:33,2
DA:49,3
DA:50,4
DA:51,4
DA:53,4
DA:54,1
DA:57,3
DA:58,1
DA:61,2
DA:62,2
DA:63,2
DA:64,2
DA:65,2
DA:66,2
DA:68,2
DA:69,2
DA:70,2
DA:73,2
DA:74,2
DA:75,1
DA:78,1
DA:82,1
DA:90,1
DA:102,3
DA:103,3
DA:104,3
DA:106,3
DA:107,3
DA:108,1
DA:111,2
DA:112,1
DA:115,1
DA:120,1
DA:121,1
DA:123,1
DA:125,1
DA:129,1
DA:142,3
DA:143,1
DA:144,1
DA:146,1
DA:147,1
DA:148,1
DA:150,1
DA:151,1
DA:152,2
DA:154,1
DA:156,1
DA:166,1
DA:167,1
DA:175,3
DA:176,2
DA:177,2
DA:179,2
DA:180,2
DA:181,1
DA:184,1
DA:185,0
DA:188,1
DA:190,1
LF:74
LH:73
BRDA:14,0,0,1
BRDA:14,0,1,1
BRDA:22,1,0,1
BRDA:22,1,1,0
BRDA:25,2,0,1
BRDA:25,2,1,0
BRDA:40,3,0,0
BRDA:40,3,1,1
BRDA:53,4,0,1
BRDA:53,4,1,3
BRDA:53,5,0,4
BRDA:53,5,1,3
BRDA:53,5,2,3
BRDA:57,6,0,1
BRDA:57,6,1,2
BRDA:65,7,0,0
BRDA:65,7,1,2
BRDA:74,8,0,1
BRDA:74,8,1,1
BRDA:84,9,0,1
BRDA:84,9,1,0
BRDA:85,10,0,1
BRDA:85,10,1,0
BRDA:107,11,0,1
BRDA:107,11,1,2
BRDA:111,12,0,1
BRDA:111,12,1,1
BRDA:120,13,0,1
BRDA:120,13,1,0
BRDA:123,14,0,1
BRDA:123,14,1,0
BRDA:151,15,0,1
BRDA:151,15,1,0
BRDA:154,16,0,1
BRDA:154,16,1,0
BRDA:180,17,0,1
BRDA:180,17,1,1
BRDA:184,18,0,0
BRDA:184,18,1,1
BRF:39
BRH:28
end_of_record
TN:
SF:src/controllers/gamificationController.ts
FN:10,(anonymous_0)
FN:20,(anonymous_1)
FN:36,(anonymous_2)
FN:42,(anonymous_3)
FN:86,(anonymous_4)
FN:98,(anonymous_5)
FN:104,(anonymous_6)
FN:113,(anonymous_7)
FN:118,(anonymous_8)
FN:126,(anonymous_9)
FNF:10
FNH:5
FNDA:2,(anonymous_0)
FNDA:2,(anonymous_1)
FNDA:1,(anonymous_2)
FNDA:2,(anonymous_3)
FNDA:0,(anonymous_4)
FNDA:0,(anonymous_5)
FNDA:1,(anonymous_6)
FNDA:0,(anonymous_7)
FNDA:0,(anonymous_8)
FNDA:0,(anonymous_9)
DA:3,3
DA:4,3
DA:5,3
DA:6,3
DA:7,3
DA:9,3
DA:10,3
DA:12,2
DA:13,1
DA:16,1
DA:17,1
DA:20,3
DA:21,2
DA:22,2
DA:24,2
DA:25,2
DA:27,2
DA:36,3
DA:37,1
DA:38,1
DA:39,1
DA:42,3
DA:43,2
DA:44,2
DA:45,2
DA:52,2
DA:53,2
DA:54,0
DA:55,0
DA:68,2
DA:86,3
DA:87,0
DA:88,0
DA:89,0
DA:90,0
DA:91,0
DA:98,3
DA:99,0
DA:100,0
DA:101,0
DA:104,3
DA:105,1
DA:106,1
DA:107,1
DA:113,3
DA:114,0
DA:115,0
DA:118,3
DA:119,0
DA:120,0
DA:121,0
DA:122,0
DA:123,0
DA:126,3
DA:127,0
DA:128,0
DA:129,0
DA:130,0
DA:132,0
DA:134,0
DA:141,0
DA:142,0
DA:147,0
DA:149,0
DA:150,0
DA:151,0
DA:157,0
LF:67
LH:37
BRDA:12,0,0,1
BRDA:12,0,1,1
BRDA:12,1,0,2
BRDA:12,1,1,1
BRDA:53,2,0,0
BRDA:53,2,1,2
BRDA:53,3,0,2
BRDA:53,3,1,1
BRDA:53,3,2,1
BRDA:119,4,0,0
BRDA:119,4,1,0
BRDA:120,5,0,0
BRDA:120,5,1,0
BRDA:132,6,0,0
BRDA:132,6,1,0
BRDA:147,7,0,0
BRDA:147,7,1,0
BRF:17
BRH:8
end_of_record
TN:
SF:src/controllers/goalsController.ts
FN:12,(anonymous_1)
FN:23,(anonymous_2)
FN:50,(anonymous_3)
FN:88,(anonymous_4)
FN:121,(anonymous_5)
FN:134,(anonymous_6)
FN:135,(anonymous_7)
FN:150,(anonymous_8)
FNF:8
FNH:8
FNDA:1,(anonymous_1)
FNDA:1,(anonymous_2)
FNDA:3,(anonymous_3)
FNDA:3,(anonymous_4)
FNDA:2,(anonymous_5)
FNDA:4,(anonymous_6)
FNDA:2,(anonymous_7)
FNDA:3,(anonymous_8)
DA:3,3
DA:4,3
DA:5,3
DA:6,3
DA:7,3
DA:8,3
DA:10,3
DA:12,3
DA:13,1
DA:14,1
DA:17,1
DA:18,1
DA:21,1
DA:23,1
DA:41,1
DA:42,1
DA:50,3
DA:51,3
DA:52,3
DA:54,3
DA:55,2
DA:59,1
DA:72,1
DA:88,3
DA:89,3
DA:90,3
DA:92,3
DA:93,3
DA:94,1
DA:97,2
DA:98,1
DA:102,1
DA:107,1
DA:108,1
DA:110,1
DA:121,3
DA:122,2
DA:124,2
DA:125,2
DA:126,1
DA:129,1
DA:130,1
DA:131,1
DA:133,1
DA:134,4
DA:135,2
DA:137,1
DA:150,3
DA:151,3
DA:152,3
DA:154,3
DA:155,3
DA:156,1
DA:159,2
DA:160,1
DA:163,1
DA:165,1
LF:57
LH:57
BRDA:30,0,0,1
BRDA:30,0,1,1
BRDA:31,1,0,1
BRDA:31,1,1,1
BRDA:32,2,0,0
BRDA:32,2,1,1
BRDA:34,3,0,1
BRDA:34,3,1,1
BRDA:54,4,0,2
BRDA:54,4,1,1
BRDA:54,5,0,3
BRDA:54,5,1,2
BRDA:65,6,0,1
BRDA:65,6,1,0
BRDA:66,7,0,1
BRDA:66,7,1,1
BRDA:93,8,0,1
BRDA:93,8,1,2
BRDA:97,9,0,1
BRDA:97,9,1,1
BRDA:125,10,0,1
BRDA:125,10,1,1
BRDA:130,11,0,1
BRDA:130,11,1,0
BRDA:131,12,0,1
BRDA:131,12,1,0
BRDA:134,13,0,4
BRDA:134,13,1,3
BRDA:155,14,0,1
BRDA:155,14,1,2
BRDA:159,15,0,1
BRDA:159,15,1,1
BRF:32
BRH:28
end_of_record
TN:
SF:src/controllers/habitsController.ts
FN:8,(anonymous_1)
FN:18,(anonymous_2)
FNF:2
FNH:2
FNDA:2,(anonymous_1)
FNDA:2,(anonymous_2)
DA:3,3
DA:4,3
DA:6,3
DA:8,3
DA:9,2
DA:10,2
DA:12,2
DA:14,2
DA:18,3
DA:19,2
DA:21,2
DA:23,2
LF:12
LH:12
BRDA:10,0,0,2
BRDA:10,0,1,1
BRF:2
BRH:2
end_of_record
TN:
SF:src/controllers/milestonesController.ts
FN:8,(anonymous_1)
FN:19,(anonymous_2)
FNF:2
FNH:2
FNDA:2,(anonymous_1)
FNDA:2,(anonymous_2)
DA:3,3
DA:4,3
DA:6,3
DA:8,3
DA:9,2
DA:10,2
DA:12,2
DA:19,3
DA:20,2
DA:21,2
DA:23,2
LF:11
LH:11
BRF:0
BRH:0
end_of_record
TN:
SF:src/controllers/notificationController.ts
FN:8,(anonymous_1)
FN:27,(anonymous_2)
FN:35,(anonymous_3)
FN:48,(anonymous_4)
FN:59,(anonymous_5)
FNF:5
FNH:5
FNDA:4,(anonymous_1)
FNDA:2,(anonymous_2)
FNDA:1,(anonymous_3)
FNDA:1,(anonymous_4)
FNDA:1,(anonymous_5)
DA:3,3
DA:4,3
DA:6,3
DA:8,3
DA:9,4
DA:10,4
DA:11,4
DA:13,4
DA:20,4
DA:27,3
DA:28,2
DA:29,2
DA:31,2
DA:35,3
DA:36,1
DA:37,1
DA:39,1
DA:41,1
DA:48,3
DA:49,1
DA:50,1
DA:52,1
DA:59,3
DA:60,1
DA:61,1
DA:63,1
DA:65,1
LF:27
LH:27
BRDA:14,0,0,4
BRDA:14,0,1,3
BRDA:15,1,0,4
BRDA:15,1,1,3
BRF:4
BRH:4
end_of_record
TN:
SF:src/controllers/parentReportsController.ts
FN:17,(anonymous_1)
FN:37,(anonymous_2)
FN:55,(anonymous_3)
FN:57,(anonymous_4)
FN:68,(anonymous_5)
FN:75,(anonymous_6)
FN:83,(anonymous_7)
FN:85,(anonymous_8)
FN:90,(anonymous_9)
FN:94,(anonymous_10)
FN:109,(anonymous_11)
FN:113,(anonymous_12)
FN:132,(anonymous_13)
FN:159,(anonymous_14)
FN:192,(anonymous_15)
FN:218,(anonymous_16)
FN:225,(anonymous_17)
FN:227,(anonymous_18)
FN:232,(anonymous_19)
FNF:19
FNH:10
FNDA:3,(anonymous_1)
FNDA:1,(anonymous_2)
FNDA:1,(anonymous_3)
FNDA:1,(anonymous_4)
FNDA:1,(anonymous_5)
FNDA:1,(anonymous_6)
FNDA:1,(anonymous_7)
FNDA:1,(anonymous_8)
FNDA:0,(anonymous_9)
FNDA:0,(anonymous_10)
FNDA:1,(anonymous_11)
FNDA:1,(anonymous_12)
FNDA:0,(anonymous_13)
FNDA:0,(anonymous_14)
FNDA:0,(anonymous_15)
FNDA:0,(anonymous_16)
FNDA:0,(anonymous_17)
FNDA:0,(anonymous_18)
FNDA:0,(anonymous_19)
DA:3,3
DA:4,3
DA:5,3
DA:6,3
DA:11,3
DA:12,3
DA:13,3
DA:15,3
DA:17,3
DA:18,3
DA:19,3
DA:20,3
DA:22,3
DA:23,1
DA:26,2
DA:27,2
DA:28,0
DA:32,2
DA:33,2
DA:34,1
DA:37,1
DA:38,1
DA:39,1
DA:40,1
DA:41,0
DA:42,0
DA:46,1
DA:54,1
DA:56,1
DA:57,1
DA:60,1
DA:61,1
DA:66,1
DA:68,1
DA:74,1
DA:75,1
DA:76,1
DA:77,1
DA:78,1
DA:80,1
DA:83,1
DA:85,1
DA:89,1
DA:90,0
DA:93,1
DA:94,0
DA:97,1
DA:109,1
DA:111,1
DA:113,1
DA:118,1
DA:125,1
DA:132,3
DA:133,0
DA:134,0
DA:135,0
DA:137,0
DA:138,0
DA:141,0
DA:142,0
DA:143,0
DA:146,0
DA:147,0
DA:148,0
DA:151,0
DA:152,0
DA:153,0
DA:154,0
DA:155,0
DA:158,0
DA:160,0
DA:161,0
DA:164,0
DA:165,0
DA:166,0
DA:168,0
DA:179,0
DA:184,0
DA:191,3
DA:193,0
DA:194,0
DA:195,0
DA:197,0
DA:198,0
DA:201,0
DA:202,0
DA:203,0
DA:206,0
DA:207,0
DA:208,0
DA:211,0
DA:212,0
DA:213,0
DA:214,0
DA:215,0
DA:218,0
DA:219,0
DA:224,0
DA:226,0
DA:227,0
DA:231,0
DA:232,0
DA:237,0
DA:238,0
DA:240,0
DA:255,0
DA:260,0
LF:107
LH:49
BRDA:20,0,0,1
BRDA:22,1,0,1
BRDA:22,1,1,2
BRDA:27,2,0,0
BRDA:27,2,1,2
BRDA:33,3,0,1
BRDA:33,3,1,1
BRDA:39,4,0,1
BRDA:39,4,1,0
BRDA:41,5,0,0
BRDA:41,5,1,0
BRDA:61,6,0,1
BRDA:61,6,1,0
BRDA:66,7,0,1
BRDA:66,7,1,0
BRDA:76,8,0,1
BRDA:76,8,1,0
BRDA:77,9,0,1
BRDA:77,9,1,0
BRDA:89,10,0,1
BRDA:89,10,1,0
BRDA:93,11,0,1
BRDA:93,11,1,0
BRDA:102,12,0,1
BRDA:102,12,1,0
BRDA:102,13,0,1
BRDA:102,13,1,1
BRDA:111,14,0,1
BRDA:111,14,1,0
BRDA:119,15,0,1
BRDA:119,15,1,0
BRDA:135,16,0,0
BRDA:137,17,0,0
BRDA:137,17,1,0
BRDA:142,18,0,0
BRDA:142,18,1,0
BRDA:147,19,0,0
BRDA:147,19,1,0
BRDA:152,20,0,0
BRDA:152,20,1,0
BRDA:154,21,0,0
BRDA:154,21,1,0
BRDA:161,22,0,0
BRDA:161,22,1,0
BRDA:164,23,0,0
BRDA:164,23,1,0
BRDA:164,24,0,0
BRDA:164,24,1,0
BRDA:165,25,0,0
BRDA:165,25,1,0
BRDA:180,26,0,0
BRDA:180,26,1,0
BRDA:195,27,0,0
BRDA:197,28,0,0
BRDA:197,28,1,0
BRDA:202,29,0,0
BRDA:202,29,1,0
BRDA:207,30,0,0
BRDA:207,30,1,0
BRDA:212,31,0,0
BRDA:212,31,1,0
BRDA:214,32,0,0
BRDA:214,32,1,0
BRDA:231,33,0,0
BRDA:231,33,1,0
BRDA:237,34,0,0
BRDA:237,34,1,0
BRDA:237,35,0,0
BRDA:237,35,1,0
BRDA:238,36,0,0
BRDA:238,36,1,0
BRDA:246,37,0,0
BRDA:246,37,1,0
BRDA:248,38,0,0
BRDA:248,38,1,0
BRDA:256,39,0,0
BRDA:256,39,1,0
BRF:77
BRH:18
end_of_record
TN:
SF:src/controllers/preferencesController.ts
FN:8,(anonymous_1)
FN:32,(anonymous_2)
FN:57,(anonymous_3)
FNF:3
FNH:3
FNDA:1,(anonymous_1)
FNDA:1,(anonymous_2)
FNDA:1,(anonymous_3)
DA:3,3
DA:4,3
DA:6,3
DA:8,3
DA:9,1
DA:10,1
DA:12,1
DA:32,3
DA:33,1
DA:34,1
DA:36,1
DA:57,3
DA:58,1
DA:59,1
DA:61,1
LF:15
LH:15
BRF:0
BRH:0
end_of_record
TN:
SF:src/controllers/reflectionsController.ts
FN:11,(anonymous_1)
FN:31,(anonymous_2)
FN:58,(anonymous_3)
FN:97,(anonymous_4)
FN:103,(anonymous_5)
FN:106,(anonymous_6)
FN:109,(anonymous_7)
FN:127,(anonymous_8)
FNF:8
FNH:8
FNDA:2,(anonymous_1)
FNDA:2,(anonymous_2)
FNDA:4,(anonymous_3)
FNDA:2,(anonymous_4)
FNDA:2,(anonymous_5)
FNDA:2,(anonymous_6)
FNDA:2,(anonymous_7)
FNDA:1,(anonymous_8)
DA:3,3
DA:4,3
DA:5,3
DA:6,3
DA:7,3
DA:9,3
DA:11,3
DA:12,2
DA:13,2
DA:14,2
DA:19,2
DA:21,1
DA:22,1
DA:23,1
DA:26,1
DA:27,1
DA:28,1
DA:31,2
DA:49,2
DA:50,2
DA:58,3
DA:59,4
DA:60,4
DA:62,4
DA:63,2
DA:67,2
DA:68,1
DA:69,1
DA:70,1
DA:74,1
DA:83,1
DA:97,3
DA:98,2
DA:99,2
DA:100,2
DA:103,2
DA:104,2
DA:106,2
DA:107,1
DA:109,2
DA:110,0
DA:112,2
DA:113,1
DA:116,2
DA:127,3
DA:128,1
DA:129,1
LF:47
LH:46
BRDA:13,0,0,2
BRDA:13,0,1,0
BRDA:19,1,0,1
BRDA:19,1,1,1
BRDA:38,2,0,0
BRDA:38,2,1,2
BRDA:62,3,0,2
BRDA:62,3,1,2
BRDA:62,4,0,4
BRDA:62,4,1,3
BRDA:67,5,0,1
BRDA:67,5,1,1
BRDA:69,6,0,1
BRDA:69,6,1,0
BRDA:79,7,0,1
BRDA:79,7,1,0
BRDA:106,8,0,1
BRDA:106,8,1,1
BRDA:109,9,0,0
BRDA:109,9,1,2
BRDA:109,10,0,2
BRDA:109,10,1,2
BRDA:109,10,2,2
BRDA:112,11,0,1
BRDA:112,11,1,1
BRDA:121,12,0,1
BRDA:121,12,1,1
BRF:27
BRH:22
end_of_record
TN:
SF:src/controllers/sessionsController.ts
FN:19,(anonymous_10)
FN:35,(anonymous_11)
FN:72,(anonymous_12)
FN:86,(anonymous_13)
FN:145,(anonymous_14)
FN:299,(anonymous_15)
FN:334,(anonymous_16)
FN:386,(anonymous_17)
FN:430,(anonymous_18)
FN:496,(anonymous_19)
FN:559,(anonymous_20)
FN:616,(anonymous_21)
FN:626,(anonymous_22)
FN:656,(anonymous_23)
FN:809,(anonymous_24)
FN:845,(anonymous_25)
FN:893,(anonymous_26)
FN:910,(anonymous_27)
FN:937,(anonymous_28)
FN:959,(anonymous_29)
FNF:20
FNH:8
FNDA:2,(anonymous_10)
FNDA:0,(anonymous_11)
FNDA:2,(anonymous_12)
FNDA:2,(anonymous_13)
FNDA:1,(anonymous_14)
FNDA:1,(anonymous_15)
FNDA:1,(anonymous_16)
FNDA:1,(anonymous_17)
FNDA:0,(anonymous_18)
FNDA:0,(anonymous_19)
FNDA:1,(anonymous_20)
FNDA:0,(anonymous_21)
FNDA:0,(anonymous_22)
FNDA:0,(anonymous_23)
FNDA:0,(anonymous_24)
FNDA:0,(anonymous_25)
FNDA:0,(anonymous_26)
FNDA:0,(anonymous_27)
FNDA:0,(anonymous_28)
FNDA:0,(anonymous_29)
DA:2,3
DA:4,3
DA:5,3
DA:6,3
DA:7,3
DA:8,3
DA:9,3
DA:10,3
DA:12,3
DA:13,3
DA:14,3
DA:15,3
DA:17,3
DA:19,3
DA:20,2
DA:21,2
DA:23,2
DA:25,2
DA:28,2
DA:29,2
DA:30,0
DA:31,0
DA:34,0
DA:35,0
DA:36,0
DA:40,2
DA:41,0
DA:44,2
DA:45,0
DA:48,2
DA:49,0
DA:50,0
DA:51,0
DA:53,0
DA:54,0
DA:59,2
DA:62,2
DA:65,2
DA:72,2
DA:75,2
DA:76,2
DA:86,3
DA:87,2
DA:88,2
DA:90,2
DA:94,2
DA:95,1
DA:100,1
DA:103,1
DA:104,1
DA:107,1
DA:108,1
DA:109,0
DA:110,0
DA:113,1
DA:114,0
DA:117,1
DA:118,1
DA:120,1
DA:123,1
DA:124,0
DA:132,1
DA:133,0
DA:141,1
DA:145,3
DA:146,1
DA:160,1
DA:163,1
DA:164,1
DA:166,1
DA:168,0
DA:169,0
DA:170,0
DA:172,0
DA:183,1
DA:184,0
DA:193,1
DA:194,0
DA:197,0
DA:213,0
DA:214,0
DA:215,0
DA:218,0
DA:219,0
DA:221,0
DA:223,0
DA:235,1
DA:251,1
DA:253,1
DA:254,1
DA:256,1
DA:259,1
DA:260,0
DA:268,1
DA:269,0
DA:270,0
DA:271,0
DA:272,0
DA:273,0
DA:274,0
DA:292,1
DA:299,3
DA:300,1
DA:301,1
DA:302,1
DA:304,1
DA:306,1
DA:307,0
DA:311,1
DA:312,0
DA:316,1
DA:317,0
DA:318,0
DA:322,1
DA:323,0
DA:324,0
DA:325,0
DA:327,0
DA:328,0
DA:330,0
DA:334,1
DA:335,1
DA:337,1
DA:338,1
DA:343,1
DA:344,1
DA:347,1
DA:348,0
DA:349,0
DA:350,0
DA:351,0
DA:352,0
DA:353,0
DA:371,1
DA:374,1
DA:375,0
DA:382,1
DA:386,3
DA:387,1
DA:388,1
DA:390,1
DA:392,1
DA:393,0
DA:397,1
DA:398,0
DA:402,1
DA:403,0
DA:404,0
DA:405,0
DA:406,0
DA:407,0
DA:408,0
DA:424,1
DA:426,1
DA:430,3
DA:431,0
DA:432,0
DA:433,0
DA:435,0
DA:437,0
DA:438,0
DA:443,0
DA:444,0
DA:445,0
DA:448,0
DA:449,0
DA:450,0
DA:451,0
DA:454,0
DA:455,0
DA:458,0
DA:459,0
DA:460,0
DA:461,0
DA:462,0
DA:465,0
DA:470,0
DA:471,0
DA:472,0
DA:473,0
DA:474,0
DA:475,0
DA:480,0
DA:481,0
DA:482,0
DA:485,0
DA:492,0
DA:494,0
DA:495,0
DA:497,0
DA:501,0
DA:507,0
DA:519,0
DA:524,0
DA:525,0
DA:526,0
DA:527,0
DA:528,0
DA:529,0
DA:545,0
DA:559,3
DA:560,1
DA:561,1
DA:563,1
DA:564,1
DA:565,1
DA:566,0
DA:567,0
DA:571,1
DA:572,1
DA:576,1
DA:580,1
DA:581,1
DA:587,1
DA:594,1
DA:595,1
DA:596,1
DA:597,1
DA:599,1
DA:609,1
DA:615,1
DA:616,0
DA:621,1
DA:626,1
DA:627,0
DA:630,1
DA:634,1
DA:638,1
DA:656,3
DA:657,0
DA:659,0
DA:667,0
DA:668,0
DA:669,0
DA:670,0
DA:678,0
DA:679,0
DA:681,0
DA:687,0
DA:690,0
DA:694,0
DA:695,0
DA:696,0
DA:697,0
DA:701,0
DA:718,0
DA:722,0
DA:723,0
DA:724,0
DA:726,0
DA:727,0
DA:731,0
DA:732,0
DA:734,0
DA:737,0
DA:742,0
DA:743,0
DA:749,0
DA:755,0
DA:761,0
DA:762,0
DA:764,0
DA:765,0
DA:766,0
DA:767,0
DA:768,0
DA:782,0
DA:783,0
DA:786,0
DA:788,0
DA:800,0
DA:805,0
DA:809,3
DA:810,0
DA:811,0
DA:814,0
DA:819,0
DA:820,0
DA:826,0
DA:827,0
DA:829,0
DA:831,0
DA:832,0
DA:834,0
DA:837,0
DA:840,0
DA:841,0
DA:842,0
DA:845,0
DA:849,0
DA:851,0
DA:859,0
DA:874,0
DA:880,0
DA:890,0
DA:891,0
DA:893,0
DA:894,0
DA:895,0
DA:897,0
DA:898,0
DA:900,0
DA:901,0
DA:904,0
DA:905,0
DA:906,0
DA:907,0
DA:910,0
DA:911,0
DA:912,0
DA:915,0
DA:919,0
DA:920,0
DA:928,0
DA:932,0
DA:937,0
DA:959,3
DA:960,0
DA:961,0
DA:964,0
DA:970,0
DA:971,0
DA:975,0
DA:976,0
DA:978,0
DA:984,0
DA:997,0
DA:998,0
DA:1001,0
DA:1005,0
DA:1018,0
DA:1019,0
DA:1022,0
DA:1025,0
DA:1028,0
DA:1032,0
DA:1045,0
DA:1046,0
DA:1050,0
DA:1066,0
DA:1067,0
DA:1070,0
DA:1071,0
DA:1072,0
DA:1076,0
DA:1080,0
DA:1081,0
DA:1082,0
DA:1083,0
DA:1087,0
DA:1101,0
DA:1105,0
DA:1110,0
DA:1111,0
DA:1113,0
DA:1116,0
DA:1117,0
DA:1124,0
LF:358
LH:119
BRDA:28,0,0,2
BRDA:28,0,1,0
BRDA:30,1,0,0
BRDA:30,1,1,0
BRDA:40,2,0,0
BRDA:40,2,1,2
BRDA:44,3,0,0
BRDA:44,3,1,2
BRDA:48,4,0,0
BRDA:48,4,1,2
BRDA:48,5,0,2
BRDA:48,5,1,2
BRDA:50,6,0,0
BRDA:50,6,1,0
BRDA:53,7,0,0
BRDA:53,7,1,0
BRDA:94,8,0,1
BRDA:94,8,1,1
BRDA:104,9,0,1
BRDA:104,9,1,0
BRDA:108,10,0,0
BRDA:108,10,1,1
BRDA:110,11,0,0
BRDA:110,11,1,0
BRDA:113,12,0,0
BRDA:113,12,1,1
BRDA:113,13,0,1
BRDA:113,13,1,0
BRDA:123,14,0,0
BRDA:123,14,1,1
BRDA:127,15,0,0
BRDA:127,15,1,0
BRDA:128,16,0,0
BRDA:128,16,1,0
BRDA:132,17,0,0
BRDA:132,17,1,1
BRDA:132,18,0,1
BRDA:132,18,1,0
BRDA:136,19,0,0
BRDA:136,19,1,0
BRDA:137,20,0,0
BRDA:137,20,1,0
BRDA:166,21,0,0
BRDA:166,21,1,1
BRDA:166,22,0,1
BRDA:166,22,1,0
BRDA:183,23,0,0
BRDA:183,23,1,1
BRDA:183,24,0,1
BRDA:183,24,1,1
BRDA:183,24,2,1
BRDA:193,25,0,0
BRDA:193,25,1,1
BRDA:213,26,0,0
BRDA:213,26,1,0
BRDA:237,27,0,1
BRDA:237,27,1,1
BRDA:244,28,0,1
BRDA:244,28,1,1
BRDA:246,29,0,0
BRDA:246,29,1,1
BRDA:247,30,0,1
BRDA:247,30,1,1
BRDA:259,31,0,0
BRDA:259,31,1,1
BRDA:259,32,0,1
BRDA:259,32,1,0
BRDA:263,33,0,0
BRDA:263,33,1,0
BRDA:268,34,0,0
BRDA:268,34,1,1
BRDA:271,35,0,0
BRDA:271,35,1,0
BRDA:271,36,0,0
BRDA:271,36,1,0
BRDA:273,37,0,0
BRDA:273,37,1,0
BRDA:306,38,0,0
BRDA:306,38,1,1
BRDA:311,39,0,0
BRDA:311,39,1,1
BRDA:316,40,0,0
BRDA:316,40,1,1
BRDA:322,41,0,0
BRDA:322,41,1,1
BRDA:322,42,0,1
BRDA:322,42,1,0
BRDA:327,43,0,0
BRDA:327,43,1,0
BRDA:327,44,0,0
BRDA:327,44,1,0
BRDA:335,45,0,1
BRDA:335,45,1,0
BRDA:335,46,0,1
BRDA:335,46,1,1
BRDA:335,46,2,1
BRDA:337,47,0,1
BRDA:337,47,1,0
BRDA:347,48,0,0
BRDA:347,48,1,1
BRDA:350,49,0,0
BRDA:350,49,1,0
BRDA:350,50,0,0
BRDA:350,50,1,0
BRDA:352,51,0,0
BRDA:352,51,1,0
BRDA:374,52,0,0
BRDA:374,52,1,1
BRDA:374,53,0,1
BRDA:374,53,1,0
BRDA:378,54,0,0
BRDA:378,54,1,0
BRDA:392,55,0,0
BRDA:392,55,1,1
BRDA:397,56,0,0
BRDA:397,56,1,1
BRDA:402,57,0,0
BRDA:402,57,1,1
BRDA:405,58,0,0
BRDA:405,58,1,0
BRDA:405,59,0,0
BRDA:405,59,1,0
BRDA:407,60,0,0
BRDA:407,60,1,0
BRDA:437,61,0,0
BRDA:437,61,1,0
BRDA:449,62,0,0
BRDA:449,62,1,0
BRDA:451,63,0,0
BRDA:451,63,1,0
BRDA:454,64,0,0
BRDA:454,64,1,0
BRDA:454,65,0,0
BRDA:454,65,1,0
BRDA:465,66,0,0
BRDA:465,66,1,0
BRDA:466,67,0,0
BRDA:466,67,1,0
BRDA:466,67,2,0
BRDA:471,68,0,0
BRDA:471,68,1,0
BRDA:473,69,0,0
BRDA:473,69,1,0
BRDA:480,70,0,0
BRDA:480,70,1,0
BRDA:480,71,0,0
BRDA:480,71,1,0
BRDA:519,72,0,0
BRDA:519,72,1,0
BRDA:520,73,0,0
BRDA:520,73,1,0
BRDA:520,73,2,0
BRDA:526,74,0,0
BRDA:526,74,1,0
BRDA:526,75,0,0
BRDA:526,75,1,0
BRDA:528,76,0,0
BRDA:528,76,1,0
BRDA:550,77,0,0
BRDA:550,77,1,0
BRDA:550,78,0,0
BRDA:550,78,1,0
BRDA:550,78,2,0
BRDA:564,79,0,1
BRDA:564,79,1,0
BRDA:566,80,0,0
BRDA:566,80,1,0
BRDA:615,81,0,0
BRDA:615,81,1,1
BRDA:616,82,0,0
BRDA:616,82,1,0
BRDA:627,83,0,0
BRDA:627,83,1,0
BRDA:634,84,0,0
BRDA:634,84,1,1
BRDA:657,85,0,0
BRDA:657,86,0,0
BRDA:667,87,0,0
BRDA:667,87,1,0
BRDA:668,88,0,0
BRDA:668,88,1,0
BRDA:679,89,0,0
BRDA:679,89,1,0
BRDA:679,90,0,0
BRDA:679,90,1,0
BRDA:695,91,0,0
BRDA:695,91,1,0
BRDA:695,92,0,0
BRDA:695,92,1,0
BRDA:723,93,0,0
BRDA:723,93,1,0
BRDA:726,94,0,0
BRDA:726,94,1,0
BRDA:731,95,0,0
BRDA:731,95,1,0
BRDA:732,96,0,0
BRDA:732,96,1,0
BRDA:761,97,0,0
BRDA:761,97,1,0
BRDA:765,98,0,0
BRDA:765,98,1,0
BRDA:765,99,0,0
BRDA:765,99,1,0
BRDA:811,100,0,0
BRDA:819,101,0,0
BRDA:819,101,1,0
BRDA:826,102,0,0
BRDA:826,102,1,0
BRDA:829,103,0,0
BRDA:829,103,1,0
BRDA:915,104,0,0
BRDA:915,104,1,0
BRDA:919,105,0,0
BRDA:919,105,1,0
BRDA:919,106,0,0
BRDA:919,106,1,0
BRDA:970,107,0,0
BRDA:970,107,1,0
BRDA:997,108,0,0
BRDA:997,108,1,0
BRDA:1018,109,0,0
BRDA:1018,109,1,0
BRDA:1028,110,0,0
BRDA:1028,110,1,0
BRDA:1045,111,0,0
BRDA:1045,111,1,0
BRDA:1071,112,0,0
BRDA:1071,112,1,0
BRDA:1071,113,0,0
BRDA:1071,113,1,0
BRDA:1081,114,0,0
BRDA:1081,114,1,0
BRDA:1116,115,0,0
BRDA:1116,115,1,0
BRDA:1116,116,0,0
BRDA:1116,116,1,0
BRDA:1120,117,0,0
BRDA:1120,117,1,0
BRF:238
BRH:51
end_of_record
TN:
SF:src/controllers/tutorAssessmentsController.ts
FN:11,(anonymous_1)
FN:21,(anonymous_2)
FN:38,(anonymous_3)
FN:52,(anonymous_4)
FN:67,(anonymous_5)
FNF:5
FNH:5
FNDA:1,(anonymous_1)
FNDA:1,(anonymous_2)
FNDA:1,(anonymous_3)
FNDA:1,(anonymous_4)
FNDA:2,(anonymous_5)
DA:3,3
DA:4,3
DA:5,3
DA:7,3
DA:9,3
DA:11,3
DA:12,1
DA:13,1
DA:14,1
DA:17,1
DA:19,1
DA:21,1
DA:38,3
DA:39,1
DA:40,1
DA:43,1
DA:50,1
DA:52,1
DA:67,3
DA:68,2
DA:69,2
DA:70,2
DA:72,2
DA:73,1
DA:76,1
DA:78,1
DA:82,1
DA:89,1
DA:90,0
DA:94,1
DA:95,1
DA:98,1
DA:102,1
LF:33
LH:32
BRDA:14,0,0,1
BRDA:14,0,1,1
BRDA:40,1,0,1
BRDA:40,1,1,1
BRDA:72,2,0,1
BRDA:72,2,1,1
BRDA:72,3,0,2
BRDA:72,3,1,1
BRDA:78,4,0,1
BRDA:78,4,1,0
BRDA:78,5,0,1
BRDA:78,5,1,1
BRDA:89,6,0,0
BRDA:89,6,1,1
BRDA:95,7,0,1
BRDA:95,7,1,0
BRF:16
BRH:13
end_of_record
TN:
SF:src/controllers/tutorAvailabilityController.ts
FN:10,(anonymous_1)
FN:21,(anonymous_2)
FN:34,(anonymous_3)
FN:83,(anonymous_4)
FN:101,(anonymous_5)
FN:114,(anonymous_6)
FN:161,(anonymous_7)
FNF:7
FNH:5
FNDA:1,(anonymous_1)
FNDA:1,(anonymous_2)
FNDA:2,(anonymous_3)
FNDA:1,(anonymous_4)
FNDA:1,(anonymous_5)
FNDA:0,(anonymous_6)
FNDA:0,(anonymous_7)
DA:3,3
DA:4,3
DA:5,3
DA:6,3
DA:8,3
DA:10,3
DA:11,1
DA:13,1
DA:14,0
DA:17,1
DA:19,1
DA:21,1
DA:34,3
DA:35,2
DA:37,2
DA:38,1
DA:42,1
DA:45,1
DA:46,0
DA:50,1
DA:52,0
DA:54,0
DA:58,1
DA:59,0
DA:63,1
DA:64,1
DA:65,0
DA:67,1
DA:68,0
DA:70,1
DA:71,0
DA:73,1
DA:74,0
DA:79,1
DA:82,1
DA:84,1
DA:94,1
DA:98,1
DA:101,1
DA:114,3
DA:115,0
DA:117,0
DA:118,0
DA:121,0
DA:123,0
DA:124,0
DA:126,0
DA:127,0
DA:129,0
DA:130,0
DA:132,0
DA:133,0
DA:136,0
DA:146,0
DA:161,3
DA:162,0
DA:163,0
DA:165,0
DA:166,0
DA:169,0
DA:170,0
DA:171,0
DA:174,0
DA:175,0
DA:178,0
DA:180,0
LF:66
LH:32
BRDA:13,0,0,0
BRDA:13,0,1,1
BRDA:27,1,0,0
BRDA:27,1,1,1
BRDA:37,2,0,1
BRDA:37,2,1,1
BRDA:45,3,0,0
BRDA:45,3,1,1
BRDA:45,4,0,1
BRDA:45,4,1,0
BRDA:50,5,0,0
BRDA:50,5,1,1
BRDA:50,6,0,1
BRDA:50,6,1,0
BRDA:50,6,2,0
BRDA:52,7,0,0
BRDA:52,7,1,0
BRDA:58,8,0,0
BRDA:58,8,1,1
BRDA:64,9,0,0
BRDA:64,9,1,1
BRDA:64,10,0,1
BRDA:64,10,1,1
BRDA:64,10,2,1
BRDA:67,11,0,0
BRDA:67,11,1,1
BRDA:67,12,0,1
BRDA:67,12,1,1
BRDA:70,13,0,0
BRDA:70,13,1,1
BRDA:70,14,0,1
BRDA:70,14,1,1
BRDA:73,15,0,0
BRDA:73,15,1,1
BRDA:90,16,0,0
BRDA:90,16,1,1
BRDA:107,17,0,0
BRDA:107,17,1,1
BRDA:117,18,0,0
BRDA:117,18,1,0
BRDA:123,19,0,0
BRDA:123,19,1,0
BRDA:123,20,0,0
BRDA:123,20,1,0
BRDA:123,20,2,0
BRDA:126,21,0,0
BRDA:126,21,1,0
BRDA:126,22,0,0
BRDA:126,22,1,0
BRDA:129,23,0,0
BRDA:129,23,1,0
BRDA:129,24,0,0
BRDA:129,24,1,0
BRDA:132,25,0,0
BRDA:132,25,1,0
BRDA:142,26,0,0
BRDA:142,26,1,0
BRDA:165,27,0,0
BRDA:165,27,1,0
BRDA:170,28,0,0
BRDA:170,28,1,0
BRDA:174,29,0,0
BRDA:174,29,1,0
BRF:63
BRH:22
end_of_record
TN:
SF:src/controllers/tutorCommitmentsController.ts
FN:13,(anonymous_10)
FN:62,(anonymous_11)
FN:70,(anonymous_12)
FN:85,(anonymous_13)
FN:139,(anonymous_14)
FN:156,(anonymous_15)
FN:163,(anonymous_16)
FN:173,(anonymous_17)
FNF:8
FNH:3
FNDA:4,(anonymous_10)
FNDA:1,(anonymous_11)
FNDA:0,(anonymous_12)
FNDA:1,(anonymous_13)
FNDA:0,(anonymous_14)
FNDA:0,(anonymous_15)
FNDA:0,(anonymous_16)
FNDA:0,(anonymous_17)
DA:3,3
DA:4,3
DA:5,3
DA:6,3
DA:7,3
DA:8,3
DA:9,3
DA:11,3
DA:13,3
DA:14,4
DA:15,4
DA:16,4
DA:18,4
DA:19,1
DA:22,3
DA:23,1
DA:26,2
DA:27,0
DA:31,2
DA:32,2
DA:33,1
DA:36,1
DA:37,0
DA:42,1
DA:43,1
DA:44,1
DA:45,1
DA:46,1
DA:47,1
DA:49,0
DA:50,0
DA:51,0
DA:52,0
DA:53,0
DA:54,0
DA:57,1
DA:58,1
DA:59,1
DA:62,1
DA:63,1
DA:68,1
DA:70,0
DA:76,0
DA:77,0
DA:78,0
DA:81,1
DA:85,1
DA:96,1
DA:97,1
DA:100,1
DA:102,1
DA:114,1
DA:118,0
DA:119,0
DA:122,0
DA:124,0
DA:139,3
DA:140,0
DA:141,0
DA:143,0
DA:144,0
DA:147,0
DA:151,0
DA:152,0
DA:155,0
DA:157,0
DA:158,0
DA:162,0
DA:163,0
DA:165,0
DA:167,0
DA:173,0
DA:186,0
DA:187,0
LF:74
LH:41
BRDA:18,0,0,1
BRDA:18,0,1,3
BRDA:22,1,0,1
BRDA:22,1,1,2
BRDA:22,2,0,3
BRDA:22,2,1,3
BRDA:22,2,2,3
BRDA:26,3,0,0
BRDA:26,3,1,2
BRDA:32,4,0,1
BRDA:32,4,1,1
BRDA:36,5,0,0
BRDA:36,5,1,1
BRDA:42,6,0,1
BRDA:42,6,1,0
BRDA:46,7,0,0
BRDA:46,7,1,1
BRDA:53,8,0,0
BRDA:53,8,1,0
BRDA:68,9,0,0
BRDA:68,9,1,1
BRDA:72,10,0,0
BRDA:72,10,1,0
BRDA:73,11,0,0
BRDA:73,11,1,0
BRDA:87,12,0,1
BRDA:87,12,1,0
BRDA:88,13,0,1
BRDA:88,13,1,0
BRDA:97,14,0,1
BRDA:97,14,1,0
BRDA:119,15,0,0
BRDA:119,15,1,0
BRDA:143,16,0,0
BRDA:143,16,1,0
BRDA:158,17,0,0
BRDA:158,17,1,0
BRDA:162,18,0,0
BRDA:162,18,1,0
BRDA:165,19,0,0
BRDA:165,19,1,0
BRF:41
BRH:17
end_of_record
TN:
SF:src/controllers/tutorGoalsController.ts
FN:14,(anonymous_1)
FN:24,(anonymous_2)
FN:59,(anonymous_3)
FN:120,(anonymous_4)
FN:141,(anonymous_5)
FN:170,(anonymous_6)
FN:207,(anonymous_7)
FNF:7
FNH:3
FNDA:1,(anonymous_1)
FNDA:1,(anonymous_2)
FNDA:4,(anonymous_3)
FNDA:0,(anonymous_4)
FNDA:0,(anonymous_5)
FNDA:0,(anonymous_6)
FNDA:0,(anonymous_7)
DA:3,3
DA:4,3
DA:5,3
DA:6,3
DA:7,3
DA:9,3
DA:10,3
DA:12,3
DA:14,3
DA:15,1
DA:16,1
DA:18,1
DA:19,1
DA:20,1
DA:23,1
DA:25,1
DA:26,1
DA:30,1
DA:32,1
DA:50,1
DA:51,1
DA:59,3
DA:60,4
DA:61,4
DA:62,4
DA:64,4
DA:65,1
DA:69,3
DA:70,3
DA:71,1
DA:74,2
DA:75,1
DA:79,1
DA:95,1
DA:96,1
DA:99,1
DA:101,1
DA:120,3
DA:121,0
DA:122,0
DA:124,0
DA:125,0
DA:131,0
DA:136,0
DA:137,0
DA:140,0
DA:142,0
DA:143,0
DA:147,0
DA:161,0
DA:162,0
DA:170,3
DA:171,0
DA:172,0
DA:174,0
DA:175,0
DA:178,0
DA:179,0
DA:180,0
DA:183,0
DA:184,0
DA:188,0
DA:189,0
DA:192,0
DA:196,0
DA:207,3
DA:208,0
DA:209,0
DA:210,0
DA:212,0
DA:213,0
DA:216,0
DA:217,0
DA:218,0
DA:221,0
DA:222,0
DA:226,0
DA:227,0
DA:228,0
DA:231,0
DA:235,0
LF:81
LH:40
BRDA:26,0,0,1
BRDA:26,0,1,0
BRDA:42,1,0,1
BRDA:42,1,1,0
BRDA:43,2,0,1
BRDA:43,2,1,0
BRDA:64,3,0,1
BRDA:64,3,1,3
BRDA:64,4,0,4
BRDA:64,4,1,3
BRDA:70,5,0,1
BRDA:70,5,1,2
BRDA:74,6,0,1
BRDA:74,6,1,1
BRDA:85,7,0,1
BRDA:85,7,1,0
BRDA:86,8,0,1
BRDA:86,8,1,0
BRDA:96,9,0,1
BRDA:96,9,1,0
BRDA:114,10,0,1
BRDA:114,10,1,0
BRDA:124,11,0,0
BRDA:124,11,1,0
BRDA:143,12,0,0
BRDA:143,12,1,0
BRDA:174,13,0,0
BRDA:174,13,1,0
BRDA:179,14,0,0
BRDA:179,14,1,0
BRDA:183,15,0,0
BRDA:183,15,1,0
BRDA:212,16,0,0
BRDA:212,16,1,0
BRDA:217,17,0,0
BRDA:217,17,1,0
BRDA:221,18,0,0
BRDA:221,18,1,0
BRDA:227,19,0,0
BRDA:227,19,1,0
BRF:40
BRH:15
end_of_record
TN:
SF:src/controllers/tutorReflectionsController.ts
FN:13,(anonymous_10)
FN:33,(anonymous_11)
FN:60,(anonymous_12)
FN:116,(anonymous_13)
FN:126,(anonymous_14)
FN:142,(anonymous_15)
FNF:6
FNH:3
FNDA:2,(anonymous_10)
FNDA:1,(anonymous_11)
FNDA:2,(anonymous_12)
FNDA:0,(anonymous_13)
FNDA:0,(anonymous_14)
FNDA:0,(anonymous_15)
DA:3,3
DA:4,3
DA:5,3
DA:6,3
DA:7,3
DA:8,3
DA:9,3
DA:11,3
DA:13,3
DA:14,2
DA:15,2
DA:16,2
DA:18,2
DA:19,1
DA:23,1
DA:24,1
DA:25,0
DA:29,1
DA:30,1
DA:31,1
DA:33,1
DA:51,1
DA:52,1
DA:60,3
DA:61,2
DA:62,2
DA:63,2
DA:65,2
DA:66,0
DA:69,2
DA:70,1
DA:73,1
DA:74,0
DA:77,1
DA:78,1
DA:79,0
DA:83,1
DA:90,1
DA:93,1
DA:94,1
DA:97,1
DA:101,1
DA:116,3
DA:117,0
DA:118,0
DA:120,0
DA:121,0
DA:126,0
DA:129,0
DA:134,0
DA:142,0
DA:143,0
DA:144,0
DA:148,0
DA:161,0
DA:162,0
LF:56
LH:39
BRDA:18,0,0,1
BRDA:18,0,1,1
BRDA:24,1,0,0
BRDA:24,1,1,1
BRDA:40,2,0,0
BRDA:40,2,1,1
BRDA:65,3,0,0
BRDA:65,3,1,2
BRDA:69,4,0,1
BRDA:69,4,1,1
BRDA:69,5,0,2
BRDA:69,5,1,1
BRDA:73,6,0,0
BRDA:73,6,1,1
BRDA:78,7,0,0
BRDA:78,7,1,1
BRDA:94,8,0,1
BRDA:94,8,1,0
BRDA:120,9,0,0
BRDA:120,9,1,0
BRDA:144,10,0,0
BRDA:144,10,1,0
BRF:22
BRH:12
end_of_record
TN:
SF:src/controllers/tutorSessionController.ts
FN:15,(anonymous_0)
FN:41,(anonymous_1)
FN:75,(anonymous_2)
FN:295,(anonymous_3)
FN:350,(anonymous_4)
FN:458,(anonymous_5)
FN:537,(anonymous_6)
FNF:7
FNH:4
FNDA:1,(anonymous_0)
FNDA:1,(anonymous_1)
FNDA:2,(anonymous_2)
FNDA:0,(anonymous_3)
FNDA:1,(anonymous_4)
FNDA:0,(anonymous_5)
FNDA:0,(anonymous_6)
DA:3,3
DA:4,3
DA:5,3
DA:6,3
DA:7,3
DA:8,3
DA:9,3
DA:11,3
DA:13,3
DA:15,3
DA:16,1
DA:18,1
DA:19,0
DA:23,1
DA:26,1
DA:32,1
DA:41,1
DA:42,1
DA:43,1
DA:45,1
DA:66,1
DA:67,1
DA:75,3
DA:76,2
DA:77,2
DA:79,2
DA:81,2
DA:82,0
DA:86,2
DA:88,2
DA:89,1
DA:90,1
DA:93,1
DA:101,1
DA:102,1
DA:104,1
DA:105,0
DA:106,0
DA:109,1
DA:110,0
DA:111,0
DA:112,0
DA:113,0
DA:114,0
DA:115,0
DA:117,0
DA:124,1
DA:131,1
DA:132,1
DA:134,1
DA:142,1
DA:150,1
DA:156,1
DA:157,1
DA:158,0
DA:159,0
DA:162,0
DA:164,0
DA:165,0
DA:166,0
DA:176,0
DA:180,1
DA:181,0
DA:182,0
DA:184,0
DA:191,0
DA:203,0
DA:204,0
DA:205,0
DA:206,0
DA:207,0
DA:216,0
DA:220,0
DA:226,1
DA:230,1
DA:247,1
DA:248,0
DA:250,0
DA:251,0
DA:252,0
DA:254,0
DA:255,0
DA:256,0
DA:258,0
DA:261,1
DA:267,1
DA:269,1
DA:270,1
DA:271,0
DA:279,1
DA:280,1
DA:282,1
DA:295,3
DA:296,0
DA:297,0
DA:298,0
DA:300,0
DA:301,0
DA:304,0
DA:306,0
DA:307,0
DA:310,0
DA:311,0
DA:314,0
DA:315,0
DA:319,0
DA:320,0
DA:321,0
DA:323,0
DA:326,0
DA:327,0
DA:328,0
DA:329,0
DA:339,0
DA:350,3
DA:351,1
DA:352,1
DA:354,1
DA:355,0
DA:358,1
DA:359,0
DA:363,1
DA:364,1
DA:365,0
DA:369,1
DA:370,1
DA:372,1
DA:385,1
DA:386,0
DA:390,1
DA:391,1
DA:394,1
DA:410,1
DA:411,1
DA:414,1
DA:415,1
DA:416,1
DA:424,1
DA:425,1
DA:427,1
DA:448,1
DA:458,3
DA:459,0
DA:460,0
DA:461,0
DA:463,0
DA:464,0
DA:467,0
DA:469,0
DA:470,0
DA:473,0
DA:474,0
DA:477,0
DA:478,0
DA:481,0
DA:482,0
DA:483,0
DA:486,0
DA:500,0
DA:501,0
DA:505,0
DA:506,0
DA:507,0
DA:508,0
DA:510,0
DA:513,0
DA:514,0
DA:515,0
DA:516,0
DA:524,0
DA:537,3
DA:538,0
DA:539,0
DA:540,0
DA:542,0
DA:543,0
DA:546,0
DA:548,0
DA:549,0
DA:552,0
DA:553,0
DA:556,0
DA:557,0
DA:561,0
DA:562,0
DA:563,0
DA:565,0
DA:568,0
DA:569,0
DA:570,0
DA:571,0
DA:581,0
LF:192
LH:80
BRDA:18,0,0,0
BRDA:18,0,1,1
BRDA:52,1,0,1
BRDA:52,1,1,1
BRDA:81,2,0,0
BRDA:81,2,1,2
BRDA:88,3,0,1
BRDA:88,3,1,1
BRDA:104,4,0,0
BRDA:104,4,1,1
BRDA:109,5,0,0
BRDA:109,5,1,1
BRDA:112,6,0,0
BRDA:112,6,1,0
BRDA:114,7,0,0
BRDA:114,7,1,0
BRDA:162,8,0,0
BRDA:162,8,1,0
BRDA:164,9,0,0
BRDA:164,9,1,0
BRDA:180,10,0,0
BRDA:180,10,1,1
BRDA:203,11,0,0
BRDA:203,11,1,0
BRDA:203,12,0,0
BRDA:203,12,1,0
BRDA:206,13,0,0
BRDA:206,13,1,0
BRDA:247,14,0,0
BRDA:247,14,1,1
BRDA:251,15,0,0
BRDA:251,15,1,0
BRDA:255,16,0,0
BRDA:255,16,1,0
BRDA:270,17,0,0
BRDA:270,17,1,1
BRDA:300,18,0,0
BRDA:300,18,1,0
BRDA:306,19,0,0
BRDA:306,19,1,0
BRDA:310,20,0,0
BRDA:310,20,1,0
BRDA:314,21,0,0
BRDA:314,21,1,0
BRDA:320,22,0,0
BRDA:320,22,1,0
BRDA:328,23,0,0
BRDA:328,23,1,0
BRDA:332,24,0,0
BRDA:332,24,1,0
BRDA:354,25,0,0
BRDA:354,25,1,1
BRDA:358,26,0,0
BRDA:358,26,1,1
BRDA:358,27,0,1
BRDA:358,27,1,1
BRDA:358,27,2,1
BRDA:358,27,3,1
BRDA:358,27,4,1
BRDA:364,28,0,0
BRDA:364,28,1,1
BRDA:364,29,0,1
BRDA:364,29,1,1
BRDA:385,30,0,0
BRDA:385,30,1,1
BRDA:391,31,0,1
BRDA:391,31,1,1
BRDA:415,32,0,1
BRDA:415,32,1,0
BRDA:433,33,0,1
BRDA:433,33,1,1
BRDA:463,34,0,0
BRDA:463,34,1,0
BRDA:469,35,0,0
BRDA:469,35,1,0
BRDA:473,36,0,0
BRDA:473,36,1,0
BRDA:477,37,0,0
BRDA:477,37,1,0
BRDA:481,38,0,0
BRDA:481,38,1,0
BRDA:482,39,0,0
BRDA:482,39,1,0
BRDA:500,40,0,0
BRDA:500,40,1,0
BRDA:507,41,0,0
BRDA:507,41,1,0
BRDA:515,42,0,0
BRDA:515,42,1,0
BRDA:542,43,0,0
BRDA:542,43,1,0
BRDA:548,44,0,0
BRDA:548,44,1,0
BRDA:552,45,0,0
BRDA:552,45,1,0
BRDA:556,46,0,0
BRDA:556,46,1,0
BRDA:562,47,0,0
BRDA:562,47,1,0
BRDA:570,48,0,0
BRDA:570,48,1,0
BRDA:574,49,0,0
BRDA:574,49,1,0
BRF:103
BRH:27
end_of_record
TN:
SF:src/controllers/tutorStudentsController.ts
FN:16,(anonymous_1)
FN:51,(anonymous_2)
FN:60,(anonymous_3)
FN:65,(anonymous_4)
FN:84,(anonymous_5)
FN:196,(anonymous_6)
FN:223,(anonymous_7)
FN:266,(anonymous_8)
FN:298,(anonymous_9)
FN:303,(anonymous_10)
FN:320,(anonymous_11)
FN:383,(anonymous_12)
FN:420,(anonymous_13)
FN:430,(anonymous_14)
FN:434,(anonymous_15)
FN:451,(anonymous_16)
FN:492,(anonymous_17)
FN:499,(anonymous_18)
FN:529,(anonymous_19)
FN:560,(anonymous_20)
FNF:20
FNH:16
FNDA:3,(anonymous_1)
FNDA:1,(anonymous_2)
FNDA:2,(anonymous_3)
FNDA:2,(anonymous_4)
FNDA:3,(anonymous_5)
FNDA:3,(anonymous_6)
FNDA:3,(anonymous_7)
FNDA:3,(anonymous_8)
FNDA:1,(anonymous_9)
FNDA:1,(anonymous_10)
FNDA:2,(anonymous_11)
FNDA:3,(anonymous_12)
FNDA:2,(anonymous_13)
FNDA:0,(anonymous_14)
FNDA:0,(anonymous_15)
FNDA:0,(anonymous_16)
FNDA:1,(anonymous_17)
FNDA:0,(anonymous_18)
FNDA:4,(anonymous_19)
FNDA:4,(anonymous_20)
DA:3,3
DA:4,3
DA:5,3
DA:6,3
DA:7,3
DA:8,3
DA:9,3
DA:10,3
DA:11,3
DA:12,3
DA:14,3
DA:16,3
DA:17,3
DA:19,3
DA:21,3
DA:24,3
DA:27,2
DA:34,2
DA:35,1
DA:43,1
DA:44,1
DA:45,1
DA:47,1
DA:48,1
DA:50,1
DA:52,1
DA:53,1
DA:56,1
DA:57,1
DA:58,1
DA:59,1
DA:60,2
DA:62,1
DA:66,2
DA:67,2
DA:72,0
DA:73,0
DA:77,1
DA:78,1
DA:79,1
DA:80,1
DA:81,1
DA:82,1
DA:83,1
DA:84,3
DA:87,0
DA:88,0
DA:89,0
DA:94,1
DA:95,1
DA:96,1
DA:97,1
DA:100,1
DA:101,1
DA:104,0
DA:105,0
DA:108,0
DA:109,0
DA:110,0
DA:111,0
DA:113,0
DA:118,0
DA:119,0
DA:123,1
DA:124,1
DA:128,1
DA:129,0
DA:130,1
DA:134,0
DA:135,1
DA:136,0
DA:139,1
DA:154,0
DA:156,0
DA:174,1
DA:178,1
DA:179,1
DA:185,1
DA:187,1
DA:196,3
DA:197,3
DA:200,3
DA:202,3
DA:204,3
DA:205,3
DA:206,3
DA:209,3
DA:210,3
DA:211,3
DA:215,3
DA:216,1
DA:220,3
DA:221,3
DA:222,1
DA:223,3
DA:224,1
DA:226,1
DA:227,1
DA:232,3
DA:233,3
DA:235,3
DA:243,3
DA:244,2
DA:247,3
DA:248,3
DA:258,3
DA:266,3
DA:267,3
DA:268,3
DA:270,3
DA:271,1
DA:275,2
DA:276,2
DA:277,1
DA:281,1
DA:286,1
DA:287,0
DA:290,1
DA:291,1
DA:294,1
DA:295,1
DA:296,1
DA:297,1
DA:298,1
DA:300,1
DA:304,1
DA:305,1
DA:310,0
DA:313,1
DA:314,1
DA:315,1
DA:316,1
DA:317,1
DA:318,1
DA:319,1
DA:320,2
DA:323,0
DA:326,1
DA:327,1
DA:328,1
DA:329,1
DA:330,1
DA:331,0
DA:332,0
DA:335,0
DA:336,0
DA:337,0
DA:338,0
DA:340,0
DA:344,1
DA:345,1
DA:349,1
DA:350,0
DA:351,1
DA:355,0
DA:356,1
DA:357,0
DA:360,1
DA:383,3
DA:384,3
DA:385,3
DA:387,3
DA:388,1
DA:392,2
DA:395,2
DA:396,1
DA:397,1
DA:405,2
DA:408,2
DA:411,2
DA:419,2
DA:421,2
DA:424,2
DA:425,2
DA:427,2
DA:428,2
DA:429,2
DA:430,2
DA:431,2
DA:435,0
DA:436,0
DA:444,2
DA:445,2
DA:446,2
DA:447,2
DA:448,2
DA:449,0
DA:450,0
DA:451,0
DA:457,2
DA:459,2
DA:460,2
DA:464,2
DA:465,1
DA:466,1
DA:467,1
DA:470,2
DA:490,2
DA:491,2
DA:492,1
DA:498,2
DA:499,0
DA:500,0
DA:502,0
DA:504,0
DA:506,0
DA:508,0
DA:509,0
DA:510,0
DA:512,0
DA:520,2
DA:521,2
DA:529,3
DA:530,4
DA:531,4
DA:533,4
DA:534,1
DA:537,3
DA:538,1
DA:542,2
DA:546,2
DA:547,1
DA:552,1
DA:560,3
DA:561,4
DA:562,4
DA:564,4
DA:565,1
DA:568,3
DA:569,1
DA:573,2
DA:577,2
DA:578,1
DA:583,1
DA:585,1
DA:599,1
LF:236
LH:190
BRDA:34,0,0,1
BRDA:34,0,1,1
BRDA:34,1,0,2
BRDA:34,1,1,2
BRDA:60,2,0,2
BRDA:60,2,1,2
BRDA:63,3,0,1
BRDA:63,3,1,0
BRDA:66,4,0,2
BRDA:66,4,1,0
BRDA:81,5,0,1
BRDA:81,5,1,0
BRDA:82,6,0,1
BRDA:82,6,1,0
BRDA:94,7,0,1
BRDA:94,7,1,0
BRDA:95,8,0,1
BRDA:95,8,1,0
BRDA:100,9,0,1
BRDA:100,9,1,0
BRDA:104,10,0,0
BRDA:104,10,1,0
BRDA:108,11,0,0
BRDA:108,11,1,0
BRDA:110,12,0,0
BRDA:110,12,1,0
BRDA:124,13,0,1
BRDA:124,13,1,0
BRDA:128,14,0,0
BRDA:128,14,1,1
BRDA:128,15,0,1
BRDA:128,15,1,0
BRDA:130,16,0,0
BRDA:130,16,1,1
BRDA:131,17,0,1
BRDA:131,17,1,1
BRDA:131,17,2,1
BRDA:135,18,0,0
BRDA:135,18,1,1
BRDA:135,19,0,1
BRDA:135,19,1,0
BRDA:142,20,0,1
BRDA:142,20,1,0
BRDA:142,21,0,1
BRDA:142,21,1,0
BRDA:142,22,0,1
BRDA:142,22,1,0
BRDA:144,23,0,1
BRDA:144,23,1,0
BRDA:159,24,0,0
BRDA:159,24,1,0
BRDA:159,25,0,0
BRDA:159,25,1,0
BRDA:159,26,0,0
BRDA:159,26,1,0
BRDA:161,27,0,0
BRDA:161,27,1,0
BRDA:162,28,0,0
BRDA:162,28,1,0
BRDA:209,29,0,3
BRDA:209,29,1,1
BRDA:210,30,0,3
BRDA:210,30,1,0
BRDA:211,31,0,3
BRDA:211,31,1,0
BRDA:215,32,0,1
BRDA:215,32,1,2
BRDA:215,33,0,3
BRDA:215,33,1,1
BRDA:221,34,0,1
BRDA:221,34,1,2
BRDA:222,35,0,1
BRDA:222,35,1,0
BRDA:224,36,0,1
BRDA:224,36,1,0
BRDA:226,37,0,1
BRDA:226,37,1,0
BRDA:243,38,0,2
BRDA:243,38,1,1
BRDA:247,39,0,3
BRDA:247,39,1,0
BRDA:253,40,0,1
BRDA:253,40,1,2
BRDA:270,41,0,1
BRDA:270,41,1,2
BRDA:276,42,0,1
BRDA:276,42,1,1
BRDA:276,43,0,2
BRDA:276,43,1,1
BRDA:286,44,0,0
BRDA:286,44,1,1
BRDA:286,45,0,1
BRDA:286,45,1,1
BRDA:298,46,0,1
BRDA:298,46,1,1
BRDA:301,47,0,1
BRDA:301,47,1,0
BRDA:304,48,0,1
BRDA:304,48,1,0
BRDA:317,49,0,1
BRDA:317,49,1,0
BRDA:318,50,0,1
BRDA:318,50,1,0
BRDA:326,51,0,1
BRDA:326,51,1,0
BRDA:327,52,0,1
BRDA:327,52,1,0
BRDA:329,53,0,1
BRDA:329,53,1,0
BRDA:331,54,0,0
BRDA:331,54,1,0
BRDA:335,55,0,0
BRDA:335,55,1,0
BRDA:337,56,0,0
BRDA:337,56,1,0
BRDA:345,57,0,1
BRDA:345,57,1,0
BRDA:349,58,0,0
BRDA:349,58,1,1
BRDA:349,59,0,1
BRDA:349,59,1,0
BRDA:351,60,0,0
BRDA:351,60,1,1
BRDA:352,61,0,1
BRDA:352,61,1,1
BRDA:352,61,2,1
BRDA:356,62,0,0
BRDA:356,62,1,1
BRDA:356,63,0,1
BRDA:356,63,1,0
BRDA:364,64,0,1
BRDA:364,64,1,0
BRDA:364,65,0,1
BRDA:364,65,1,0
BRDA:365,66,0,1
BRDA:365,66,1,0
BRDA:366,67,0,1
BRDA:366,67,1,1
BRDA:367,68,0,1
BRDA:367,68,1,0
BRDA:368,69,0,1
BRDA:368,69,1,0
BRDA:376,70,0,1
BRDA:376,70,1,0
BRDA:387,71,0,1
BRDA:387,71,1,2
BRDA:395,72,0,1
BRDA:395,72,1,1
BRDA:424,73,0,2
BRDA:424,73,1,1
BRDA:425,74,0,2
BRDA:425,74,1,0
BRDA:432,75,0,0
BRDA:432,75,1,2
BRDA:435,76,0,0
BRDA:435,76,1,0
BRDA:448,77,0,0
BRDA:448,77,1,2
BRDA:449,78,0,0
BRDA:449,78,1,0
BRDA:457,79,0,1
BRDA:457,79,1,1
BRDA:460,80,0,2
BRDA:460,80,1,0
BRDA:464,81,0,1
BRDA:464,81,1,1
BRDA:464,82,0,2
BRDA:464,82,1,1
BRDA:466,83,0,1
BRDA:466,83,1,0
BRDA:472,84,0,2
BRDA:472,84,1,0
BRDA:472,85,0,2
BRDA:472,85,1,0
BRDA:473,86,0,2
BRDA:473,86,1,0
BRDA:491,87,0,1
BRDA:491,87,1,1
BRDA:491,88,0,2
BRDA:491,88,1,1
BRDA:498,89,0,0
BRDA:498,89,1,2
BRDA:500,90,0,0
BRDA:500,90,1,0
BRDA:500,90,2,0
BRDA:500,90,3,0
BRDA:500,90,4,0
BRDA:508,91,0,0
BRDA:508,91,1,0
BRDA:509,92,0,0
BRDA:509,92,1,0
BRDA:533,93,0,1
BRDA:533,93,1,3
BRDA:537,94,0,1
BRDA:537,94,1,2
BRDA:546,95,0,1
BRDA:546,95,1,1
BRDA:546,96,0,2
BRDA:546,96,1,2
BRDA:564,97,0,1
BRDA:564,97,1,3
BRDA:568,98,0,1
BRDA:568,98,1,2
BRDA:568,99,0,3
BRDA:568,99,1,3
BRDA:568,99,2,2
BRDA:577,100,0,1
BRDA:577,100,1,1
BRDA:577,101,0,2
BRDA:577,101,1,2
BRDA:591,102,0,1
BRDA:591,102,1,0
BRDA:592,103,0,1
BRDA:592,103,1,0
BRDA:593,104,0,1
BRDA:593,104,1,1
BRF:216
BRH:127
end_of_record
TN:
SF:src/controllers/userController.ts
FN:9,(anonymous_9)
FN:53,(anonymous_10)
FN:86,(anonymous_11)
FN:96,(anonymous_12)
FN:106,(anonymous_13)
FN:123,(anonymous_14)
FN:129,(anonymous_15)
FN:137,(anonymous_16)
FN:141,(anonymous_17)
FN:149,(anonymous_18)
FN:172,(anonymous_19)
FNF:11
FNH:4
FNDA:5,(anonymous_9)
FNDA:7,(anonymous_10)
FNDA:3,(anonymous_11)
FNDA:3,(anonymous_12)
FNDA:0,(anonymous_13)
FNDA:0,(anonymous_14)
FNDA:0,(anonymous_15)
FNDA:0,(anonymous_16)
FNDA:0,(anonymous_17)
FNDA:0,(anonymous_18)
FNDA:0,(anonymous_19)
DA:3,3
DA:4,3
DA:5,3
DA:6,3
DA:8,3
DA:9,3
DA:10,5
DA:11,5
DA:13,5
DA:53,3
DA:54,7
DA:55,7
DA:57,7
DA:86,3
DA:87,3
DA:88,3
DA:89,3
DA:90,2
DA:96,3
DA:97,3
DA:98,3
DA:99,3
DA:100,2
DA:106,3
DA:107,0
DA:108,0
DA:109,0
DA:110,0
DA:123,3
DA:124,0
DA:125,0
DA:126,0
DA:129,3
DA:130,0
DA:131,0
DA:133,0
DA:134,0
DA:137,0
DA:138,0
DA:140,0
DA:141,0
DA:149,3
DA:150,0
DA:151,0
DA:152,0
DA:153,0
DA:156,0
DA:158,0
DA:167,0
DA:168,0
DA:172,3
DA:173,0
DA:174,0
DA:176,0
DA:177,0
DA:182,0
DA:185,0
DA:186,0
DA:191,0
LF:59
LH:28
BRDA:22,0,0,5
BRDA:22,0,1,4
BRDA:23,1,0,5
BRDA:23,1,1,5
BRDA:24,2,0,5
BRDA:24,2,1,4
BRDA:25,3,0,5
BRDA:25,3,1,5
BRDA:26,4,0,5
BRDA:26,4,1,5
BRDA:27,5,0,5
BRDA:27,5,1,1
BRDA:28,6,0,5
BRDA:28,6,1,1
BRDA:29,7,0,5
BRDA:29,7,1,5
BRDA:30,8,0,5
BRDA:30,8,1,1
BRDA:31,9,0,5
BRDA:31,9,1,1
BRDA:32,10,0,5
BRDA:32,10,1,1
BRDA:33,11,0,5
BRDA:33,11,1,0
BRDA:34,12,0,5
BRDA:34,12,1,3
BRDA:45,13,0,5
BRDA:45,13,1,0
BRDA:66,14,0,7
BRDA:66,14,1,7
BRDA:67,15,0,7
BRDA:67,15,1,5
BRDA:68,16,0,7
BRDA:68,16,1,6
BRDA:69,17,0,7
BRDA:69,17,1,4
BRDA:70,18,0,7
BRDA:70,18,1,4
BRDA:71,19,0,7
BRDA:71,19,1,2
BRDA:72,20,0,7
BRDA:72,20,1,2
BRDA:73,21,0,7
BRDA:73,21,1,5
BRDA:74,22,0,7
BRDA:74,22,1,2
BRDA:75,23,0,7
BRDA:75,23,1,2
BRDA:76,24,0,7
BRDA:76,24,1,2
BRDA:77,25,0,7
BRDA:77,25,1,2
BRDA:78,26,0,7
BRDA:78,26,1,6
BRDA:133,27,0,0
BRDA:133,27,1,0
BRDA:152,28,0,0
BRDA:152,28,1,0
BRDA:176,29,0,0
BRDA:176,29,1,0
BRDA:188,30,0,0
BRDA:188,30,1,0
BRF:62
BRH:52
end_of_record
TN:
SF:src/middleware/auth.ts
FN:22,(anonymous_1)
FN:83,(anonymous_2)
FN:84,(anonymous_3)
FN:108,(anonymous_4)
FNF:4
FNH:3
FNDA:38,(anonymous_1)
FNDA:20,(anonymous_2)
FNDA:6,(anonymous_3)
FNDA:0,(anonymous_4)
DA:2,3
DA:4,3
DA:5,3
DA:6,3
DA:7,3
DA:22,3
DA:27,38
DA:28,38
DA:30,38
DA:31,4
DA:34,34
DA:37,34
DA:38,34
DA:40,1
DA:41,1
DA:44,33
DA:48,32
DA:49,0
DA:50,0
DA:53,32
DA:54,1
DA:57,31
DA:64,31
DA:66,1
DA:67,1
DA:83,3
DA:84,20
DA:85,6
DA:86,1
DA:89,5
DA:90,1
DA:96,1
DA:99,4
DA:108,3
DA:113,0
DA:115,0
DA:116,0
DA:119,0
DA:120,0
DA:121,0
DA:123,0
DA:127,0
DA:128,0
DA:140,0
LF:44
LH:32
BRDA:30,0,0,4
BRDA:30,0,1,34
BRDA:30,1,0,38
BRDA:30,1,1,35
BRDA:48,2,0,0
BRDA:48,2,1,32
BRDA:53,3,0,1
BRDA:53,3,1,31
BRDA:85,4,0,1
BRDA:85,4,1,5
BRDA:89,5,0,1
BRDA:89,5,1,4
BRDA:115,6,0,0
BRDA:115,6,1,0
BRDA:115,7,0,0
BRDA:115,7,1,0
BRDA:127,8,0,0
BRDA:127,8,1,0
BRDA:127,9,0,0
BRDA:127,9,1,0
BRF:20
BRH:11
end_of_record
TN:
SF:src/middleware/errorHandler.ts
FN:7,(anonymous_1)
FN:13,(anonymous_2)
FN:35,(anonymous_3)
FN:114,(anonymous_4)
FN:131,(anonymous_5)
FN:134,(anonymous_6)
FNF:6
FNH:5
FNDA:128,(anonymous_1)
FNDA:14,(anonymous_2)
FNDA:1,(anonymous_3)
FNDA:0,(anonymous_4)
FNDA:419,(anonymous_5)
FNDA:232,(anonymous_6)
DA:2,52
DA:3,52
DA:4,52
DA:7,180
DA:13,52
DA:19,14
DA:20,14
DA:25,14
DA:26,7
DA:27,7
DA:28,7
DA:29,7
DA:32,7
DA:33,1
DA:34,1
DA:35,1
DA:41,6
DA:42,1
DA:43,1
DA:44,1
DA:45,5
DA:46,1
DA:47,1
DA:48,1
DA:51,4
DA:52,1
DA:53,1
DA:54,1
DA:55,1
DA:56,1
DA:57,1
DA:61,3
DA:62,1
DA:63,1
DA:64,1
DA:67,2
DA:68,0
DA:69,0
DA:70,0
DA:71,0
DA:72,0
DA:73,0
DA:74,0
DA:75,0
DA:76,0
DA:81,2
DA:85,14
DA:96,14
DA:104,14
DA:105,1
DA:108,14
DA:114,52
DA:115,0
DA:116,0
DA:131,52
DA:134,419
DA:135,232
LF:57
LH:46
BRDA:25,0,0,7
BRDA:25,0,1,7
BRDA:32,1,0,1
BRDA:32,1,1,6
BRDA:41,2,0,1
BRDA:41,2,1,5
BRDA:45,3,0,1
BRDA:45,3,1,4
BRDA:51,4,0,1
BRDA:51,4,1,3
BRDA:55,5,0,1
BRDA:55,5,1,0
BRDA:56,6,0,1
BRDA:56,6,1,0
BRDA:61,7,0,1
BRDA:61,7,1,2
BRDA:67,8,0,0
BRDA:67,8,1,2
BRDA:69,9,0,0
BRDA:69,9,1,0
BRDA:73,10,0,0
BRDA:73,10,1,0
BRDA:81,11,0,2
BRDA:81,11,1,0
BRDA:99,12,0,14
BRDA:99,12,1,9
BRDA:100,13,0,14
BRDA:100,13,1,4
BRDA:104,14,0,1
BRDA:104,14,1,13
BRDA:104,15,0,14
BRDA:104,15,1,1
BRF:32
BRH:24
end_of_record
TN:
SF:src/middleware/upload.ts
FN:9,(anonymous_1)
FN:30,(anonymous_2)
FN:35,(anonymous_3)
FNF:3
FNH:2
FNDA:0,(anonymous_1)
FNDA:3,(anonymous_2)
FNDA:2,(anonymous_3)
DA:1,3
DA:3,3
DA:6,3
DA:9,3
DA:11,0
DA:13,0
DA:14,0
DA:16,0
DA:21,3
DA:30,3
DA:31,3
DA:35,3
DA:36,2
LF:13
LH:9
BRDA:13,0,0,0
BRDA:13,0,1,0
BRDA:35,1,0,1
BRF:3
BRH:1
end_of_record
TN:
SF:src/models/Badge.ts
FN:81,(anonymous_0)
FN:86,(anonymous_1)
FNF:2
FNH:0
FNDA:0,(anonymous_0)
FNDA:0,(anonymous_1)
DA:1,10
DA:2,10
DA:4,10
DA:77,10
DA:78,10
DA:81,10
DA:82,0
DA:86,10
DA:87,0
DA:90,10
LF:10
LH:8
BRF:0
BRH:0
end_of_record
TN:
SF:src/models/BehavioralData.ts
FN:68,(anonymous_0)
FN:85,(anonymous_1)
FN:114,(anonymous_2)
FNF:3
FNH:0
FNDA:0,(anonymous_0)
FNDA:0,(anonymous_1)
FNDA:0,(anonymous_2)
DA:1,9
DA:4,9
DA:47,9
DA:50,9
DA:53,9
DA:56,9
DA:59,9
DA:68,9
DA:73,0
DA:75,0
DA:76,0
DA:77,0
DA:78,0
DA:81,0
DA:85,9
DA:86,0
DA:87,0
DA:89,0
DA:114,9
DA:115,0
DA:116,0
DA:118,0
DA:135,9
LF:23
LH:11
BRDA:75,0,0,0
BRDA:75,0,1,0
BRDA:75,1,0,0
BRDA:75,1,1,0
BRDA:77,2,0,0
BRDA:77,2,1,0
BRDA:78,3,0,0
BRDA:78,3,1,0
BRDA:85,4,0,0
BRDA:114,5,0,0
BRF:10
BRH:0
end_of_record
TN:
SF:src/models/Chat.ts
FN:38,(anonymous_0)
FN:47,(anonymous_1)
FNF:2
FNH:0
FNDA:0,(anonymous_0)
FNDA:0,(anonymous_1)
DA:1,7
DA:4,7
DA:25,7
DA:26,7
DA:29,7
DA:38,7
DA:39,0
DA:47,7
DA:48,0
DA:52,0
DA:53,0
DA:58,0
DA:61,7
LF:13
LH:8
BRDA:52,0,0,0
BRDA:52,0,1,0
BRF:2
BRH:0
end_of_record
TN:
SF:src/models/CustomEvent.ts
FN:43,(anonymous_0)
FN:68,(anonymous_1)
FN:82,(anonymous_2)
FNF:3
FNH:0
FNDA:0,(anonymous_0)
FNDA:0,(anonymous_1)
FNDA:0,(anonymous_2)
DA:1,13
DA:4,13
DA:38,13
DA:39,13
DA:40,13
DA:43,13
DA:44,0
DA:45,0
DA:47,0
DA:68,13
DA:73,0
DA:82,13
DA:83,0
DA:84,0
DA:86,0
DA:107,13
LF:16
LH:9
BRDA:43,0,0,0
BRDA:71,1,0,0
BRDA:82,2,0,0
BRF:3
BRH:0
end_of_record
TN:
SF:src/models/Goal.ts
FNF:0
FNH:0
DA:1,15
DA:22,15
DA:91,15
DA:94,15
DA:97,15
DA:100,15
DA:103,15
DA:106,15
DA:108,15
LF:9
LH:9
BRF:0
BRH:0
end_of_record
TN:
SF:src/models/Message.ts
FN:60,(anonymous_0)
FN:74,(anonymous_1)
FN:86,(anonymous_2)
FNF:3
FNH:0
FNDA:0,(anonymous_0)
FNDA:0,(anonymous_1)
FNDA:0,(anonymous_2)
DA:1,7
DA:2,7
DA:4,7
DA:46,7
DA:47,7
DA:48,7
DA:51,7
DA:60,7
DA:65,0
DA:66,0
DA:74,7
DA:75,0
DA:86,7
DA:87,0
DA:94,7
LF:15
LH:11
BRDA:62,0,0,0
BRDA:63,1,0,0
BRF:2
BRH:0
end_of_record
TN:
SF:src/models/Notification.ts
FN:70,(anonymous_0)
FN:76,(anonymous_1)
FN:92,(anonymous_2)
FN:97,(anonymous_3)
FN:102,(anonymous_4)
FN:113,(anonymous_5)
FN:118,(anonymous_6)
FNF:7
FNH:0
FNDA:0,(anonymous_0)
FNDA:0,(anonymous_1)
FNDA:0,(anonymous_2)
FNDA:0,(anonymous_3)
FNDA:0,(anonymous_4)
FNDA:0,(anonymous_5)
FNDA:0,(anonymous_6)
DA:1,16
DA:4,16
DA:57,16
DA:58,16
DA:61,16
DA:70,16
DA:71,0
DA:72,0
DA:76,16
DA:82,0
DA:83,0
DA:84,0
DA:87,0
DA:88,0
DA:92,16
DA:93,0
DA:97,16
DA:98,0
DA:102,16
DA:109,0
DA:113,16
DA:114,0
DA:118,16
DA:119,0
DA:120,0
DA:122,0
DA:141,16
LF:27
LH:13
BRDA:78,0,0,0
BRDA:79,1,0,0
BRDA:80,2,0,0
BRDA:83,3,0,0
BRDA:83,3,1,0
BRDA:118,4,0,0
BRF:6
BRH:0
end_of_record
TN:
SF:src/models/ProgressReport.ts
FN:101,(anonymous_0)
FN:108,(anonymous_1)
FN:114,(anonymous_2)
FN:122,(anonymous_3)
FN:131,(anonymous_4)
FN:161,(anonymous_5)
FNF:6
FNH:0
FNDA:0,(anonymous_0)
FNDA:0,(anonymous_1)
FNDA:0,(anonymous_2)
FNDA:0,(anonymous_3)
FNDA:0,(anonymous_4)
FNDA:0,(anonymous_5)
DA:1,6
DA:4,6
DA:88,6
DA:89,6
DA:92,6
DA:101,6
DA:102,0
DA:103,0
DA:104,0
DA:108,6
DA:109,0
DA:110,0
DA:114,6
DA:118,0
DA:122,6
DA:127,0
DA:131,6
DA:132,0
DA:134,0
DA:135,0
DA:136,0
DA:137,0
DA:140,0
DA:141,0
DA:146,0
DA:147,0
DA:150,0
DA:151,0
DA:152,0
DA:153,0
DA:154,0
DA:157,0
DA:161,6
DA:162,0
DA:164,0
DA:165,0
DA:166,0
DA:169,0
DA:170,0
DA:173,0
DA:174,0
DA:177,0
DA:178,0
DA:180,0
DA:183,6
LF:45
LH:12
BRDA:125,0,0,0
BRDA:134,1,0,0
BRDA:134,1,1,0
BRDA:136,2,0,0
BRDA:136,2,1,0
BRDA:140,3,0,0
BRDA:140,3,1,0
BRDA:146,4,0,0
BRDA:146,4,1,0
BRDA:151,5,0,0
BRDA:151,5,1,0
BRDA:153,6,0,0
BRDA:153,6,1,0
BRDA:164,7,0,0
BRDA:164,7,1,0
BRDA:169,8,0,0
BRDA:169,8,1,0
BRDA:173,9,0,0
BRDA:173,9,1,0
BRF:19
BRH:0
end_of_record
TN:
SF:src/models/Quiz.ts
FN:22,(anonymous_0)
FN:108,(anonymous_1)
FN:109,(anonymous_2)
FN:113,(anonymous_3)
FN:118,(anonymous_4)
FN:123,(anonymous_5)
FN:131,(anonymous_6)
FNF:7
FNH:1
FNDA:1,(anonymous_0)
FNDA:0,(anonymous_1)
FNDA:0,(anonymous_2)
FNDA:0,(anonymous_3)
FNDA:0,(anonymous_4)
FNDA:0,(anonymous_5)
FNDA:0,(anonymous_6)
DA:1,9
DA:2,9
DA:4,9
DA:23,1
DA:50,9
DA:104,9
DA:105,9
DA:108,9
DA:109,0
DA:113,9
DA:114,0
DA:118,9
DA:119,0
DA:123,9
DA:124,0
DA:131,9
DA:132,0
DA:140,9
LF:18
LH:13
BRDA:23,0,0,1
BRDA:23,0,1,1
BRDA:23,0,2,1
BRDA:131,1,0,0
BRF:4
BRH:3
end_of_record
TN:
SF:src/models/QuizAttempt.ts
FN:77,(anonymous_0)
FN:91,(anonymous_1)
FN:108,(anonymous_2)
FNF:3
FNH:0
FNDA:0,(anonymous_0)
FNDA:0,(anonymous_1)
FNDA:0,(anonymous_2)
DA:1,13
DA:4,13
DA:55,13
DA:56,13
DA:57,13
DA:60,13
DA:68,13
DA:77,13
DA:82,0
DA:83,0
DA:91,13
DA:92,0
DA:108,13
DA:109,0
DA:112,13
LF:15
LH:11
BRDA:79,0,0,0
BRDA:80,1,0,0
BRF:2
BRH:0
end_of_record
TN:
SF:src/models/Recommendation.ts
FN:64,(anonymous_0)
FN:79,(anonymous_1)
FN:85,(anonymous_2)
FNF:3
FNH:0
FNDA:0,(anonymous_0)
FNDA:0,(anonymous_1)
FNDA:0,(anonymous_2)
DA:1,6
DA:4,6
DA:58,6
DA:59,6
DA:60,6
DA:61,6
DA:64,6
DA:68,0
DA:70,0
DA:79,6
DA:80,0
DA:81,0
DA:85,6
DA:86,0
DA:87,0
DA:90,6
LF:16
LH:10
BRDA:66,0,0,0
BRF:1
BRH:0
end_of_record
TN:
SF:src/models/ReflectionEntry.ts
FNF:0
FNH:0
DA:1,8
DA:23,8
DA:48,8
DA:92,8
DA:95,8
DA:98,8
DA:101,8
DA:104,8
DA:106,8
LF:9
LH:9
BRF:0
BRH:0
end_of_record
TN:
SF:src/models/Session.ts
FN:134,(anonymous_0)
FN:143,(anonymous_1)
FNF:2
FNH:0
FNDA:0,(anonymous_0)
FNDA:0,(anonymous_1)
DA:1,13
DA:2,13
DA:4,13
DA:98,13
DA:101,13
DA:104,13
DA:107,13
DA:110,13
DA:113,13
DA:116,13
DA:119,13
DA:126,13
DA:134,13
DA:135,0
DA:136,0
DA:137,0
DA:139,0
DA:143,13
DA:144,0
DA:145,0
DA:152,13
LF:21
LH:15
BRDA:139,0,0,0
BRDA:139,0,1,0
BRDA:144,1,0,0
BRDA:144,1,1,0
BRF:4
BRH:0
end_of_record
TN:
SF:src/models/StudyReminder.ts
FN:32,(anonymous_0)
FN:60,(anonymous_1)
FN:66,(anonymous_2)
FN:90,(anonymous_3)
FN:95,(anonymous_4)
FN:103,(anonymous_5)
FN:115,(anonymous_6)
FN:119,(anonymous_7)
FNF:8
FNH:0
FNDA:0,(anonymous_0)
FNDA:0,(anonymous_1)
FNDA:0,(anonymous_2)
FNDA:0,(anonymous_3)
FNDA:0,(anonymous_4)
FNDA:0,(anonymous_5)
FNDA:0,(anonymous_6)
FNDA:0,(anonymous_7)
DA:1,6
DA:4,6
DA:33,0
DA:47,6
DA:48,6
DA:51,6
DA:60,6
DA:61,0
DA:62,0
DA:66,6
DA:67,0
DA:68,0
DA:71,0
DA:72,0
DA:74,0
DA:76,0
DA:77,0
DA:79,0
DA:80,0
DA:82,0
DA:83,0
DA:86,0
DA:90,6
DA:91,0
DA:95,6
DA:96,0
DA:103,6
DA:104,0
DA:105,0
DA:107,0
DA:115,6
DA:119,0
DA:120,0
DA:121,0
DA:124,0
DA:125,0
DA:127,0
DA:128,0
DA:129,0
DA:131,0
DA:140,0
DA:143,0
DA:147,6
LF:43
LH:12
BRDA:67,0,0,0
BRDA:67,0,1,0
BRDA:67,1,0,0
BRDA:67,1,1,0
BRDA:74,2,0,0
BRDA:74,2,1,0
BRDA:74,2,2,0
BRDA:95,3,0,0
BRDA:103,4,0,0
BRDA:117,5,0,0
BRDA:120,6,0,0
BRDA:120,6,1,0
BRDA:120,7,0,0
BRDA:120,7,1,0
BRDA:129,8,0,0
BRDA:129,8,1,0
BRF:16
BRH:0
end_of_record
TN:
SF:src/models/TutorAvailability.ts
FN:36,(anonymous_0)
FN:47,(anonymous_1)
FNF:2
FNH:0
FNDA:0,(anonymous_0)
FNDA:0,(anonymous_1)
DA:1,7
DA:17,7
DA:38,0
DA:48,0
DA:73,7
DA:74,7
DA:75,7
DA:78,7
DA:83,7
LF:9
LH:7
BRF:0
BRH:0
end_of_record
TN:
SF:src/models/User.ts
FN:142,(anonymous_1)
FN:203,(anonymous_2)
FN:208,(anonymous_3)
FN:217,(anonymous_4)
FN:226,(anonymous_5)
FN:247,(anonymous_6)
FNF:6
FNH:2
FNDA:0,(anonymous_1)
FNDA:0,(anonymous_2)
FNDA:0,(anonymous_3)
FNDA:4,(anonymous_4)
FNDA:124,(anonymous_5)
FNDA:0,(anonymous_6)
DA:1,32
DA:2,32
DA:3,32
DA:5,32
DA:143,0
DA:144,0
DA:154,32
DA:155,32
DA:156,32
DA:157,32
DA:158,32
DA:159,32
DA:160,32
DA:161,32
DA:165,32
DA:168,32
DA:171,32
DA:174,32
DA:178,32
DA:187,32
DA:196,32
DA:203,32
DA:204,0
DA:208,32
DA:209,0
DA:210,0
DA:213,0
DA:217,32
DA:218,4
DA:219,4
DA:221,0
DA:226,32
DA:227,124
DA:228,40
DA:232,84
DA:234,17
DA:237,67
DA:238,67
DA:239,67
DA:240,67
DA:242,0
DA:247,32
DA:248,0
DA:256,32
LF:44
LH:35
BRDA:209,0,0,0
BRDA:209,0,1,0
BRDA:227,1,0,40
BRDA:227,1,1,84
BRDA:232,2,0,17
BRDA:232,2,1,67
BRDA:232,3,0,84
BRDA:232,3,1,84
BRF:8
BRH:6
end_of_record
TN:
SF:src/models/UserBadge.ts
FN:48,(anonymous_0)
FN:53,(anonymous_1)
FN:58,(anonymous_2)
FNF:3
FNH:0
FNDA:0,(anonymous_0)
FNDA:0,(anonymous_1)
FNDA:0,(anonymous_2)
DA:1,10
DA:4,10
DA:27,10
DA:28,10
DA:31,10
DA:39,10
DA:48,10
DA:49,0
DA:53,10
DA:54,0
DA:58,10
DA:59,0
DA:82,10
LF:13
LH:10
BRDA:58,0,0,0
BRF:1
BRH:0
end_of_record
TN:
SF:src/models/UserPreferences.ts
FNF:0
FNH:0
DA:1,14
DA:4,14
DA:61,14
LF:3
LH:3
BRF:0
BRH:0
end_of_record
TN:
SF:src/models/UserProgress.ts
FN:71,(anonymous_0)
FN:76,(anonymous_1)
FN:84,(anonymous_2)
FNF:3
FNH:1
FNDA:0,(anonymous_0)
FNDA:0,(anonymous_1)
FNDA:1,(anonymous_2)
DA:1,9
DA:4,9
DA:58,9
DA:59,9
DA:62,9
DA:71,9
DA:72,0
DA:76,9
DA:77,0
DA:84,9
DA:85,1
DA:88,1
DA:89,0
DA:90,0
DA:92,0
DA:95,1
DA:96,1
DA:99,9
LF:18
LH:13
BRDA:76,0,0,0
BRF:1
BRH:0
end_of_record
TN:
SF:src/models/WeeklyAssessment.ts
FNF:0
FNH:0
DA:1,9
DA:26,9
DA:56,9
DA:113,9
DA:116,9
DA:119,9
DA:122,9
DA:125,9
DA:128,9
DA:130,9
LF:10
LH:10
BRF:0
BRH:0
end_of_record
TN:
SF:src/models/WeeklyCommitment.ts
FN:71,(anonymous_0)
FNF:1
FNH:0
FNDA:0,(anonymous_0)
DA:1,10
DA:23,10
DA:52,10
DA:72,0
DA:93,10
DA:94,10
DA:97,10
DA:100,10
DA:103,10
DA:105,10
LF:10
LH:9
BRDA:72,0,0,0
BRDA:72,0,1,0
BRF:2
BRH:0
end_of_record
TN:
SF:src/models/index.ts
FN:2,(anonymous_0)
FN:3,(anonymous_1)
FN:4,(anonymous_2)
FN:5,(anonymous_3)
FN:6,(anonymous_4)
FN:7,(anonymous_5)
FN:8,(anonymous_6)
FN:9,(anonymous_7)
FN:10,(anonymous_8)
FN:11,(anonymous_9)
FN:12,(anonymous_10)
FN:13,(anonymous_11)
FN:14,(anonymous_12)
FN:15,(anonymous_13)
FN:16,(anonymous_14)
FN:17,(anonymous_15)
FN:18,(anonymous_16)
FN:19,(anonymous_17)
FN:20,(anonymous_18)
FN:21,(anonymous_19)
FN:22,(anonymous_20)
FNF:21
FNH:3
FNDA:35,(anonymous_0)
FNDA:0,(anonymous_1)
FNDA:27,(anonymous_2)
FNDA:0,(anonymous_3)
FNDA:0,(anonymous_4)
FNDA:0,(anonymous_5)
FNDA:0,(anonymous_6)
FNDA:0,(anonymous_7)
FNDA:0,(anonymous_8)
FNDA:0,(anonymous_9)
FNDA:0,(anonymous_10)
FNDA:0,(anonymous_11)
FNDA:1,(anonymous_12)
FNDA:0,(anonymous_13)
FNDA:0,(anonymous_14)
FNDA:0,(anonymous_15)
FNDA:0,(anonymous_16)
FNDA:0,(anonymous_17)
FNDA:0,(anonymous_18)
FNDA:0,(anonymous_19)
FNDA:0,(anonymous_20)
DA:2,41
DA:3,6
DA:4,33
DA:5,6
DA:6,6
DA:7,6
DA:8,6
DA:9,6
DA:10,6
DA:11,6
DA:12,6
DA:13,6
DA:14,7
DA:15,6
DA:16,6
DA:17,6
DA:18,6
DA:19,6
DA:20,6
DA:21,6
DA:22,6
LF:21
LH:21
BRF:0
BRH:0
end_of_record
TN:
SF:src/repositories/BadgeRepository.ts
FN:7,(anonymous_0)
FN:11,(anonymous_1)
FNF:2
FNH:1
FNDA:6,(anonymous_0)
FNDA:0,(anonymous_1)
DA:2,6
DA:4,6
DA:8,6
DA:12,0
DA:18,6
DA:19,6
LF:6
LH:5
BRF:0
BRH:0
end_of_record
TN:
SF:src/repositories/BaseRepository.ts
FN:24,(anonymous_0)
FN:31,(anonymous_1)
FN:38,(anonymous_2)
FN:45,(anonymous_3)
FN:52,(anonymous_4)
FN:59,(anonymous_5)
FN:66,(anonymous_6)
FN:90,(anonymous_7)
FN:105,(anonymous_8)
FN:116,(anonymous_9)
FN:130,(anonymous_10)
FN:137,(anonymous_11)
FN:144,(anonymous_12)
FN:151,(anonymous_13)
FN:158,(anonymous_14)
FN:166,(anonymous_15)
FN:173,(anonymous_16)
FN:181,(anonymous_17)
FN:188,(anonymous_18)
FNF:19
FNH:19
FNDA:173,(anonymous_0)
FNDA:71,(anonymous_1)
FNDA:1,(anonymous_2)
FNDA:61,(anonymous_3)
FNDA:25,(anonymous_4)
FNDA:21,(anonymous_5)
FNDA:2,(anonymous_6)
FNDA:10,(anonymous_7)
FNDA:14,(anonymous_8)
FNDA:1,(anonymous_9)
FNDA:5,(anonymous_10)
FNDA:1,(anonymous_11)
FNDA:3,(anonymous_12)
FNDA:4,(anonymous_13)
FNDA:1,(anonymous_14)
FNDA:4,(anonymous_15)
FNDA:9,(anonymous_16)
FNDA:2,(anonymous_17)
FNDA:1,(anonymous_18)
DA:21,87
DA:25,173
DA:32,71
DA:39,1
DA:46,61
DA:53,25
DA:60,21
DA:70,2
DA:71,2
DA:73,2
DA:78,2
DA:95,10
DA:106,14
DA:120,1
DA:121,1
DA:131,5
DA:138,1
DA:145,3
DA:152,4
DA:159,1
DA:160,1
DA:167,4
DA:174,9
DA:175,9
DA:182,2
DA:189,1
LF:26
LH:26
BRDA:59,0,0,1
BRDA:67,1,0,1
BRDA:68,2,0,1
BRDA:70,3,0,1
BRDA:70,4,0,1
BRDA:70,5,0,1
BRDA:130,6,0,1
BRDA:137,7,0,0
BRDA:166,8,0,3
BRDA:181,9,0,1
BRF:10
BRH:9
end_of_record
TN:
SF:src/repositories/BehavioralDataRepository.ts
FN:7,(anonymous_0)
FN:11,(anonymous_1)
FNF:2
FNH:1
FNDA:5,(anonymous_0)
FNDA:0,(anonymous_1)
DA:1,5
DA:2,5
DA:4,5
DA:8,5
DA:12,0
DA:19,5
DA:20,5
LF:7
LH:6
BRF:0
BRH:0
end_of_record
TN:
SF:src/repositories/ChatRepository.ts
FN:7,(anonymous_0)
FN:11,(anonymous_1)
FN:28,(anonymous_2)
FN:46,(anonymous_3)
FN:54,(anonymous_4)
FN:63,(anonymous_5)
FNF:6
FNH:4
FNDA:5,(anonymous_0)
FNDA:2,(anonymous_1)
FNDA:2,(anonymous_2)
FNDA:1,(anonymous_3)
FNDA:0,(anonymous_4)
FNDA:0,(anonymous_5)
DA:1,5
DA:2,5
DA:4,5
DA:8,5
DA:12,2
DA:15,2
DA:16,1
DA:17,1
DA:22,2
DA:29,2
DA:37,2
DA:38,1
DA:41,1
DA:43,2
DA:47,1
DA:51,1
DA:55,0
DA:64,0
DA:68,0
DA:69,0
DA:73,5
DA:74,5
LF:22
LH:18
BRDA:15,0,0,1
BRDA:15,0,1,1
BRDA:15,1,0,2
BRDA:15,1,1,1
BRDA:37,2,0,1
BRDA:37,2,1,1
BRDA:66,3,0,0
BRDA:66,3,1,0
BRF:8
BRH:6
end_of_record
TN:
SF:src/repositories/CustomEventRepository.ts
FN:7,(anonymous_0)
FN:11,(anonymous_1)
FN:15,(anonymous_2)
FN:21,(anonymous_3)
FN:25,(anonymous_4)
FNF:5
FNH:1
FNDA:9,(anonymous_0)
FNDA:0,(anonymous_1)
FNDA:0,(anonymous_2)
FNDA:0,(anonymous_3)
FNDA:0,(anonymous_4)
DA:1,9
DA:2,9
DA:4,9
DA:8,9
DA:12,0
DA:16,0
DA:17,0
DA:18,0
DA:22,0
DA:26,0
DA:30,9
DA:31,9
LF:12
LH:6
BRDA:17,0,0,0
BRDA:17,0,1,0
BRF:2
BRH:0
end_of_record
TN:
SF:src/repositories/GoalRepository.ts
FN:6,(anonymous_0)
FN:10,(anonymous_1)
FN:18,(anonymous_2)
FN:30,(anonymous_3)
FN:43,(anonymous_4)
FNF:5
FNH:5
FNDA:12,(anonymous_0)
FNDA:3,(anonymous_1)
FNDA:3,(anonymous_2)
FNDA:8,(anonymous_3)
FNDA:1,(anonymous_4)
DA:1,12
DA:2,12
DA:3,12
DA:7,12
DA:11,3
DA:12,3
DA:13,2
DA:15,3
DA:19,3
DA:20,3
DA:22,2
DA:23,2
DA:26,2
DA:27,2
DA:28,2
DA:30,2
DA:31,8
DA:32,8
DA:35,2
DA:36,2
DA:39,2
DA:40,2
DA:44,1
DA:50,12
LF:24
LH:24
BRDA:10,0,0,1
BRDA:12,1,0,2
BRDA:12,1,1,1
BRDA:20,2,0,1
BRDA:20,2,1,2
BRDA:26,3,0,2
BRDA:26,3,1,0
BRDA:27,4,0,2
BRDA:27,4,1,0
BRDA:32,5,0,8
BRDA:32,5,1,5
BRDA:35,6,0,2
BRDA:35,6,1,0
BRF:13
BRH:10
end_of_record
TN:
SF:src/repositories/MessageRepository.ts
FN:7,(anonymous_0)
FN:11,(anonymous_1)
FN:18,(anonymous_2)
FN:26,(anonymous_3)
FN:38,(anonymous_4)
FN:49,(anonymous_5)
FN:53,(anonymous_6)
FN:54,(anonymous_7)
FNF:8
FNH:1
FNDA:4,(anonymous_0)
FNDA:0,(anonymous_1)
FNDA:0,(anonymous_2)
FNDA:0,(anonymous_3)
FNDA:0,(anonymous_4)
FNDA:0,(anonymous_5)
FNDA:0,(anonymous_6)
FNDA:0,(anonymous_7)
DA:1,4
DA:2,4
DA:4,4
DA:8,4
DA:12,0
DA:19,0
DA:27,0
DA:28,0
DA:34,0
DA:35,0
DA:39,0
DA:50,0
DA:54,0
DA:55,0
DA:63,4
DA:64,4
LF:16
LH:6
BRF:0
BRH:0
end_of_record
TN:
SF:src/repositories/NotificationRepository.ts
FN:7,(anonymous_0)
FN:14,(anonymous_1)
FN:46,(anonymous_2)
FN:68,(anonymous_3)
FN:78,(anonymous_4)
FN:88,(anonymous_5)
FN:98,(anonymous_6)
FNF:7
FNH:6
FNDA:13,(anonymous_0)
FNDA:2,(anonymous_1)
FNDA:1,(anonymous_2)
FNDA:1,(anonymous_3)
FNDA:1,(anonymous_4)
FNDA:1,(anonymous_5)
FNDA:0,(anonymous_6)
DA:1,13
DA:2,13
DA:4,13
DA:8,13
DA:24,2
DA:28,2
DA:29,1
DA:32,2
DA:33,0
DA:36,2
DA:50,1
DA:54,1
DA:55,0
DA:58,1
DA:59,0
DA:62,1
DA:69,1
DA:79,1
DA:89,1
DA:99,0
DA:105,13
DA:106,13
LF:22
LH:18
BRDA:16,0,0,1
BRDA:28,1,0,1
BRDA:28,1,1,1
BRDA:32,2,0,0
BRDA:32,2,1,2
BRDA:48,3,0,1
BRDA:54,4,0,0
BRDA:54,4,1,1
BRDA:58,5,0,0
BRDA:58,5,1,1
BRF:10
BRH:7
end_of_record
TN:
SF:src/repositories/ProgressReportRepository.ts
FN:7,(anonymous_0)
FN:11,(anonymous_1)
FNF:2
FNH:2
FNDA:1,(anonymous_0)
FNDA:2,(anonymous_1)
DA:1,1
DA:2,1
DA:4,1
DA:8,1
DA:12,2
DA:13,2
DA:14,2
DA:18,1
DA:19,1
LF:9
LH:9
BRDA:13,0,0,1
BRDA:13,0,1,1
BRF:2
BRH:2
end_of_record
TN:
SF:src/repositories/QuizAttemptRepository.ts
FN:7,(anonymous_0)
FN:11,(anonymous_1)
FNF:2
FNH:1
FNDA:10,(anonymous_0)
FNDA:0,(anonymous_1)
DA:1,10
DA:2,10
DA:4,10
DA:8,10
DA:12,0
DA:26,10
DA:27,10
LF:7
LH:6
BRF:0
BRH:0
end_of_record
TN:
SF:src/repositories/QuizRepository.ts
FN:7,(anonymous_0)
FN:11,(anonymous_1)
FN:17,(anonymous_2)
FNF:3
FNH:3
FNDA:5,(anonymous_0)
FNDA:3,(anonymous_1)
FNDA:4,(anonymous_2)
DA:2,5
DA:4,5
DA:8,5
DA:12,3
DA:18,4
DA:22,5
DA:23,5
LF:7
LH:7
BRDA:11,0,0,2
BRF:1
BRH:1
end_of_record
TN:
SF:src/repositories/RecommendationRepository.ts
FN:7,(anonymous_0)
FN:11,(anonymous_1)
FN:20,(anonymous_2)
FN:27,(anonymous_3)
FNF:4
FNH:4
FNDA:1,(anonymous_0)
FNDA:2,(anonymous_1)
FNDA:1,(anonymous_2)
FNDA:1,(anonymous_3)
DA:1,1
DA:2,1
DA:4,1
DA:8,1
DA:12,2
DA:16,2
DA:17,2
DA:21,1
DA:28,1
DA:35,1
DA:36,1
LF:11
LH:11
BRDA:16,0,0,1
BRDA:16,0,1,1
BRF:2
BRH:2
end_of_record
TN:
SF:src/repositories/ReflectionEntryRepository.ts
FN:6,(anonymous_0)
FN:10,(anonymous_1)
FN:18,(anonymous_2)
FN:28,(anonymous_3)
FN:41,(anonymous_4)
FN:50,(anonymous_5)
FN:59,(anonymous_6)
FN:75,(anonymous_7)
FNF:8
FNH:6
FNDA:5,(anonymous_0)
FNDA:2,(anonymous_1)
FNDA:1,(anonymous_2)
FNDA:1,(anonymous_3)
FNDA:0,(anonymous_4)
FNDA:1,(anonymous_5)
FNDA:2,(anonymous_6)
FNDA:0,(anonymous_7)
DA:1,5
DA:2,5
DA:3,5
DA:7,5
DA:11,2
DA:12,2
DA:13,1
DA:15,2
DA:19,1
DA:29,1
DA:30,1
DA:31,1
DA:32,1
DA:34,1
DA:42,0
DA:43,0
DA:44,0
DA:45,0
DA:47,0
DA:51,1
DA:52,1
DA:54,1
DA:55,1
DA:56,1
DA:58,1
DA:60,2
DA:61,2
DA:62,2
DA:66,1
DA:67,1
DA:68,2
DA:69,2
DA:72,1
DA:76,0
DA:77,0
DA:79,0
DA:86,0
DA:87,0
DA:91,5
LF:39
LH:29
BRDA:12,0,0,1
BRDA:12,0,1,1
BRDA:52,1,0,0
BRDA:52,1,1,1
BRDA:77,2,0,0
BRDA:77,2,1,0
BRF:6
BRH:3
end_of_record
TN:
SF:src/repositories/SessionRepository.ts
FN:7,(anonymous_0)
FN:11,(anonymous_1)
FN:25,(anonymous_2)
FN:45,(anonymous_3)
FNF:4
FNH:4
FNDA:9,(anonymous_0)
FNDA:2,(anonymous_1)
FNDA:1,(anonymous_2)
FNDA:1,(anonymous_3)
DA:1,9
DA:2,9
DA:4,9
DA:8,9
DA:12,2
DA:26,1
DA:46,1
DA:66,9
DA:67,9
LF:9
LH:9
BRF:0
BRH:0
end_of_record
TN:
SF:src/repositories/TutorAvailabilityRepository.ts
FN:6,(anonymous_0)
FN:10,(anonymous_1)
FN:19,(anonymous_2)
FN:30,(anonymous_3)
FN:42,(anonymous_4)
FNF:5
FNH:1
FNDA:3,(anonymous_0)
FNDA:0,(anonymous_1)
FNDA:0,(anonymous_2)
FNDA:0,(anonymous_3)
FNDA:0,(anonymous_4)
DA:1,3
DA:2,3
DA:3,3
DA:7,3
DA:11,0
DA:12,0
DA:13,0
DA:16,0
DA:20,0
DA:24,0
DA:25,0
DA:27,0
DA:31,0
DA:32,0
DA:39,0
DA:43,0
DA:47,3
DA:48,3
LF:18
LH:6
BRDA:10,0,0,0
BRDA:12,1,0,0
BRDA:12,1,1,0
BRDA:19,2,0,0
BRDA:24,3,0,0
BRDA:24,3,1,0
BRF:6
BRH:0
end_of_record
TN:
SF:src/repositories/UserBadgeRepository.ts
FN:7,(anonymous_0)
FN:11,(anonymous_1)
FNF:2
FNH:1
FNDA:6,(anonymous_0)
FNDA:0,(anonymous_1)
DA:1,6
DA:2,6
DA:4,6
DA:8,6
DA:12,0
DA:19,6
DA:20,6
LF:7
LH:6
BRF:0
BRH:0
end_of_record
TN:
SF:src/repositories/UserPreferencesRepository.ts
FN:11,(anonymous_0)
FN:18,(anonymous_1)
FN:25,(anonymous_2)
FN:35,(anonymous_3)
FNF:4
FNH:4
FNDA:10,(anonymous_0)
FNDA:7,(anonymous_1)
FNDA:3,(anonymous_2)
FNDA:2,(anonymous_3)
DA:2,10
DA:4,10
DA:12,10
DA:19,7
DA:29,3
DA:36,2
DA:41,10
DA:42,10
LF:8
LH:8
BRF:0
BRH:0
end_of_record
TN:
SF:src/repositories/UserProgressRepository.ts
FN:7,(anonymous_0)
FN:11,(anonymous_1)
FN:17,(anonymous_2)
FNF:3
FNH:3
FNDA:5,(anonymous_0)
FNDA:1,(anonymous_1)
FNDA:1,(anonymous_2)
DA:1,5
DA:2,5
DA:4,5
DA:8,5
DA:12,1
DA:18,1
DA:25,5
DA:26,5
LF:8
LH:8
BRF:0
BRH:0
end_of_record
TN:
SF:src/repositories/UserRepository.ts
FN:12,(anonymous_0)
FN:19,(anonymous_1)
FN:26,(anonymous_2)
FN:52,(anonymous_3)
FN:59,(anonymous_4)
FN:66,(anonymous_5)
FN:74,(anonymous_6)
FN:81,(anonymous_7)
FN:225,(anonymous_8)
FN:239,(anonymous_9)
FN:253,(anonymous_10)
FN:265,(anonymous_11)
FN:279,(anonymous_12)
FNF:13
FNH:13
FNDA:27,(anonymous_0)
FNDA:45,(anonymous_1)
FNDA:40,(anonymous_2)
FNDA:10,(anonymous_3)
FNDA:2,(anonymous_4)
FNDA:6,(anonymous_5)
FNDA:5,(anonymous_6)
FNDA:17,(anonymous_7)
FNDA:13,(anonymous_8)
FNDA:3,(anonymous_9)
FNDA:8,(anonymous_10)
FNDA:7,(anonymous_11)
FNDA:5,(anonymous_12)
DA:2,27
DA:4,27
DA:5,27
DA:13,27
DA:20,45
DA:28,40
DA:31,40
DA:34,40
DA:36,0
DA:37,0
DA:38,0
DA:46,40
DA:53,10
DA:60,2
DA:67,6
DA:68,6
DA:75,5
DA:85,17
DA:86,1
DA:90,16
DA:93,16
DA:97,16
DA:98,4
DA:101,16
DA:103,16
DA:109,16
DA:111,15
DA:115,15
DA:117,15
DA:118,15
DA:119,15
DA:120,0
DA:121,0
DA:130,1
DA:134,0
DA:135,0
DA:136,0
DA:137,0
DA:142,0
DA:144,0
DA:150,0
DA:151,0
DA:162,0
DA:165,0
DA:166,0
DA:171,0
DA:175,0
DA:182,0
DA:183,0
DA:184,0
DA:193,0
DA:194,0
DA:199,0
DA:205,0
DA:206,0
DA:215,0
DA:217,1
DA:218,1
DA:226,13
DA:244,3
DA:254,8
DA:270,7
DA:280,5
DA:292,27
DA:293,27
LF:65
LH:38
BRDA:34,0,0,0
BRDA:34,0,1,40
BRDA:34,1,0,40
BRDA:34,1,1,0
BRDA:37,2,0,0
BRDA:37,2,1,0
BRDA:83,3,0,4
BRDA:85,4,0,1
BRDA:85,4,1,16
BRDA:97,5,0,4
BRDA:97,5,1,12
BRDA:109,6,0,15
BRDA:109,6,1,1
BRDA:115,7,0,15
BRDA:115,7,1,0
BRDA:118,8,0,15
BRDA:118,8,1,0
BRDA:120,9,0,0
BRDA:120,9,1,0
BRDA:123,10,0,0
BRDA:123,10,1,0
BRDA:134,11,0,0
BRDA:134,11,1,0
BRDA:136,12,0,0
BRDA:136,12,1,0
BRDA:142,13,0,0
BRDA:142,13,1,0
BRDA:150,14,0,0
BRDA:150,14,1,0
BRDA:156,15,0,0
BRDA:156,15,1,0
BRDA:165,16,0,0
BRDA:165,16,1,0
BRDA:165,17,0,0
BRDA:165,17,1,0
BRDA:182,18,0,0
BRDA:182,18,1,0
BRDA:185,19,0,0
BRDA:185,19,1,0
BRDA:188,20,0,0
BRDA:188,20,1,0
BRDA:205,21,0,0
BRDA:205,21,1,0
BRF:43
BRH:11
end_of_record
TN:
SF:src/repositories/WeeklyAssessmentRepository.ts
FN:6,(anonymous_0)
FN:10,(anonymous_1)
FN:18,(anonymous_2)
FN:28,(anonymous_3)
FN:32,(anonymous_4)
FN:36,(anonymous_5)
FN:43,(anonymous_6)
FN:64,(anonymous_7)
FNF:8
FNH:1
FNDA:5,(anonymous_0)
FNDA:0,(anonymous_1)
FNDA:0,(anonymous_2)
FNDA:0,(anonymous_3)
FNDA:0,(anonymous_4)
FNDA:0,(anonymous_5)
FNDA:0,(anonymous_6)
FNDA:0,(anonymous_7)
DA:1,5
DA:2,5
DA:3,5
DA:7,5
DA:11,0
DA:12,0
DA:13,0
DA:15,0
DA:19,0
DA:20,0
DA:22,0
DA:29,0
DA:31,0
DA:32,0
DA:36,0
DA:49,0
DA:50,0
DA:52,0
DA:60,0
DA:61,0
DA:65,0
DA:66,0
DA:67,0
DA:68,0
DA:69,0
DA:73,5
LF:26
LH:5
BRDA:12,0,0,0
BRDA:12,0,1,0
BRDA:28,1,0,0
BRDA:47,2,0,0
BRDA:50,3,0,0
BRDA:50,3,1,0
BRDA:68,4,0,0
BRDA:68,4,1,0
BRF:8
BRH:0
end_of_record
TN:
SF:src/repositories/WeeklyCommitmentRepository.ts
FN:6,(anonymous_0)
FN:10,(anonymous_1)
FN:14,(anonymous_2)
FN:30,(anonymous_3)
FN:38,(anonymous_4)
FN:46,(anonymous_5)
FN:64,(anonymous_6)
FNF:7
FNH:6
FNDA:7,(anonymous_0)
FNDA:1,(anonymous_1)
FNDA:2,(anonymous_2)
FNDA:2,(anonymous_3)
FNDA:0,(anonymous_4)
FNDA:4,(anonymous_5)
FNDA:1,(anonymous_6)
DA:1,7
DA:2,7
DA:3,7
DA:7,7
DA:11,1
DA:15,2
DA:16,2
DA:18,2
DA:19,2
DA:21,2
DA:31,2
DA:32,2
DA:33,2
DA:34,2
DA:35,2
DA:39,0
DA:40,0
DA:41,0
DA:42,0
DA:43,0
DA:47,4
DA:48,4
DA:50,3
DA:51,3
DA:52,2
DA:53,2
DA:54,1
DA:56,1
DA:58,2
DA:61,3
DA:65,1
DA:69,7
LF:32
LH:27
BRDA:34,0,0,0
BRDA:34,0,1,2
BRDA:48,1,0,1
BRDA:48,1,1,3
BRDA:51,2,0,2
BRDA:51,2,1,1
BRDA:51,3,0,3
BRDA:51,3,1,3
BRDA:53,4,0,1
BRDA:53,4,1,1
BRF:10
BRH:9
end_of_record
TN:
SF:src/repositories/index.ts
FN:6,(anonymous_0)
FN:9,(anonymous_1)
FN:10,(anonymous_2)
FNF:3
FNH:0
FNDA:0,(anonymous_0)
FNDA:0,(anonymous_1)
FNDA:0,(anonymous_2)
DA:6,0
DA:9,0
DA:10,0
LF:3
LH:0
BRF:0
BRH:0
end_of_record
TN:
SF:src/routes/admin.ts
FNF:0
FNH:0
DA:1,2
DA:2,2
DA:3,2
DA:4,2
DA:5,2
DA:6,2
DA:16,2
DA:19,2
DA:20,2
DA:23,2
DA:26,2
DA:27,2
DA:28,2
DA:29,2
DA:30,2
DA:37,2
DA:38,2
DA:39,2
DA:41,2
LF:19
LH:19
BRF:0
BRH:0
end_of_record
TN:
SF:src/routes/assessments.ts
FNF:0
FNH:0
DA:1,2
DA:2,2
DA:3,2
DA:4,2
DA:5,2
DA:7,2
DA:10,2
DA:13,2
DA:14,2
DA:15,2
DA:17,2
LF:11
LH:11
BRF:0
BRH:0
end_of_record
TN:
SF:src/routes/auth.ts
FNF:0
FNH:0
DA:1,2
DA:2,2
DA:3,2
DA:4,2
DA:5,2
DA:14,2
DA:84,2
DA:144,2
DA:182,2
DA:205,2
DA:241,2
DA:283,2
DA:329,2
DA:380,2
DA:414,2
DA:416,2
LF:16
LH:16
BRF:0
BRH:0
end_of_record
TN:
SF:src/routes/behavioral.ts
FNF:0
FNH:0
DA:1,2
DA:2,2
DA:3,2
DA:4,2
DA:5,2
DA:20,2
DA:23,2
DA:26,2
DA:28,2
DA:34,2
DA:40,2
DA:47,2
DA:53,2
DA:59,2
DA:65,2
DA:72,2
DA:78,2
DA:84,2
DA:90,2
DA:97,2
DA:103,2
DA:110,2
DA:116,2
DA:119,2
DA:122,2
DA:129,2
DA:132,2
DA:138,2
LF:28
LH:28
BRF:0
BRH:0
end_of_record
TN:
SF:src/routes/chat.ts
FNF:0
FNH:0
DA:1,2
DA:2,2
DA:3,2
DA:4,2
DA:5,2
DA:16,2
DA:19,2
DA:22,2
DA:23,2
DA:24,2
DA:25,2
DA:26,2
DA:29,2
DA:30,2
DA:31,2
DA:34,2
DA:35,2
DA:36,2
DA:38,2
LF:19
LH:19
BRF:0
BRH:0
end_of_record
TN:
SF:src/routes/commitments.ts
FNF:0
FNH:0
DA:1,2
DA:2,2
DA:3,2
DA:4,2
DA:5,2
DA:11,2
DA:14,2
DA:17,2
DA:18,2
DA:19,2
DA:24,2
DA:25,2
DA:27,2
LF:13
LH:13
BRF:0
BRH:0
end_of_record
TN:
SF:src/routes/gamification.ts
FNF:0
FNH:0
DA:1,2
DA:2,2
DA:3,2
DA:4,2
DA:5,2
DA:6,2
DA:13,2
DA:16,2
DA:19,2
DA:25,2
DA:26,2
DA:29,2
DA:35,2
DA:40,2
DA:47,2
DA:48,2
DA:51,2
DA:54,2
DA:56,2
LF:19
LH:19
BRF:0
BRH:0
end_of_record
TN:
SF:src/routes/goals.ts
FNF:0
FNH:0
DA:1,2
DA:2,2
DA:3,2
DA:4,2
DA:5,2
DA:12,2
DA:15,2
DA:18,2
DA:19,2
DA:20,2
DA:21,2
DA:22,2
DA:24,2
LF:13
LH:13
BRF:0
BRH:0
end_of_record
TN:
SF:src/routes/habits.ts
FNF:0
FNH:0
DA:1,2
DA:2,2
DA:3,2
DA:5,2
DA:8,2
DA:11,2
DA:12,2
DA:14,2
LF:8
LH:8
BRF:0
BRH:0
end_of_record
TN:
SF:src/routes/milestones.ts
FNF:0
FNH:0
DA:1,2
DA:2,2
DA:3,2
DA:6,2
DA:9,2
DA:12,2
DA:13,2
DA:15,2
LF:8
LH:8
BRF:0
BRH:0
end_of_record
TN:
SF:src/routes/notifications.ts
FNF:0
FNH:0
DA:1,2
DA:2,2
DA:3,2
DA:4,2
DA:5,2
DA:7,2
DA:10,2
DA:13,2
DA:16,2
DA:19,2
DA:26,2
DA:29,2
DA:35,2
LF:13
LH:13
BRF:0
BRH:0
end_of_record
TN:
SF:src/routes/parentReports.ts
FN:43,(anonymous_1)
FNF:1
FNH:0
FNDA:0,(anonymous_1)
DA:1,2
DA:3,2
DA:4,2
DA:5,2
DA:6,2
DA:7,2
DA:8,2
DA:9,2
DA:10,2
DA:16,2
DA:19,2
DA:20,2
DA:24,2
DA:29,2
DA:34,2
DA:41,2
DA:45,0
DA:46,0
DA:53,0
DA:54,0
DA:55,0
DA:57,0
DA:64,0
DA:65,0
DA:74,2
LF:25
LH:17
BRDA:45,0,0,0
BRDA:45,0,1,0
BRDA:45,1,0,0
BRDA:45,1,1,0
BRF:4
BRH:0
end_of_record
TN:
SF:src/routes/preferences.ts
FNF:0
FNH:0
DA:1,2
DA:2,2
DA:3,2
DA:4,2
DA:5,2
DA:7,2
DA:10,2
DA:13,2
DA:16,2
DA:19,2
DA:21,2
LF:11
LH:11
BRF:0
BRH:0
end_of_record
TN:
SF:src/routes/reflections.ts
FNF:0
FNH:0
DA:1,2
DA:2,2
DA:3,2
DA:4,2
DA:5,2
DA:7,2
DA:10,2
DA:13,2
DA:14,2
DA:15,2
DA:16,2
DA:18,2
LF:12
LH:12
BRF:0
BRH:0
end_of_record
TN:
SF:src/routes/sessions.ts
FNF:0
FNH:0
DA:1,2
DA:2,2
DA:3,2
DA:4,2
DA:5,2
DA:6,2
DA:7,2
DA:22,2
DA:25,2
DA:28,2
DA:29,2
DA:30,2
DA:31,2
DA:32,2
DA:33,2
DA:34,2
DA:41,2
DA:42,2
DA:47,2
DA:54,2
DA:55,2
DA:56,2
DA:61,2
DA:68,2
DA:69,2
DA:70,2
DA:71,2
DA:76,2
DA:81,2
DA:83,2
LF:30
LH:30
BRF:0
BRH:0
end_of_record
TN:
SF:src/routes/tutor.ts
FNF:0
FNH:0
DA:1,2
DA:2,2
DA:3,2
DA:4,2
DA:5,2
DA:6,2
DA:7,2
DA:8,2
DA:9,2
DA:20,2
DA:23,2
DA:26,2
DA:27,2
DA:28,2
DA:29,2
DA:30,2
DA:31,2
DA:34,2
DA:35,2
DA:36,2
DA:37,2
DA:38,2
DA:41,2
DA:46,2
DA:49,2
DA:50,2
DA:51,2
DA:58,2
DA:59,2
DA:60,2
DA:66,2
LF:31
LH:31
BRF:0
BRH:0
end_of_record
TN:
SF:src/routes/users.ts
FNF:0
FNH:0
DA:1,2
DA:2,2
DA:3,2
DA:4,2
DA:5,2
DA:6,2
DA:7,2
DA:8,2
DA:10,2
DA:13,2
DA:16,2
DA:19,2
DA:22,2
DA:25,2
DA:28,2
DA:31,2
DA:34,2
DA:37,2
DA:38,2
DA:45,2
DA:46,2
DA:48,2
LF:22
LH:22
BRF:0
BRH:0
end_of_record
TN:
SF:src/services/adminService.ts
FN:9,(anonymous_1)
FN:30,(anonymous_2)
FN:52,(anonymous_3)
FN:83,(anonymous_4)
FN:128,(anonymous_5)
FN:159,(anonymous_6)
FN:185,(anonymous_7)
FN:223,(anonymous_8)
FN:243,(anonymous_9)
FN:283,(anonymous_10)
FN:323,(anonymous_11)
FNF:11
FNH:4
FNDA:1,(anonymous_1)
FNDA:1,(anonymous_2)
FNDA:3,(anonymous_3)
FNDA:1,(anonymous_4)
FNDA:0,(anonymous_5)
FNDA:0,(anonymous_6)
FNDA:0,(anonymous_7)
FNDA:0,(anonymous_8)
FNDA:0,(anonymous_9)
FNDA:0,(anonymous_10)
FNDA:0,(anonymous_11)
DA:1,4
DA:2,4
DA:3,4
DA:4,4
DA:5,4
DA:7,4
DA:10,1
DA:12,1
DA:17,1
DA:19,1
DA:29,1
DA:30,1
DA:53,3
DA:55,3
DA:56,1
DA:59,2
DA:60,1
DA:63,1
DA:84,1
DA:86,1
DA:87,0
DA:90,1
DA:91,0
DA:95,1
DA:100,1
DA:101,0
DA:105,1
DA:106,1
DA:114,0
DA:117,1
DA:129,0
DA:131,0
DA:132,0
DA:135,0
DA:136,0
DA:140,0
DA:141,0
DA:149,0
DA:152,0
DA:160,0
DA:162,0
DA:163,0
DA:166,0
DA:167,0
DA:170,0
DA:174,0
DA:175,0
DA:178,0
DA:192,0
DA:193,0
DA:195,0
DA:197,0
DA:198,0
DA:201,0
DA:202,0
DA:205,0
DA:206,0
DA:207,0
DA:210,0
DA:212,0
DA:222,0
DA:223,0
DA:244,0
DA:246,0
DA:247,0
DA:250,0
DA:265,0
DA:266,0
DA:267,0
DA:268,0
DA:269,0
DA:270,0
DA:271,0
DA:272,0
DA:273,0
DA:274,0
DA:275,0
DA:276,0
DA:279,0
DA:284,0
DA:286,0
DA:287,0
DA:292,0
DA:296,0
DA:297,0
DA:301,0
DA:302,0
DA:312,0
DA:315,0
DA:332,0
DA:354,0
LF:91
LH:26
BRDA:9,0,0,0
BRDA:9,1,0,0
BRDA:36,2,0,1
BRDA:36,2,1,1
BRDA:37,3,0,1
BRDA:37,3,1,1
BRDA:40,4,0,1
BRDA:40,4,1,1
BRDA:41,5,0,1
BRDA:41,5,1,1
BRDA:55,6,0,1
BRDA:55,6,1,2
BRDA:59,7,0,1
BRDA:59,7,1,1
BRDA:69,8,0,1
BRDA:69,8,1,1
BRDA:70,9,0,1
BRDA:70,9,1,1
BRDA:73,10,0,1
BRDA:73,10,1,1
BRDA:74,11,0,1
BRDA:74,11,1,1
BRDA:75,12,0,1
BRDA:75,12,1,0
BRDA:76,13,0,1
BRDA:76,13,1,0
BRDA:86,14,0,0
BRDA:86,14,1,1
BRDA:90,15,0,0
BRDA:90,15,1,1
BRDA:100,16,0,0
BRDA:100,16,1,1
BRDA:131,17,0,0
BRDA:131,17,1,0
BRDA:135,18,0,0
BRDA:135,18,1,0
BRDA:162,19,0,0
BRDA:162,19,1,0
BRDA:166,20,0,0
BRDA:166,20,1,0
BRDA:174,21,0,0
BRDA:174,21,1,0
BRDA:192,22,0,0
BRDA:192,23,0,0
BRDA:197,24,0,0
BRDA:197,24,1,0
BRDA:201,25,0,0
BRDA:201,25,1,0
BRDA:205,26,0,0
BRDA:205,26,1,0
BRDA:230,27,0,0
BRDA:230,27,1,0
BRDA:231,28,0,0
BRDA:231,28,1,0
BRDA:246,29,0,0
BRDA:246,29,1,0
BRDA:257,30,0,0
BRDA:257,30,1,0
BRDA:258,31,0,0
BRDA:258,31,1,0
BRDA:265,32,0,0
BRDA:265,32,1,0
BRDA:267,33,0,0
BRDA:267,33,1,0
BRDA:268,34,0,0
BRDA:268,34,1,0
BRDA:269,35,0,0
BRDA:269,35,1,0
BRDA:270,36,0,0
BRDA:270,36,1,0
BRDA:271,37,0,0
BRDA:271,37,1,0
BRDA:272,38,0,0
BRDA:272,38,1,0
BRDA:275,39,0,0
BRDA:275,39,1,0
BRDA:276,40,0,0
BRDA:276,40,1,0
BRDA:286,41,0,0
BRDA:286,41,1,0
BRDA:296,42,0,0
BRDA:296,42,1,0
BRDA:305,43,0,0
BRDA:305,43,1,0
BRDA:306,44,0,0
BRDA:306,44,1,0
BRDA:318,45,0,0
BRDA:318,45,1,0
BRF:88
BRH:25
end_of_record
TN:
SF:src/services/assessmentService.ts
FN:9,(anonymous_1)
FN:32,(anonymous_2)
FN:99,(anonymous_3)
FN:103,(anonymous_4)
FN:107,(anonymous_5)
FNF:5
FNH:5
FNDA:2,(anonymous_1)
FNDA:5,(anonymous_2)
FNDA:2,(anonymous_3)
FNDA:2,(anonymous_4)
FNDA:2,(anonymous_5)
DA:1,4
DA:2,4
DA:3,4
DA:5,4
DA:10,2
DA:12,2
DA:13,1
DA:16,1
DA:43,5
DA:50,1
DA:53,4
DA:59,2
DA:63,2
DA:64,2
DA:65,2
DA:66,2
DA:67,2
DA:68,2
DA:71,2
DA:72,2
DA:73,1
DA:77,1
DA:88,1
DA:100,2
DA:102,2
DA:103,2
DA:107,2
DA:115,4
LF:28
LH:28
BRDA:12,0,0,1
BRDA:12,0,1,1
BRDA:43,1,0,1
BRDA:43,1,1,4
BRDA:44,2,0,5
BRDA:44,2,1,5
BRDA:44,2,2,4
BRDA:44,2,3,4
BRDA:44,2,4,4
BRDA:53,3,0,2
BRDA:53,3,1,2
BRDA:54,4,0,4
BRDA:54,4,1,4
BRDA:54,4,2,3
BRDA:54,4,3,3
BRDA:67,5,0,0
BRDA:67,5,1,2
BRDA:72,6,0,1
BRDA:72,6,1,1
BRDA:99,7,0,1
BRF:20
BRH:19
end_of_record
TN:
SF:src/services/authService.ts
FN:28,(anonymous_1)
FN:44,(anonymous_2)
FN:48,(anonymous_3)
FN:52,(anonymous_4)
FN:223,(anonymous_5)
FN:352,(anonymous_6)
FN:370,(anonymous_7)
FN:451,(anonymous_8)
FN:487,(anonymous_9)
FN:516,(anonymous_10)
FN:541,(anonymous_11)
FN:747,(anonymous_12)
FN:837,(anonymous_13)
FNF:13
FNH:13
FNDA:42,(anonymous_1)
FNDA:28,(anonymous_2)
FNDA:42,(anonymous_3)
FNDA:23,(anonymous_4)
FNDA:41,(anonymous_5)
FNDA:5,(anonymous_6)
FNDA:15,(anonymous_7)
FNDA:4,(anonymous_8)
FNDA:7,(anonymous_9)
FNDA:9,(anonymous_10)
FNDA:21,(anonymous_11)
FNDA:16,(anonymous_12)
FNDA:6,(anonymous_13)
DA:1,5
DA:2,5
DA:3,5
DA:4,5
DA:5,5
DA:6,5
DA:7,5
DA:8,5
DA:9,5
DA:10,5
DA:27,5
DA:29,42
DA:35,42
DA:41,42
DA:45,28
DA:49,42
DA:53,23
DA:56,23
DA:58,23
DA:59,2
DA:63,21
DA:64,18
DA:65,18
DA:66,1
DA:70,17
DA:71,1
DA:78,19
DA:79,19
DA:80,19
DA:83,19
DA:95,19
DA:96,16
DA:97,3
DA:98,3
DA:99,3
DA:103,19
DA:104,19
DA:105,16
DA:108,16
DA:110,16
DA:113,16
DA:114,16
DA:116,16
DA:125,16
DA:128,16
DA:132,16
DA:133,0
DA:135,0
DA:142,16
DA:145,19
DA:148,19
DA:150,0
DA:154,0
DA:155,0
DA:156,0
DA:157,0
DA:163,0
DA:166,0
DA:171,19
DA:176,19
DA:177,19
DA:178,19
DA:185,0
DA:195,19
DA:196,16
DA:197,16
DA:198,16
DA:201,0
DA:208,19
DA:224,41
DA:226,41
DA:227,0
DA:231,41
DA:233,41
DA:235,41
DA:236,1
DA:237,1
DA:241,40
DA:242,0
DA:246,0
DA:250,40
DA:252,40
DA:258,40
DA:262,40
DA:263,2
DA:268,2
DA:274,38
DA:275,0
DA:279,0
DA:282,38
DA:283,2
DA:290,36
DA:291,36
DA:292,36
DA:293,36
DA:294,36
DA:296,36
DA:297,2
DA:298,2
DA:299,2
DA:304,2
DA:305,0
DA:306,0
DA:309,0
DA:311,0
DA:312,0
DA:315,0
DA:316,0
DA:321,34
DA:322,34
DA:323,34
DA:324,34
DA:328,36
DA:329,36
DA:331,36
DA:333,36
DA:345,36
DA:353,5
DA:354,5
DA:356,4
DA:358,4
DA:359,1
DA:362,3
DA:363,3
DA:365,2
DA:366,2
DA:371,15
DA:372,1
DA:376,14
DA:380,14
DA:381,0
DA:383,0
DA:385,0
DA:386,0
DA:391,0
DA:392,0
DA:393,0
DA:399,14
DA:400,1
DA:404,1
DA:408,13
DA:411,13
DA:412,0
DA:413,0
DA:414,0
DA:417,13
DA:418,0
DA:422,0
DA:429,13
DA:430,1
DA:436,12
DA:437,0
DA:444,12
DA:446,12
DA:452,4
DA:454,4
DA:456,1
DA:463,3
DA:464,1
DA:468,2
DA:469,2
DA:472,2
DA:479,2
DA:481,2
DA:488,7
DA:490,7
DA:492,1
DA:498,6
DA:499,6
DA:502,6
DA:509,6
DA:511,6
DA:517,9
DA:518,1
DA:521,8
DA:522,2
DA:526,6
DA:528,6
DA:529,2
DA:533,4
DA:536,4
DA:538,4
DA:547,21
DA:549,21
DA:557,21
DA:558,21
DA:560,21
DA:567,21
DA:696,21
DA:737,21
DA:744,21
DA:752,16
DA:838,6
DA:840,6
LF:194
LH:158
BRDA:58,0,0,2
BRDA:58,0,1,21
BRDA:63,1,0,18
BRDA:63,1,1,3
BRDA:63,2,0,21
BRDA:63,2,1,18
BRDA:65,3,0,1
BRDA:65,3,1,17
BRDA:65,4,0,18
BRDA:65,4,1,17
BRDA:70,5,0,1
BRDA:70,5,1,16
BRDA:70,6,0,17
BRDA:70,6,1,17
BRDA:89,7,0,16
BRDA:89,7,1,3
BRDA:95,8,0,16
BRDA:95,8,1,3
BRDA:97,9,0,3
BRDA:97,9,1,0
BRDA:104,10,0,16
BRDA:104,10,1,3
BRDA:104,11,0,19
BRDA:104,11,1,16
BRDA:110,12,0,16
BRDA:110,12,1,0
BRDA:114,13,0,16
BRDA:114,13,1,0
BRDA:114,13,2,0
BRDA:133,14,0,0
BRDA:133,14,1,0
BRDA:148,15,0,0
BRDA:148,15,1,19
BRDA:154,16,0,0
BRDA:154,16,1,0
BRDA:156,17,0,0
BRDA:156,17,1,0
BRDA:159,18,0,0
BRDA:159,18,1,0
BRDA:195,19,0,16
BRDA:195,19,1,3
BRDA:195,20,0,19
BRDA:195,20,1,16
BRDA:195,20,2,16
[...]
DA:157,0
DA:161,0
DA:163,0
DA:164,0
DA:166,0
DA:173,0
DA:174,0
DA:175,0
DA:177,0
DA:178,0
DA:181,0
DA:182,0
DA:183,0
DA:186,0
DA:187,0
DA:189,0
DA:193,0
DA:194,0
DA:195,0
DA:196,0
DA:200,0
DA:203,0
DA:234,0
DA:235,0
DA:244,0
DA:245,0
DA:246,0
DA:251,0
DA:260,0
DA:261,0
DA:265,0
DA:266,0
DA:277,0
DA:278,0
DA:279,0
DA:290,0
DA:310,0
DA:311,0
DA:316,0
DA:318,0
DA:324,0
DA:325,0
DA:330,4
LF:121
LH:59
BRDA:10,0,0,2
BRDA:10,0,1,4
BRDA:11,1,0,4
BRDA:11,1,1,0
BRDA:12,2,0,7
BRDA:12,2,1,7
BRDA:14,3,0,0
BRDA:14,3,1,0
BRDA:26,4,0,1
BRDA:26,4,1,5
BRDA:31,5,0,3
BRDA:31,5,1,2
BRDA:53,6,0,0
BRDA:53,6,1,5
BRDA:71,7,0,2
BRDA:71,7,1,3
BRDA:72,8,0,2
BRDA:72,8,1,3
BRDA:73,9,0,1
BRDA:73,9,1,4
BRDA:74,10,0,0
BRDA:74,10,1,5
BRDA:75,11,0,0
BRDA:75,11,1,5
BRDA:77,12,0,4
BRDA:77,12,1,1
BRDA:78,13,0,2
BRDA:78,13,1,2
BRDA:79,14,0,2
BRDA:79,14,1,2
BRDA:81,15,0,2
BRDA:81,15,1,2
BRDA:84,16,0,1
BRDA:84,16,1,4
BRDA:86,17,0,1
BRDA:86,17,1,0
BRDA:87,18,0,1
BRDA:87,18,1,0
BRDA:89,19,0,1
BRDA:89,19,1,0
BRDA:99,20,0,0
BRDA:99,20,1,2
BRDA:99,21,0,2
BRDA:99,21,1,2
BRDA:102,22,0,0
BRDA:102,22,1,2
BRDA:107,23,0,0
BRDA:107,23,1,2
BRDA:112,24,0,1
BRDA:112,24,1,1
BRDA:123,25,0,0
BRDA:123,25,1,2
BRDA:128,26,0,0
BRDA:128,26,1,2
BRDA:133,27,0,1
BRDA:133,27,1,1
BRDA:142,28,0,0
BRDA:142,28,1,0
BRDA:145,29,0,0
BRDA:145,29,1,0
BRDA:150,30,0,0
BRDA:150,30,1,0
BRDA:154,31,0,0
BRDA:154,31,1,0
BRDA:156,32,0,0
BRDA:156,32,1,0
BRDA:174,33,0,0
BRDA:174,33,1,0
BRDA:177,34,0,0
BRDA:177,34,1,0
BRDA:182,35,0,0
BRDA:182,35,1,0
BRDA:195,36,0,0
BRDA:195,36,1,0
BRDA:211,37,0,0
BRDA:211,37,1,0
BRDA:212,38,0,0
BRDA:212,38,1,0
BRDA:213,39,0,0
BRDA:213,39,1,0
BRDA:214,40,0,0
BRDA:214,40,1,0
BRDA:215,41,0,0
BRDA:215,41,1,0
BRDA:218,42,0,0
BRDA:218,42,1,0
BRDA:220,43,0,0
BRDA:220,43,1,0
BRDA:234,44,0,0
BRDA:234,44,1,0
BRDA:236,45,0,0
BRDA:236,45,1,0
BRDA:237,46,0,0
BRDA:237,46,1,0
BRDA:238,47,0,0
BRDA:238,47,1,0
BRDA:239,48,0,0
BRDA:239,48,1,0
BRDA:240,49,0,0
BRDA:240,49,1,0
BRDA:252,50,0,0
BRDA:252,50,1,0
BRDA:253,51,0,0
BRDA:253,51,1,0
BRDA:254,52,0,0
BRDA:254,52,1,0
BRDA:265,53,0,0
BRDA:265,53,1,0
BRDA:267,54,0,0
BRDA:267,54,1,0
BRDA:268,55,0,0
BRDA:268,55,1,0
BRDA:269,56,0,0
BRDA:269,56,1,0
BRDA:270,57,0,0
BRDA:270,57,1,0
BRDA:271,58,0,0
BRDA:271,58,1,0
BRDA:272,59,0,0
BRDA:272,59,1,0
BRDA:273,60,0,0
BRDA:273,60,1,0
BRDA:295,61,0,0
BRDA:295,61,1,0
BRDA:301,62,0,0
BRDA:301,62,1,0
BRDA:325,63,0,0
BRDA:325,63,1,0
BRF:128
BRH:42
end_of_record
TN:
SF:src/shared/config/cloudinary.ts
FNF:0
FNH:0
DA:1,0
DA:2,0
DA:5,0
DA:11,0
LF:4
LH:0
BRF:0
BRH:0
end_of_record
TN:
SF:src/shared/config/database.ts
FN:8,(anonymous_1)
FN:10,(anonymous_2)
FN:17,(anonymous_3)
FN:29,(anonymous_4)
FN:33,(anonymous_5)
FN:37,(anonymous_6)
FN:42,(anonymous_7)
FN:53,(anonymous_8)
FNF:8
FNH:0
FNDA:0,(anonymous_1)
FNDA:0,(anonymous_2)
FNDA:0,(anonymous_3)
FNDA:0,(anonymous_4)
FNDA:0,(anonymous_5)
FNDA:0,(anonymous_6)
FNDA:0,(anonymous_7)
FNDA:0,(anonymous_8)
DA:1,0
DA:2,0
DA:3,0
DA:11,0
DA:12,0
DA:14,0
DA:18,0
DA:19,0
DA:27,0
DA:29,0
DA:30,0
DA:33,0
DA:34,0
DA:37,0
DA:38,0
DA:42,0
DA:43,0
DA:44,0
DA:45,0
DA:48,0
DA:49,0
DA:54,0
DA:58,0
LF:23
LH:0
BRDA:11,0,0,0
BRDA:11,0,1,0
BRF:2
BRH:0
end_of_record
TN:
SF:src/shared/config/index.ts
FNF:0
FNH:0
DA:1,0
DA:3,0
DA:5,0
DA:59,0
LF:4
LH:0
BRDA:6,0,0,0
BRDA:6,0,1,0
BRDA:7,1,0,0
BRDA:7,1,1,0
BRDA:8,2,0,0
BRDA:8,2,1,0
BRDA:11,3,0,0
BRDA:11,3,1,0
BRDA:15,4,0,0
BRDA:15,4,1,0
BRDA:16,5,0,0
BRDA:16,5,1,0
BRDA:18,6,0,0
BRDA:18,6,1,0
BRDA:19,7,0,0
BRDA:19,7,1,0
BRDA:23,8,0,0
BRDA:23,8,1,0
BRDA:24,9,0,0
BRDA:24,9,1,0
BRDA:25,10,0,0
BRDA:25,10,1,0
BRDA:29,11,0,0
BRDA:29,11,1,0
BRDA:31,12,0,0
BRDA:31,12,1,0
BRDA:32,13,0,0
BRDA:32,13,1,0
BRDA:33,14,0,0
BRDA:33,14,1,0
BRDA:34,15,0,0
BRDA:34,15,1,0
BRDA:39,16,0,0
BRDA:39,16,1,0
BRDA:40,17,0,0
BRDA:40,17,1,0
BRDA:41,18,0,0
BRDA:41,18,1,0
BRDA:45,19,0,0
BRDA:45,19,1,0
BRDA:49,20,0,0
BRDA:49,20,1,0
BRDA:50,21,0,0
BRDA:50,21,1,0
BRDA:54,22,0,0
BRDA:54,22,1,0
BRDA:55,23,0,0
BRDA:55,23,1,0
BRF:48
BRH:0
end_of_record
TN:
SF:src/shared/errors/AppError.ts
FN:11,(anonymous_0)
FN:28,(anonymous_1)
FN:35,(anonymous_2)
FN:42,(anonymous_3)
FN:49,(anonymous_4)
FN:56,(anonymous_5)
FN:63,(anonymous_6)
FN:70,(anonymous_7)
FNF:8
FNH:6
FNDA:119,(anonymous_0)
FNDA:12,(anonymous_1)
FNDA:18,(anonymous_2)
FNDA:1,(anonymous_3)
FNDA:0,(anonymous_4)
FNDA:3,(anonymous_5)
FNDA:1,(anonymous_6)
FNDA:0,(anonymous_7)
DA:5,56
DA:12,119
DA:13,119
DA:14,119
DA:15,119
DA:16,119
DA:17,119
DA:20,119
DA:21,119
DA:29,12
DA:36,18
DA:43,1
DA:50,0
DA:57,3
DA:64,1
DA:71,0
LF:16
LH:14
BRDA:11,0,0,0
BRDA:20,1,0,119
BRDA:20,1,1,0
BRDA:35,2,0,0
BRDA:42,3,0,0
BRDA:49,4,0,0
BRDA:70,5,0,0
BRF:7
BRH:1
end_of_record
TN:
SF:src/shared/middleware/auth.ts
FN:16,(anonymous_1)
FN:58,(anonymous_2)
FN:59,(anonymous_3)
FN:72,(anonymous_4)
FNF:4
FNH:0
FNDA:0,(anonymous_1)
FNDA:0,(anonymous_2)
FNDA:0,(anonymous_3)
FNDA:0,(anonymous_4)
DA:2,0
DA:4,0
DA:5,0
DA:6,0
DA:16,0
DA:21,0
DA:22,0
DA:24,0
DA:25,0
DA:28,0
DA:30,0
DA:32,0
DA:36,0
DA:37,0
DA:40,0
DA:41,0
DA:44,0
DA:45,0
DA:52,0
DA:54,0
DA:58,0
DA:59,0
DA:60,0
DA:61,0
DA:64,0
DA:65,0
DA:68,0
DA:72,0
DA:77,0
DA:79,0
DA:80,0
DA:83,0
DA:84,0
DA:85,0
DA:87,0
DA:91,0
DA:92,0
DA:93,0
DA:105,0
LF:39
LH:0
BRDA:24,0,0,0
BRDA:24,0,1,0
BRDA:24,1,0,0
BRDA:24,1,1,0
BRDA:36,2,0,0
BRDA:36,2,1,0
BRDA:40,3,0,0
BRDA:40,3,1,0
BRDA:44,4,0,0
BRDA:44,4,1,0
BRDA:60,5,0,0
BRDA:60,5,1,0
BRDA:64,6,0,0
BRDA:64,6,1,0
BRDA:79,7,0,0
BRDA:79,7,1,0
BRDA:79,8,0,0
BRDA:79,8,1,0
BRDA:91,9,0,0
BRDA:91,9,1,0
BRDA:91,10,0,0
BRDA:91,10,1,0
BRDA:92,11,0,0
BRDA:92,11,1,0
BRF:24
BRH:0
end_of_record
TN:
SF:src/shared/middleware/upload.ts
FN:9,(anonymous_1)
FN:30,(anonymous_2)
FN:35,(anonymous_3)
FNF:3
FNH:0
FNDA:0,(anonymous_1)
FNDA:0,(anonymous_2)
FNDA:0,(anonymous_3)
DA:1,0
DA:3,0
DA:6,0
DA:9,0
DA:11,0
DA:13,0
DA:14,0
DA:16,0
DA:21,0
DA:30,0
DA:31,0
DA:35,0
DA:36,0
LF:13
LH:0
BRDA:13,0,0,0
BRDA:13,0,1,0
BRDA:35,1,0,0
BRF:3
BRH:0
end_of_record
TN:
SF:src/shared/types/index.ts
FN:3,(anonymous_0)
FN:10,(anonymous_1)
FN:15,(anonymous_2)
FN:25,(anonymous_3)
FN:32,(anonymous_4)
FN:38,(anonymous_5)
FN:43,(anonymous_6)
FN:51,(anonymous_7)
FN:57,(anonymous_8)
FN:64,(anonymous_9)
FN:71,(anonymous_10)
FN:78,(anonymous_11)
FN:85,(anonymous_12)
FNF:13
FNH:0
FNDA:0,(anonymous_0)
FNDA:0,(anonymous_1)
FNDA:0,(anonymous_2)
FNDA:0,(anonymous_3)
FNDA:0,(anonymous_4)
FNDA:0,(anonymous_5)
FNDA:0,(anonymous_6)
FNDA:0,(anonymous_7)
FNDA:0,(anonymous_8)
FNDA:0,(anonymous_9)
FNDA:0,(anonymous_10)
FNDA:0,(anonymous_11)
FNDA:0,(anonymous_12)
DA:3,0
DA:4,0
DA:5,0
DA:6,0
DA:7,0
DA:10,0
DA:11,0
DA:12,0
DA:15,0
DA:16,0
DA:17,0
DA:18,0
DA:19,0
DA:20,0
DA:21,0
DA:22,0
DA:25,0
DA:26,0
DA:27,0
DA:28,0
DA:29,0
DA:32,0
DA:33,0
DA:34,0
DA:35,0
DA:38,0
DA:39,0
DA:40,0
DA:43,0
DA:44,0
DA:45,0
DA:46,0
DA:47,0
DA:48,0
DA:51,0
DA:52,0
DA:53,0
DA:54,0
DA:57,0
DA:58,0
DA:59,0
DA:60,0
DA:61,0
DA:64,0
DA:65,0
DA:66,0
DA:67,0
DA:68,0
DA:71,0
DA:72,0
DA:73,0
DA:74,0
DA:75,0
DA:78,0
DA:79,0
DA:80,0
DA:81,0
DA:82,0
DA:85,0
DA:86,0
DA:87,0
DA:88,0
LF:62
LH:0
BRDA:3,0,0,0
BRDA:3,0,1,0
BRDA:10,1,0,0
BRDA:10,1,1,0
BRDA:15,2,0,0
BRDA:15,2,1,0
BRDA:25,3,0,0
BRDA:25,3,1,0
BRDA:32,4,0,0
BRDA:32,4,1,0
BRDA:38,5,0,0
BRDA:38,5,1,0
BRDA:43,6,0,0
BRDA:43,6,1,0
BRDA:51,7,0,0
BRDA:51,7,1,0
BRDA:57,8,0,0
BRDA:57,8,1,0
BRDA:64,9,0,0
BRDA:64,9,1,0
BRDA:71,10,0,0
BRDA:71,10,1,0
BRDA:78,11,0,0
BRDA:78,11,1,0
BRDA:85,12,0,0
BRDA:85,12,1,0
BRF:26
BRH:0
end_of_record
TN:
SF:src/shared/utils/cloudinary.ts
FN:13,(anonymous_1)
FN:18,(anonymous_2)
FN:30,(anonymous_3)
FN:51,(anonymous_4)
FN:65,(anonymous_5)
FNF:5
FNH:0
FNDA:0,(anonymous_1)
FNDA:0,(anonymous_2)
FNDA:0,(anonymous_3)
FNDA:0,(anonymous_4)
FNDA:0,(anonymous_5)
DA:1,0
DA:2,0
DA:3,0
DA:4,0
DA:13,0
DA:18,0
DA:19,0
DA:31,0
DA:32,0
DA:34,0
DA:42,0
DA:51,0
DA:52,0
DA:53,0
DA:55,0
DA:65,0
DA:66,0
DA:68,0
DA:69,0
DA:70,0
DA:72,0
LF:21
LH:0
BRDA:15,0,0,0
BRDA:31,1,0,0
BRDA:31,1,1,0
BRDA:70,2,0,0
BRDA:70,2,1,0
BRF:5
BRH:0
end_of_record
TN:
SF:src/socket/index.ts
FN:22,(anonymous_1)
FN:26,(anonymous_2)
FN:29,(anonymous_3)
FN:54,(anonymous_4)
FN:81,(anonymous_5)
FN:109,(anonymous_6)
FN:117,(anonymous_7)
FN:219,(anonymous_8)
FN:258,(anonymous_9)
FN:265,(anonymous_10)
FN:273,(anonymous_11)
FN:292,(anonymous_12)
FN:316,(anonymous_13)
FN:321,(anonymous_14)
FN:327,(anonymous_15)
FN:347,(anonymous_16)
FN:370,(anonymous_17)
FN:372,(anonymous_18)
FN:386,(anonymous_19)
FNF:19
FNH:3
FNDA:2,(anonymous_1)
FNDA:2,(anonymous_2)
FNDA:0,(anonymous_3)
FNDA:0,(anonymous_4)
FNDA:0,(anonymous_5)
FNDA:0,(anonymous_6)
FNDA:0,(anonymous_7)
FNDA:0,(anonymous_8)
FNDA:0,(anonymous_9)
FNDA:0,(anonymous_10)
FNDA:0,(anonymous_11)
FNDA:0,(anonymous_12)
FNDA:0,(anonymous_13)
FNDA:0,(anonymous_14)
FNDA:0,(anonymous_15)
FNDA:0,(anonymous_16)
FNDA:0,(anonymous_17)
FNDA:0,(anonymous_18)
FNDA:1,(anonymous_19)
DA:2,3
DA:3,3
DA:4,3
DA:5,3
DA:13,3
DA:19,3
DA:22,3
DA:23,2
DA:26,3
DA:27,2
DA:29,2
DA:30,0
DA:31,0
DA:33,0
DA:34,0
DA:37,0
DA:40,0
DA:42,0
DA:43,0
DA:46,0
DA:47,0
DA:48,0
DA:50,0
DA:54,2
DA:55,0
DA:62,0
DA:65,0
DA:66,0
DA:73,0
DA:81,0
DA:82,0
DA:84,0
DA:89,0
DA:90,0
DA:91,0
DA:92,0
DA:98,0
DA:104,0
DA:109,0
DA:110,0
DA:111,0
DA:115,0
DA:124,0
DA:125,0
DA:132,0
DA:137,0
DA:138,0
DA:142,0
DA:143,0
DA:147,0
DA:156,0
DA:159,0
DA:162,0
DA:163,0
DA:164,0
DA:194,0
DA:195,0
DA:197,0
DA:204,0
DA:207,0
DA:211,0
DA:213,0
DA:217,0
DA:218,0
DA:219,0
DA:221,0
DA:222,0
DA:227,0
DA:243,0
DA:248,0
DA:252,0
DA:258,0
DA:259,0
DA:265,0
DA:266,0
DA:273,0
DA:274,0
DA:275,0
DA:276,0
DA:277,0
DA:278,0
DA:279,0
DA:282,0
DA:292,0
DA:293,0
DA:294,0
DA:296,0
DA:306,0
DA:311,0
DA:316,0
DA:317,0
DA:318,0
DA:321,0
DA:322,0
DA:323,0
DA:327,0
DA:328,0
DA:329,0
DA:337,0
DA:339,0
DA:347,0
DA:348,0
DA:351,0
DA:352,0
DA:353,0
DA:354,0
DA:355,0
DA:356,0
DA:359,0
DA:370,2
DA:371,0
DA:372,0
DA:373,0
DA:379,0
DA:382,2
DA:386,3
DA:396,1
DA:398,1
DA:407,1
DA:409,0
LF:120
LH:18
BRDA:33,0,0,0
BRDA:33,0,1,0
BRDA:42,1,0,0
BRDA:42,1,1,0
BRDA:65,2,0,0
BRDA:65,2,1,0
BRDA:89,3,0,0
BRDA:89,3,1,0
BRDA:95,4,0,0
BRDA:95,4,1,0
BRDA:137,5,0,0
BRDA:137,5,1,0
BRDA:163,6,0,0
BRDA:163,6,1,0
BRDA:163,7,0,0
BRDA:163,7,1,0
BRDA:169,8,0,0
BRDA:169,8,1,0
BRDA:169,9,0,0
BRDA:169,9,1,0
BRDA:171,10,0,0
BRDA:171,10,1,0
BRDA:172,11,0,0
BRDA:172,11,1,0
BRDA:173,12,0,0
BRDA:173,12,1,0
BRDA:173,13,0,0
BRDA:173,13,1,0
BRDA:174,14,0,0
BRDA:174,14,1,0
BRDA:175,15,0,0
BRDA:175,15,1,0
BRDA:186,16,0,0
BRDA:186,16,1,0
BRDA:187,17,0,0
BRDA:187,17,1,0
BRDA:195,18,0,0
BRDA:195,18,1,0
BRDA:211,19,0,0
BRDA:211,19,1,0
BRDA:211,20,0,0
BRDA:211,20,1,0
BRDA:211,20,2,0
BRDA:217,21,0,0
BRDA:217,21,1,0
BRDA:217,22,0,0
BRDA:217,22,1,0
BRDA:219,23,0,0
BRDA:219,23,1,0
BRDA:221,24,0,0
BRDA:221,24,1,0
BRDA:221,25,0,0
BRDA:221,25,1,0
BRDA:221,25,2,0
BRDA:230,26,0,0
BRDA:230,26,1,0
BRDA:274,27,0,0
BRDA:274,27,1,0
BRDA:276,28,0,0
BRDA:276,28,1,0
BRDA:294,29,0,0
BRDA:294,29,1,0
BRDA:351,30,0,0
BRDA:351,30,1,0
BRDA:353,31,0,0
BRDA:353,31,1,0
BRF:66
BRH:0
end_of_record
TN:
SF:src/utils/cloudinary.ts
FN:13,(anonymous_1)
FN:18,(anonymous_2)
FN:30,(anonymous_3)
FN:51,(anonymous_4)
FN:65,(anonymous_5)
FNF:5
FNH:0
FNDA:0,(anonymous_1)
FNDA:0,(anonymous_2)
FNDA:0,(anonymous_3)
FNDA:0,(anonymous_4)
FNDA:0,(anonymous_5)
DA:1,3
DA:2,3
DA:3,3
DA:4,3
DA:13,3
DA:18,0
DA:19,0
DA:31,0
DA:32,0
DA:34,0
DA:42,0
DA:51,3
DA:52,0
DA:53,0
DA:55,0
DA:65,3
DA:66,0
DA:68,0
DA:69,0
DA:70,0
DA:72,0
LF:21
LH:7
BRDA:15,0,0,0
BRDA:31,1,0,0
BRDA:31,1,1,0
BRDA:70,2,0,0
BRDA:70,2,1,0
BRF:5
BRH:0
end_of_record
TN:
SF:src/utils/logger.ts
FN:6,(anonymous_0)
FN:22,(anonymous_1)
FN:28,(anonymous_2)
FN:32,(anonymous_3)
FN:38,(anonymous_4)
FN:56,(anonymous_5)
FN:64,(anonymous_6)
FN:72,(anonymous_7)
FN:83,(anonymous_8)
FN:98,(anonymous_9)
FNF:10
FNH:7
FNDA:80,(anonymous_0)
FNDA:80,(anonymous_1)
FNDA:238,(anonymous_2)
FNDA:0,(anonymous_3)
FNDA:13,(anonymous_4)
FNDA:7,(anonymous_5)
FNDA:98,(anonymous_6)
FNDA:120,(anonymous_7)
FNDA:0,(anonymous_8)
FNDA:0,(anonymous_9)
DA:6,80
DA:7,80
DA:8,80
DA:9,80
DA:10,80
DA:23,80
DA:24,80
DA:25,80
DA:29,238
DA:33,0
DA:34,0
DA:35,0
DA:39,13
DA:41,13
DA:51,13
DA:52,0
DA:57,7
DA:59,7
DA:60,0
DA:65,98
DA:67,98
DA:68,0
DA:73,120
DA:75,0
DA:76,0
DA:90,0
DA:91,0
DA:92,0
DA:99,0
DA:100,0
DA:104,80
DA:105,80
LF:32
LH:19
BRDA:6,0,0,80
BRDA:6,0,1,80
BRDA:24,1,0,80
BRDA:24,1,1,0
BRDA:25,2,0,0
BRDA:25,2,1,80
BRDA:34,3,0,0
BRDA:34,3,1,0
BRDA:39,4,0,0
BRDA:39,4,1,13
BRDA:43,5,0,13
BRDA:43,5,1,12
BRDA:46,6,0,12
BRDA:46,6,1,0
BRDA:51,7,0,0
BRDA:51,7,1,13
BRDA:57,8,0,0
BRDA:57,8,1,7
BRDA:59,9,0,0
BRDA:59,9,1,7
BRDA:65,10,0,0
BRDA:65,10,1,98
BRDA:67,11,0,0
BRDA:67,11,1,98
BRDA:73,12,0,120
BRDA:73,12,1,0
BRDA:75,13,0,0
BRDA:75,13,1,0
BRDA:90,14,0,0
BRDA:90,14,1,0
BRDA:91,15,0,0
BRDA:91,15,1,0
BRDA:99,16,0,0
BRDA:99,16,1,0
BRF:34
BRH:14
end_of_record
TN:
SF:src/utils/pagination.ts
FN:28,getPaginationParams
FN:53,createPaginationResult
FNF:2
FNH:2
FNDA:31,getPaginationParams
FNDA:24,createPaginationResult
DA:28,24
DA:33,31
DA:34,31
DA:37,31
DA:38,31
DA:40,31
DA:42,31
DA:53,24
DA:59,24
DA:61,24
LF:10
LH:10
BRDA:30,0,0,0
BRDA:31,1,0,0
BRDA:33,2,0,31
BRDA:33,2,1,21
BRDA:34,3,0,31
BRDA:34,3,1,21
BRF:6
BRH:4
end_of_record
TN:
SF:src/utils/populatedTypes.ts
FN:10,isPopulated
FN:19,toObjectId
FN:32,toObjectIdString
FN:50,isPopulatedUser
FNF:4
FNH:3
FNDA:1,isPopulated
FNDA:1,toObjectId
FNDA:0,toObjectIdString
FNDA:1,isPopulatedUser
DA:5,4
DA:10,4
DA:13,1
DA:19,4
DA:22,1
DA:23,1
DA:24,1
DA:25,1
DA:26,0
DA:32,4
DA:35,0
DA:36,0
DA:50,4
DA:51,1
LF:14
LH:11
BRDA:13,0,0,1
BRDA:13,0,1,1
BRDA:13,0,2,1
BRDA:22,1,0,0
BRDA:22,1,1,1
BRDA:23,2,0,0
BRDA:23,2,1,1
BRDA:24,3,0,0
BRDA:24,3,1,1
BRDA:25,4,0,1
BRDA:25,4,1,0
BRDA:52,5,0,1
BRDA:52,5,1,1
BRDA:52,5,2,1
BRDA:52,5,3,1
BRDA:52,5,4,0
BRF:16
BRH:11
end_of_record
TN:
SF:src/utils/transformations.ts
FN:49,transformSession
FN:128,transformTutor
FN:156,transformGoal
FN:179,transformUser
FN:197,toObjectIdString
FNF:5
FNH:1
FNDA:5,transformSession
FNDA:0,transformTutor
FNDA:0,transformGoal
FNDA:0,transformUser
FNDA:0,toObjectIdString
DA:6,3
DA:49,3
DA:72,5
DA:128,3
DA:139,0
DA:156,3
DA:157,0
DA:179,3
DA:180,0
DA:197,3
DA:198,0
DA:199,0
DA:200,0
DA:201,0
LF:14
LH:7
BRDA:74,0,0,5
BRDA:74,0,1,0
BRDA:74,1,0,0
BRDA:74,1,1,5
BRDA:74,2,0,5
BRDA:74,2,1,0
BRDA:74,2,2,0
BRDA:75,3,0,2
BRDA:75,3,1,3
BRDA:75,4,0,0
BRDA:75,4,1,2
BRDA:75,5,0,2
BRDA:75,5,1,0
BRDA:75,5,2,0
BRDA:76,6,0,1
BRDA:76,6,1,4
BRDA:76,7,0,5
BRDA:76,7,1,2
BRDA:76,7,2,2
BRDA:78,8,0,1
BRDA:78,8,1,0
BRDA:79,9,0,1
BRDA:79,9,1,0
BRDA:79,10,0,1
BRDA:79,10,1,0
BRDA:80,11,0,1
BRDA:80,11,1,1
BRDA:83,12,0,1
BRDA:83,12,1,4
BRDA:83,13,0,5
BRDA:83,13,1,5
BRDA:83,13,2,5
BRDA:85,14,0,1
BRDA:85,14,1,0
BRDA:86,15,0,1
BRDA:86,15,1,0
BRDA:86,16,0,1
BRDA:86,16,1,0
BRDA:93,17,0,5
BRDA:93,17,1,0
BRDA:93,18,0,5
BRDA:93,18,1,5
BRDA:144,19,0,0
BRDA:144,19,1,0
BRDA:145,20,0,0
BRDA:145,20,1,0
BRDA:146,21,0,0
BRDA:146,21,1,0
BRDA:147,22,0,0
BRDA:147,22,1,0
BRDA:148,23,0,0
BRDA:148,23,1,0
BRDA:149,24,0,0
BRDA:149,24,1,0
BRDA:164,25,0,0
BRDA:164,25,1,0
BRDA:165,26,0,0
BRDA:165,26,1,0
BRDA:166,27,0,0
BRDA:166,27,1,0
BRDA:168,28,0,0
BRDA:168,28,1,0
BRDA:187,29,0,0
BRDA:187,29,1,0
BRDA:198,30,0,0
BRDA:198,30,1,0
BRDA:199,31,0,0
BRDA:199,31,1,0
BRDA:200,32,0,0
BRDA:200,32,1,0
BRF:70
BRH:28
end_of_record
TN:
SF:src/validation/admin.ts
FNF:0
FNH:0
DA:1,2
DA:2,2
DA:5,2
DA:15,2
DA:28,2
DA:42,2
DA:55,2
DA:60,2
DA:67,2
LF:9
LH:9
BRF:0
BRH:0
end_of_record
TN:
SF:src/validation/analytics.ts
FNF:0
FNH:0
DA:1,0
DA:2,0
DA:5,0
DA:38,0
DA:51,0
DA:74,0
DA:84,0
DA:89,0
DA:112,0
DA:126,0
DA:146,0
DA:166,0
DA:189,0
DA:201,0
DA:214,0
DA:232,0
DA:246,0
DA:278,0
LF:18
LH:0
BRF:0
BRH:0
end_of_record
TN:
SF:src/validation/assessments.ts
FNF:0
FNH:0
DA:1,2
DA:2,2
DA:5,2
DA:33,2
LF:4
LH:4
BRF:0
BRH:0
end_of_record
TN:
SF:src/validation/auth.ts
FNF:0
FNH:0
DA:1,2
DA:2,2
DA:3,2
DA:6,2
DA:73,2
DA:81,2
DA:86,2
DA:94,2
DA:101,2
DA:109,2
DA:125,2
DA:130,2
LF:12
LH:12
BRF:0
BRH:0
end_of_record
TN:
SF:src/validation/behavioral.ts
FNF:0
FNH:0
DA:1,2
DA:2,2
DA:5,2
DA:22,2
DA:30,2
DA:37,2
DA:44,2
DA:54,2
DA:67,2
DA:77,2
DA:85,2
DA:95,2
DA:102,2
DA:109,2
LF:14
LH:14
BRF:0
BRH:0
end_of_record
TN:
SF:src/validation/chat.ts
FNF:0
FNH:0
DA:1,2
DA:2,2
DA:5,2
DA:12,2
DA:19,2
DA:28,2
DA:39,2
DA:50,2
DA:65,2
DA:73,2
DA:81,2
DA:94,2
DA:101,2
DA:115,2
DA:125,2
DA:135,2
DA:149,2
DA:156,2
DA:171,2
DA:182,2
DA:198,2
LF:21
LH:21
BRF:0
BRH:0
end_of_record
TN:
SF:src/validation/commitments.ts
FNF:0
FNH:0
DA:1,2
DA:2,2
DA:5,2
DA:31,2
DA:42,2
LF:5
LH:5
BRF:0
BRH:0
end_of_record
TN:
SF:src/validation/common.ts
FNF:0
FNH:0
DA:1,2
DA:2,2
DA:5,2
DA:339,2
DA:348,2
LF:5
LH:5
BRF:0
BRH:0
end_of_record
TN:
SF:src/validation/gamification.ts
FNF:0
FNH:0
DA:1,0
DA:2,0
DA:5,0
DA:28,0
DA:45,0
DA:54,0
DA:59,0
DA:64,0
DA:73,0
DA:84,0
DA:96,0
DA:106,0
DA:117,0
DA:142,0
DA:156,0
DA:166,0
DA:179,0
DA:191,0
DA:209,0
DA:218,0
DA:227,0
DA:238,0
DA:259,0
DA:268,0
DA:273,0
LF:25
LH:0
BRF:0
BRH:0
end_of_record
TN:
SF:src/validation/goals.ts
FNF:0
FNH:0
DA:1,2
DA:2,2
DA:5,2
DA:32,2
DA:39,2
DA:46,2
LF:6
LH:6
BRF:0
BRH:0
end_of_record
TN:
SF:src/validation/index.ts
FN:20,(anonymous_9)
FN:20,(anonymous_10)
FN:20,(anonymous_11)
FN:21,(anonymous_12)
FN:21,(anonymous_13)
FN:21,(anonymous_14)
FNF:6
FNH:0
FNDA:0,(anonymous_9)
FNDA:0,(anonymous_10)
FNDA:0,(anonymous_11)
FNDA:0,(anonymous_12)
FNDA:0,(anonymous_13)
FNDA:0,(anonymous_14)
DA:2,0
DA:3,0
DA:4,0
DA:5,0
DA:6,0
DA:7,0
DA:8,0
DA:9,0
DA:10,0
DA:11,0
DA:12,0
DA:13,0
DA:14,0
DA:15,0
DA:17,0
DA:20,0
DA:21,0
LF:17
LH:0
BRF:0
BRH:0
end_of_record
TN:
SF:src/validation/middleware.ts
FN:11,(anonymous_0)
FN:12,(anonymous_1)
FN:22,(anonymous_2)
FN:33,(anonymous_3)
FN:44,(anonymous_4)
FN:57,(anonymous_5)
FN:71,(anonymous_6)
FN:72,(anonymous_7)
FNF:8
FNH:4
FNDA:178,(anonymous_0)
FNDA:22,(anonymous_1)
FNDA:1,(anonymous_2)
FNDA:0,(anonymous_3)
FNDA:0,(anonymous_4)
FNDA:1,(anonymous_5)
FNDA:0,(anonymous_6)
FNDA:0,(anonymous_7)
DA:3,2
DA:11,2
DA:12,178
DA:13,22
DA:16,22
DA:17,18
DA:21,18
DA:22,1
DA:27,22
DA:28,4
DA:32,4
DA:33,0
DA:38,22
DA:39,0
DA:43,0
DA:44,0
DA:48,22
DA:50,1
DA:54,1
DA:59,1
DA:60,1
DA:66,21
DA:71,2
DA:72,0
DA:73,0
DA:75,0
DA:76,0
DA:79,0
DA:84,2
LF:29
LH:20
BRDA:16,0,0,18
BRDA:16,0,1,4
BRDA:21,1,0,1
BRDA:21,1,1,17
BRDA:27,2,0,4
BRDA:27,2,1,18
BRDA:32,3,0,0
BRDA:32,3,1,4
BRDA:38,4,0,0
BRDA:38,4,1,22
BRDA:43,5,0,0
BRDA:43,5,1,0
BRDA:48,6,0,1
BRDA:48,6,1,21
BRDA:50,7,0,1
BRDA:50,7,1,0
BRDA:60,8,0,0
BRDA:60,8,1,1
BRDA:71,9,0,0
BRDA:75,10,0,0
BRDA:75,10,1,0
BRDA:75,11,0,0
BRDA:75,11,1,0
BRF:23
BRH:12
end_of_record
TN:
SF:src/validation/milestones.ts
FNF:0
FNH:0
DA:5,0
LF:1
LH:0
BRF:0
BRH:0
end_of_record
TN:
SF:src/validation/parentReports.ts
FNF:0
FNH:0
DA:1,2
DA:2,2
DA:5,2
DA:13,2
DA:21,2
LF:5
LH:5
BRF:0
BRH:0
end_of_record
TN:
SF:src/validation/preferences.ts
FNF:0
FNH:0
DA:1,2
DA:2,2
DA:5,2
DA:24,2
LF:4
LH:4
BRF:0
BRH:0
end_of_record
TN:
SF:src/validation/quiz.ts
FNF:0
FNH:0
DA:1,2
DA:2,2
DA:5,2
DA:65,2
DA:105,2
DA:148,2
DA:156,2
DA:161,2
DA:187,2
DA:199,2
DA:204,2
DA:213,2
DA:221,2
DA:238,2
DA:248,2
DA:257,2
DA:285,2
LF:17
LH:17
BRF:0
BRH:0
end_of_record
TN:
SF:src/validation/reflections.ts
FNF:0
FNH:0
DA:1,2
DA:2,2
DA:5,2
DA:25,2
LF:4
LH:4
BRF:0
BRH:0
end_of_record
TN:
SF:src/validation/session.ts
FN:18,(anonymous_1)
FN:218,(anonymous_2)
FN:237,(anonymous_3)
FNF:3
FNH:0
FNDA:0,(anonymous_1)
FNDA:0,(anonymous_2)
FNDA:0,(anonymous_3)
DA:1,2
DA:2,2
DA:5,2
DA:20,0
DA:21,0
DA:24,0
DA:25,0
DA:26,0
DA:29,0
DA:68,2
DA:100,2
DA:110,2
DA:115,2
DA:126,2
DA:131,2
DA:141,2
DA:150,2
DA:162,2
DA:173,2
DA:191,2
DA:209,2
DA:220,0
DA:221,0
DA:223,0
DA:239,0
DA:248,2
DA:269,2
DA:274,2
DA:284,2
DA:300,2
DA:321,2
DA:332,2
DA:340,2
DA:359,2
LF:34
LH:24
BRDA:20,0,0,0
BRDA:20,0,1,0
BRDA:25,1,0,0
BRDA:25,1,1,0
BRDA:220,2,0,0
BRDA:220,2,1,0
BRF:6
BRH:0
end_of_record
TN:
SF:src/validation/tutor.ts
FNF:0
FNH:0
DA:1,2
DA:2,2
DA:5,2
DA:15,2
DA:27,2
DA:53,2
DA:63,2
DA:75,2
DA:101,2
DA:114,2
LF:10
LH:10
BRF:0
BRH:0
end_of_record
TN:
SF:src/validation/user.ts
FNF:0
FNH:0
DA:1,2
DA:2,2
DA:3,2
DA:6,2
DA:16,2
DA:21,2
DA:67,2
DA:72,2
DA:82,2
DA:91,2
DA:98,2
DA:108,2
DA:118,2
DA:132,2
DA:141,2
DA:146,2
DA:157,2
DA:171,2
DA:197,2
DA:204,2
DA:235,2
DA:251,2
LF:22
LH:22
BRF:0
BRH:0
end_of_record
