TN:
SF:src/index.ts
FN:62,(anonymous_1)
FN:71,(anonymous_2)
FN:97,(anonymous_3)
FN:98,(anonymous_4)
FN:102,(anonymous_5)
FNF:5
FNH:0
FNDA:0,(anonymous_1)
FNDA:0,(anonymous_2)
FNDA:0,(anonymous_3)
FNDA:0,(anonymous_4)
FNDA:0,(anonymous_5)
DA:1,0
DA:2,0
DA:3,0
DA:4,0
DA:5,0
DA:6,0
DA:7,0
DA:8,0
DA:10,0
DA:11,0
DA:12,0
DA:13,0
DA:25,0
DA:26,0
DA:27,0
DA:35,0
DA:36,0
DA:42,0
DA:47,0
DA:50,0
DA:51,0
DA:53,0
DA:57,0
DA:58,0
DA:59,0
DA:62,0
DA:63,0
DA:71,0
DA:72,0
DA:76,0
DA:78,0
DA:88,0
DA:91,0
DA:92,0
DA:94,0
DA:97,0
DA:98,0
DA:99,0
DA:100,0
DA:103,0
DA:104,0
LF:41
LH:0
BRDA:50,0,0,0
BRDA:50,0,1,0
BRF:2
BRH:0
end_of_record
TN:
SF:src/config/database.ts
FN:7,(anonymous_1)
FN:9,(anonymous_2)
FN:16,(anonymous_3)
FN:28,(anonymous_4)
FN:32,(anonymous_5)
FN:36,(anonymous_6)
FN:41,(anonymous_7)
FN:53,(anonymous_8)
FNF:8
FNH:0
FNDA:0,(anonymous_1)
FNDA:0,(anonymous_2)
FNDA:0,(anonymous_3)
FNDA:0,(anonymous_4)
FNDA:0,(anonymous_5)
FNDA:0,(anonymous_6)
FNDA:0,(anonymous_7)
FNDA:0,(anonymous_8)
DA:1,0
DA:2,0
DA:10,0
DA:11,0
DA:13,0
DA:17,0
DA:18,0
DA:26,0
DA:28,0
DA:29,0
DA:32,0
DA:33,0
DA:36,0
DA:37,0
DA:41,0
DA:42,0
DA:43,0
DA:44,0
DA:48,0
DA:49,0
DA:54,0
DA:58,0
LF:22
LH:0
BRDA:10,0,0,0
BRDA:10,0,1,0
BRF:2
BRH:0
end_of_record
TN:
SF:src/config/index.ts
FNF:0
FNH:0
DA:1,3
DA:3,3
DA:5,3
DA:53,3
LF:4
LH:4
BRDA:6,0,0,3
BRDA:6,0,1,0
BRDA:7,1,0,3
BRDA:7,1,1,0
BRDA:8,2,0,3
BRDA:8,2,1,0
BRDA:11,3,0,3
BRDA:11,3,1,0
BRDA:15,4,0,3
BRDA:15,4,1,0
BRDA:16,5,0,3
BRDA:16,5,1,0
BRDA:17,6,0,3
BRDA:17,6,1,0
BRDA:18,7,0,3
BRDA:18,7,1,0
BRDA:22,8,0,3
BRDA:22,8,1,0
BRDA:23,9,0,3
BRDA:23,9,1,0
BRDA:24,10,0,3
BRDA:24,10,1,0
BRDA:28,11,0,3
BRDA:28,11,1,0
BRDA:30,12,0,3
BRDA:30,12,1,0
BRDA:31,13,0,3
BRDA:31,13,1,0
BRDA:32,14,0,3
BRDA:32,14,1,0
BRDA:33,15,0,3
BRDA:33,15,1,0
BRDA:38,16,0,3
BRDA:38,16,1,0
BRDA:39,17,0,3
BRDA:39,17,1,0
BRDA:40,18,0,3
BRDA:40,18,1,0
BRDA:44,19,0,3
BRDA:44,19,1,0
BRDA:48,20,0,3
BRDA:48,20,1,0
BRDA:49,21,0,3
BRDA:49,21,1,0
BRF:44
BRH:22
end_of_record
TN:
SF:src/controllers/authController.ts
FN:7,(anonymous_0)
FN:18,(anonymous_1)
FN:39,(anonymous_2)
FN:67,(anonymous_3)
FN:76,(anonymous_4)
FN:94,(anonymous_5)
FN:112,(anonymous_6)
FN:121,(anonymous_7)
FN:131,(anonymous_8)
FNF:9
FNH:0
FNDA:0,(anonymous_0)
FNDA:0,(anonymous_1)
FNDA:0,(anonymous_2)
FNDA:0,(anonymous_3)
FNDA:0,(anonymous_4)
FNDA:0,(anonymous_5)
FNDA:0,(anonymous_6)
FNDA:0,(anonymous_7)
FNDA:0,(anonymous_8)
DA:2,0
DA:3,0
DA:6,0
DA:7,0
DA:9,0
DA:11,0
DA:18,0
DA:19,0
DA:22,0
DA:29,0
DA:39,0
DA:40,0
DA:42,0
DA:43,0
DA:49,0
DA:52,0
DA:59,0
DA:67,0
DA:68,0
DA:70,0
DA:76,0
DA:77,0
DA:79,0
DA:80,0
DA:86,0
DA:88,0
DA:94,0
DA:95,0
DA:97,0
DA:98,0
DA:104,0
DA:106,0
DA:112,0
DA:113,0
DA:115,0
DA:121,0
DA:122,0
DA:123,0
DA:125,0
DA:131,0
DA:132,0
LF:41
LH:0
BRDA:42,0,0,0
BRDA:42,0,1,0
BRDA:79,1,0,0
BRDA:79,1,1,0
BRDA:79,2,0,0
BRDA:79,2,1,0
BRDA:97,3,0,0
BRDA:97,3,1,0
BRF:8
BRH:0
end_of_record
TN:
SF:src/middleware/auth.ts
FN:17,(anonymous_1)
FN:61,(anonymous_2)
FN:62,(anonymous_3)
FN:79,(anonymous_4)
FNF:4
FNH:0
FNDA:0,(anonymous_1)
FNDA:0,(anonymous_2)
FNDA:0,(anonymous_3)
FNDA:0,(anonymous_4)
DA:2,0
DA:4,0
DA:5,0
DA:17,0
DA:18,0
DA:19,0
DA:21,0
DA:22,0
DA:23,0
DA:24,0
DA:27,0
DA:29,0
DA:31,0
DA:33,0
DA:34,0
DA:35,0
DA:36,0
DA:39,0
DA:40,0
DA:41,0
DA:42,0
DA:45,0
DA:46,0
DA:53,0
DA:55,0
DA:56,0
DA:57,0
DA:61,0
DA:62,0
DA:63,0
DA:64,0
DA:65,0
DA:66,0
DA:69,0
DA:70,0
DA:71,0
DA:72,0
DA:75,0
DA:79,0
DA:80,0
DA:82,0
DA:83,0
DA:86,0
DA:87,0
DA:88,0
DA:90,0
DA:92,0
DA:93,0
DA:94,0
DA:106,0
LF:50
LH:0
BRDA:21,0,0,0
BRDA:21,0,1,0
BRDA:21,1,0,0
BRDA:21,1,1,0
BRDA:33,2,0,0
BRDA:33,2,1,0
BRDA:39,3,0,0
BRDA:39,3,1,0
BRDA:45,4,0,0
BRDA:45,4,1,0
BRDA:63,5,0,0
BRDA:63,5,1,0
BRDA:69,6,0,0
BRDA:69,6,1,0
BRDA:82,7,0,0
BRDA:82,7,1,0
BRDA:82,8,0,0
BRDA:82,8,1,0
BRDA:92,9,0,0
BRDA:92,9,1,0
BRDA:92,10,0,0
BRDA:92,10,1,0
BRDA:93,11,0,0
BRDA:93,11,1,0
BRF:24
BRH:0
end_of_record
TN:
SF:src/middleware/errorHandler.ts
FN:8,(anonymous_0)
FN:60,(anonymous_1)
FN:66,(anonymous_2)
FN:66,(anonymous_3)
FNF:4
FNH:0
FNDA:0,(anonymous_0)
FNDA:0,(anonymous_1)
FNDA:0,(anonymous_2)
FNDA:0,(anonymous_3)
DA:8,0
DA:14,0
DA:15,0
DA:18,0
DA:19,0
DA:20,0
DA:21,0
DA:22,0
DA:23,0
DA:24,0
DA:25,0
DA:30,0
DA:31,0
DA:35,0
DA:36,0
DA:37,0
DA:38,0
DA:39,0
DA:40,0
DA:43,0
DA:53,0
DA:60,0
DA:61,0
DA:62,0
DA:63,0
DA:66,0
DA:67,0
LF:27
LH:0
BRDA:14,0,0,0
BRDA:14,0,1,0
BRDA:15,1,0,0
BRDA:15,1,1,0
BRDA:18,2,0,0
BRDA:18,2,1,0
BRDA:20,3,0,0
BRDA:20,3,1,0
BRDA:23,4,0,0
BRDA:23,4,1,0
BRDA:30,5,0,0
BRDA:30,5,1,0
BRDA:35,6,0,0
BRDA:35,6,1,0
BRDA:38,7,0,0
BRDA:38,7,1,0
BRDA:56,8,0,0
BRDA:56,8,1,0
BRF:18
BRH:0
end_of_record
TN:
SF:src/models/Badge.ts
FN:51,(anonymous_0)
FN:56,(anonymous_1)
FNF:2
FNH:0
FNDA:0,(anonymous_0)
FNDA:0,(anonymous_1)
DA:1,0
DA:2,0
DA:4,0
DA:47,0
DA:48,0
DA:51,0
DA:52,0
DA:56,0
DA:57,0
DA:60,0
LF:10
LH:0
BRF:0
BRH:0
end_of_record
TN:
SF:src/models/BehavioralData.ts
FN:55,(anonymous_0)
FN:72,(anonymous_1)
FN:101,(anonymous_2)
FN:123,(anonymous_3)
FNF:4
FNH:0
FNDA:0,(anonymous_0)
FNDA:0,(anonymous_1)
FNDA:0,(anonymous_2)
FNDA:0,(anonymous_3)
DA:1,0
DA:4,0
DA:42,0
DA:43,0
DA:46,0
DA:55,0
DA:60,0
DA:62,0
DA:63,0
DA:64,0
DA:65,0
DA:68,0
DA:72,0
DA:73,0
DA:74,0
DA:76,0
DA:101,0
DA:102,0
DA:103,0
DA:105,0
DA:123,0
DA:124,0
DA:125,0
DA:127,0
DA:144,0
LF:25
LH:0
BRDA:62,0,0,0
BRDA:62,0,1,0
BRDA:62,1,0,0
BRDA:62,1,1,0
BRDA:64,2,0,0
BRDA:64,2,1,0
BRDA:65,3,0,0
BRDA:65,3,1,0
BRDA:72,4,0,0
BRDA:101,5,0,0
BRDA:123,6,0,0
BRF:11
BRH:0
end_of_record
TN:
SF:src/models/Chat.ts
FN:33,(anonymous_0)
FN:40,(anonymous_1)
FNF:2
FNH:0
FNDA:0,(anonymous_0)
FNDA:0,(anonymous_1)
DA:1,0
DA:4,0
DA:20,0
DA:21,0
DA:24,0
DA:33,0
DA:34,0
DA:40,0
DA:41,0
DA:45,0
DA:46,0
DA:51,0
DA:54,0
LF:13
LH:0
BRDA:45,0,0,0
BRDA:45,0,1,0
BRF:2
BRH:0
end_of_record
TN:
SF:src/models/File.ts
FN:53,(anonymous_0)
FN:62,(anonymous_1)
FN:67,(anonymous_2)
FN:78,(anonymous_3)
FN:97,(anonymous_4)
FN:137,(anonymous_5)
FNF:6
FNH:0
FNDA:0,(anonymous_0)
FNDA:0,(anonymous_1)
FNDA:0,(anonymous_2)
FNDA:0,(anonymous_3)
FNDA:0,(anonymous_4)
FNDA:0,(anonymous_5)
DA:1,0
DA:4,0
DA:39,0
DA:40,0
DA:41,0
DA:44,0
DA:53,0
DA:54,0
DA:55,0
DA:56,0
DA:57,0
DA:58,0
DA:62,0
DA:63,0
DA:67,0
DA:68,0
DA:74,0
DA:78,0
DA:84,0
DA:85,0
DA:86,0
DA:89,0
DA:90,0
DA:97,0
DA:98,0
DA:100,0
DA:137,0
DA:138,0
DA:139,0
DA:141,0
DA:146,0
LF:31
LH:0
BRDA:56,0,0,0
BRDA:56,0,1,0
BRDA:80,1,0,0
BRDA:81,2,0,0
BRDA:85,3,0,0
BRDA:85,3,1,0
BRDA:98,4,0,0
BRDA:98,4,1,0
BRDA:137,5,0,0
BRF:9
BRH:0
end_of_record
TN:
SF:src/models/Message.ts
FN:57,(anonymous_0)
FN:71,(anonymous_1)
FN:83,(anonymous_2)
FNF:3
FNH:0
FNDA:0,(anonymous_0)
FNDA:0,(anonymous_1)
FNDA:0,(anonymous_2)
DA:1,0
DA:2,0
DA:4,0
DA:43,0
DA:44,0
DA:45,0
DA:48,0
DA:57,0
DA:62,0
DA:63,0
DA:71,0
DA:72,0
DA:83,0
DA:84,0
DA:91,0
LF:15
LH:0
BRDA:59,0,0,0
BRDA:60,1,0,0
BRF:2
BRH:0
end_of_record
TN:
SF:src/models/Notification.ts
FN:60,(anonymous_0)
FN:66,(anonymous_1)
FN:85,(anonymous_2)
FN:90,(anonymous_3)
FN:98,(anonymous_4)
FN:109,(anonymous_5)
FN:114,(anonymous_6)
FNF:7
FNH:0
FNDA:0,(anonymous_0)
FNDA:0,(anonymous_1)
FNDA:0,(anonymous_2)
FNDA:0,(anonymous_3)
FNDA:0,(anonymous_4)
FNDA:0,(anonymous_5)
FNDA:0,(anonymous_6)
DA:1,0
DA:4,0
DA:47,0
DA:48,0
DA:51,0
DA:60,0
DA:61,0
DA:62,0
DA:66,0
DA:72,0
DA:73,0
DA:74,0
DA:77,0
DA:78,0
DA:85,0
DA:86,0
DA:90,0
DA:91,0
DA:98,0
DA:105,0
DA:109,0
DA:110,0
DA:114,0
DA:115,0
DA:116,0
DA:118,0
DA:137,0
LF:27
LH:0
BRDA:68,0,0,0
BRDA:69,1,0,0
BRDA:70,2,0,0
BRDA:73,3,0,0
BRDA:73,3,1,0
BRDA:114,4,0,0
BRF:6
BRH:0
end_of_record
TN:
SF:src/models/Payment.ts
FN:66,(anonymous_0)
FN:71,(anonymous_1)
FN:80,(anonymous_2)
FN:90,(anonymous_3)
FNF:4
FNH:0
FNDA:0,(anonymous_0)
FNDA:0,(anonymous_1)
FNDA:0,(anonymous_2)
FNDA:0,(anonymous_3)
DA:1,0
DA:2,0
DA:4,0
DA:44,0
DA:45,0
DA:46,0
DA:49,0
DA:58,0
DA:66,0
DA:67,0
DA:71,0
DA:72,0
DA:73,0
DA:80,0
DA:81,0
DA:82,0
DA:90,0
DA:91,0
DA:93,0
DA:94,0
DA:95,0
DA:96,0
DA:99,0
DA:112,0
LF:24
LH:0
BRDA:80,0,0,0
BRDA:80,1,0,0
BRDA:93,2,0,0
BRDA:93,2,1,0
BRDA:93,3,0,0
BRDA:93,3,1,0
BRDA:95,4,0,0
BRDA:95,4,1,0
BRDA:96,5,0,0
BRDA:96,5,1,0
BRF:10
BRH:0
end_of_record
TN:
SF:src/models/ProgressReport.ts
FN:94,(anonymous_0)
FN:101,(anonymous_1)
FN:107,(anonymous_2)
FN:112,(anonymous_3)
FN:123,(anonymous_4)
FN:151,(anonymous_5)
FNF:6
FNH:0
FNDA:0,(anonymous_0)
FNDA:0,(anonymous_1)
FNDA:0,(anonymous_2)
FNDA:0,(anonymous_3)
FNDA:0,(anonymous_4)
FNDA:0,(anonymous_5)
DA:1,0
DA:4,0
DA:81,0
DA:82,0
DA:85,0
DA:94,0
DA:95,0
DA:96,0
DA:97,0
DA:101,0
DA:102,0
DA:103,0
DA:107,0
DA:108,0
DA:112,0
DA:117,0
DA:123,0
DA:124,0
DA:126,0
DA:127,0
DA:128,0
DA:129,0
DA:132,0
DA:133,0
DA:136,0
DA:137,0
DA:140,0
DA:141,0
DA:142,0
DA:143,0
DA:144,0
DA:147,0
DA:151,0
DA:152,0
DA:154,0
DA:155,0
DA:156,0
DA:159,0
DA:160,0
DA:163,0
DA:164,0
DA:167,0
DA:168,0
DA:170,0
DA:173,0
LF:45
LH:0
BRDA:115,0,0,0
BRDA:126,1,0,0
BRDA:126,1,1,0
BRDA:128,2,0,0
BRDA:128,2,1,0
BRDA:132,3,0,0
BRDA:132,3,1,0
BRDA:136,4,0,0
BRDA:136,4,1,0
BRDA:141,5,0,0
BRDA:141,5,1,0
BRDA:143,6,0,0
BRDA:143,6,1,0
BRDA:154,7,0,0
BRDA:154,7,1,0
BRDA:159,8,0,0
BRDA:159,8,1,0
BRDA:163,9,0,0
BRDA:163,9,1,0
BRF:19
BRH:0
end_of_record
TN:
SF:src/models/Quiz.ts
FN:89,(anonymous_0)
FN:90,(anonymous_1)
FN:94,(anonymous_2)
FN:99,(anonymous_3)
FN:104,(anonymous_4)
FN:112,(anonymous_5)
FNF:6
FNH:0
FNDA:0,(anonymous_0)
FNDA:0,(anonymous_1)
FNDA:0,(anonymous_2)
FNDA:0,(anonymous_3)
FNDA:0,(anonymous_4)
FNDA:0,(anonymous_5)
DA:1,0
DA:4,0
DA:40,0
DA:85,0
DA:86,0
DA:89,0
DA:90,0
DA:94,0
DA:95,0
DA:99,0
DA:100,0
DA:104,0
DA:105,0
DA:112,0
DA:113,0
DA:121,0
LF:16
LH:0
BRDA:112,0,0,0
BRF:1
BRH:0
end_of_record
TN:
SF:src/models/QuizAttempt.ts
FN:64,(anonymous_0)
FN:74,(anonymous_1)
FN:91,(anonymous_2)
FNF:3
FNH:0
FNDA:0,(anonymous_0)
FNDA:0,(anonymous_1)
FNDA:0,(anonymous_2)
DA:1,0
DA:4,0
DA:42,0
DA:43,0
DA:44,0
DA:47,0
DA:55,0
DA:64,0
DA:65,0
DA:66,0
DA:74,0
DA:75,0
DA:91,0
DA:92,0
DA:97,0
LF:15
LH:0
BRDA:64,0,0,0
BRDA:64,1,0,0
BRF:2
BRH:0
end_of_record
TN:
SF:src/models/Session.ts
FN:91,(anonymous_0)
FN:100,(anonymous_1)
FNF:2
FNH:0
FNDA:0,(anonymous_0)
FNDA:0,(anonymous_1)
DA:1,0
DA:2,0
DA:4,0
DA:70,0
DA:71,0
DA:72,0
DA:73,0
DA:76,0
DA:83,0
DA:91,0
DA:92,0
DA:93,0
DA:94,0
DA:96,0
DA:100,0
DA:101,0
DA:102,0
DA:109,0
LF:18
LH:0
BRDA:96,0,0,0
BRDA:96,0,1,0
BRDA:101,1,0,0
BRDA:101,1,1,0
BRF:4
BRH:0
end_of_record
TN:
SF:src/models/StudyReminder.ts
FN:31,(anonymous_0)
FN:57,(anonymous_1)
FN:63,(anonymous_2)
FN:87,(anonymous_3)
FN:93,(anonymous_4)
FN:101,(anonymous_5)
FN:116,(anonymous_6)
FN:120,(anonymous_7)
FNF:8
FNH:0
FNDA:0,(anonymous_0)
FNDA:0,(anonymous_1)
FNDA:0,(anonymous_2)
FNDA:0,(anonymous_3)
FNDA:0,(anonymous_4)
FNDA:0,(anonymous_5)
FNDA:0,(anonymous_6)
FNDA:0,(anonymous_7)
DA:1,0
DA:4,0
DA:32,0
DA:44,0
DA:45,0
DA:48,0
DA:57,0
DA:58,0
DA:59,0
DA:63,0
DA:64,0
DA:65,0
DA:68,0
DA:69,0
DA:71,0
DA:73,0
DA:74,0
DA:76,0
DA:77,0
DA:79,0
DA:80,0
DA:83,0
DA:87,0
DA:88,0
DA:93,0
DA:94,0
DA:101,0
DA:105,0
DA:106,0
DA:108,0
DA:116,0
DA:120,0
DA:121,0
DA:122,0
DA:125,0
DA:126,0
DA:128,0
DA:129,0
DA:130,0
DA:132,0
DA:141,0
DA:144,0
DA:148,0
LF:43
LH:0
BRDA:64,0,0,0
BRDA:64,0,1,0
BRDA:64,1,0,0
BRDA:64,1,1,0
BRDA:71,2,0,0
BRDA:71,2,1,0
BRDA:71,2,2,0
BRDA:93,3,0,0
BRDA:103,4,0,0
BRDA:118,5,0,0
BRDA:121,6,0,0
BRDA:121,6,1,0
BRDA:121,7,0,0
BRDA:121,7,1,0
BRDA:130,8,0,0
BRDA:130,8,1,0
BRF:16
BRH:0
end_of_record
TN:
SF:src/models/User.ts
FN:124,(anonymous_0)
FN:150,(anonymous_1)
FN:155,(anonymous_2)
FN:162,(anonymous_3)
FNF:4
FNH:0
FNDA:0,(anonymous_0)
FNDA:0,(anonymous_1)
FNDA:0,(anonymous_2)
FNDA:0,(anonymous_3)
DA:1,3
DA:2,3
DA:4,3
DA:125,0
DA:126,0
DA:133,3
DA:134,3
DA:135,3
DA:136,3
DA:137,3
DA:138,3
DA:139,3
DA:140,3
DA:143,3
DA:150,3
DA:151,0
DA:155,3
DA:156,0
DA:157,0
DA:158,0
DA:162,3
DA:163,0
DA:171,3
LF:23
LH:16
BRDA:156,0,0,0
BRDA:156,0,1,0
BRF:2
BRH:0
end_of_record
TN:
SF:src/models/UserBadge.ts
FN:45,(anonymous_0)
FN:52,(anonymous_1)
FN:57,(anonymous_2)
FNF:3
FNH:0
FNDA:0,(anonymous_0)
FNDA:0,(anonymous_1)
FNDA:0,(anonymous_2)
DA:1,0
DA:4,0
DA:24,0
DA:25,0
DA:28,0
DA:36,0
DA:45,0
DA:46,0
DA:52,0
DA:53,0
DA:57,0
DA:58,0
DA:83,0
LF:13
LH:0
BRDA:57,0,0,0
BRF:1
BRH:0
end_of_record
TN:
SF:src/models/UserPreferences.ts
FNF:0
FNH:0
DA:1,2
DA:4,2
DA:54,2
LF:3
LH:3
BRF:0
BRH:0
end_of_record
TN:
SF:src/models/index.ts
FN:2,(anonymous_0)
FN:3,(anonymous_1)
FN:4,(anonymous_2)
FN:5,(anonymous_3)
FN:6,(anonymous_4)
FN:7,(anonymous_5)
FN:8,(anonymous_6)
FN:9,(anonymous_7)
FN:10,(anonymous_8)
FN:11,(anonymous_9)
FN:12,(anonymous_10)
FN:13,(anonymous_11)
FN:14,(anonymous_12)
FN:15,(anonymous_13)
FN:16,(anonymous_14)
FNF:15
FNH:0
FNDA:0,(anonymous_0)
FNDA:0,(anonymous_1)
FNDA:0,(anonymous_2)
FNDA:0,(anonymous_3)
FNDA:0,(anonymous_4)
FNDA:0,(anonymous_5)
FNDA:0,(anonymous_6)
FNDA:0,(anonymous_7)
FNDA:0,(anonymous_8)
FNDA:0,(anonymous_9)
FNDA:0,(anonymous_10)
FNDA:0,(anonymous_11)
FNDA:0,(anonymous_12)
FNDA:0,(anonymous_13)
FNDA:0,(anonymous_14)
DA:2,0
DA:3,0
DA:4,0
DA:5,0
DA:6,0
DA:7,0
DA:8,0
DA:9,0
DA:10,0
DA:11,0
DA:12,0
DA:13,0
DA:14,0
DA:15,0
DA:16,0
LF:15
LH:0
BRF:0
BRH:0
end_of_record
TN:
SF:src/repositories/BaseRepository.ts
FN:24,(anonymous_0)
FN:31,(anonymous_1)
FN:38,(anonymous_2)
FN:45,(anonymous_3)
FN:52,(anonymous_4)
FN:59,(anonymous_5)
FN:66,(anonymous_6)
FN:90,(anonymous_7)
FN:105,(anonymous_8)
FN:120,(anonymous_9)
FN:134,(anonymous_10)
FN:145,(anonymous_11)
FN:156,(anonymous_12)
FN:163,(anonymous_13)
FN:170,(anonymous_14)
FN:178,(anonymous_15)
FN:185,(anonymous_16)
FN:193,(anonymous_17)
FN:200,(anonymous_18)
FNF:19
FNH:11
FNDA:5,(anonymous_0)
FNDA:31,(anonymous_1)
FNDA:0,(anonymous_2)
FNDA:28,(anonymous_3)
FNDA:3,(anonymous_4)
FNDA:4,(anonymous_5)
FNDA:0,(anonymous_6)
FNDA:3,(anonymous_7)
FNDA:16,(anonymous_8)
FNDA:0,(anonymous_9)
FNDA:2,(anonymous_10)
FNDA:0,(anonymous_11)
FNDA:0,(anonymous_12)
FNDA:1,(anonymous_13)
FNDA:0,(anonymous_14)
FNDA:2,(anonymous_15)
FNDA:5,(anonymous_16)
FNDA:0,(anonymous_17)
FNDA:0,(anonymous_18)
DA:21,4
DA:25,5
DA:32,31
DA:39,0
DA:46,28
DA:53,3
DA:60,4
DA:70,0
DA:71,0
DA:73,0
DA:78,0
DA:95,3
DA:110,16
DA:124,0
DA:125,0
DA:139,2
DA:150,0
DA:157,0
DA:164,1
DA:171,0
DA:172,0
DA:179,2
DA:186,5
DA:187,5
DA:194,0
DA:201,0
LF:26
LH:13
BRDA:59,0,0,0
BRDA:67,1,0,0
BRDA:68,2,0,0
BRDA:70,3,0,0
BRDA:70,4,0,0
BRDA:70,5,0,0
BRDA:137,6,0,0
BRDA:148,7,0,0
BRDA:178,8,0,2
BRDA:193,9,0,0
BRF:10
BRH:1
end_of_record
TN:
SF:src/repositories/UserPreferencesRepository.ts
FN:11,(anonymous_0)
FN:18,(anonymous_1)
FN:25,(anonymous_2)
FN:38,(anonymous_3)
FNF:4
FNH:3
FNDA:2,(anonymous_0)
FNDA:2,(anonymous_1)
FNDA:1,(anonymous_2)
FNDA:0,(anonymous_3)
DA:2,2
DA:4,2
DA:12,2
DA:19,2
DA:29,1
DA:39,0
DA:44,2
DA:45,2
LF:8
LH:7
BRF:0
BRH:0
end_of_record
TN:
SF:src/repositories/UserRepository.ts
FN:11,(anonymous_0)
FN:18,(anonymous_1)
FN:25,(anonymous_2)
FN:32,(anonymous_3)
FN:39,(anonymous_4)
FN:46,(anonymous_5)
FN:54,(anonymous_6)
FN:61,(anonymous_7)
FN:73,(anonymous_8)
FN:87,(anonymous_9)
FN:101,(anonymous_10)
FN:113,(anonymous_11)
FN:127,(anonymous_12)
FNF:13
FNH:13
FNDA:3,(anonymous_0)
FNDA:26,(anonymous_1)
FNDA:9,(anonymous_2)
FNDA:2,(anonymous_3)
FNDA:7,(anonymous_4)
FNDA:4,(anonymous_5)
FNDA:3,(anonymous_6)
FNDA:11,(anonymous_7)
FNDA:10,(anonymous_8)
FNDA:2,(anonymous_9)
FNDA:6,(anonymous_10)
FNDA:6,(anonymous_11)
FNDA:4,(anonymous_12)
DA:2,3
DA:4,3
DA:12,3
DA:19,26
DA:26,9
DA:33,2
DA:40,7
DA:47,4
DA:48,4
DA:55,3
DA:62,11
DA:74,10
DA:92,2
DA:102,6
DA:118,6
DA:128,4
DA:140,3
DA:141,3
LF:18
LH:18
BRF:0
BRH:0
end_of_record
TN:
SF:src/repositories/index.ts
FN:6,(anonymous_0)
FN:9,(anonymous_1)
FN:10,(anonymous_2)
FNF:3
FNH:0
FNDA:0,(anonymous_0)
FNDA:0,(anonymous_1)
FNDA:0,(anonymous_2)
DA:6,0
DA:9,0
DA:10,0
LF:3
LH:0
BRF:0
BRH:0
end_of_record
TN:
SF:src/routes/auth.ts
FNF:0
FNH:0
DA:1,0
DA:2,0
DA:3,0
DA:5,0
DA:8,0
DA:9,0
DA:10,0
DA:11,0
DA:12,0
DA:13,0
DA:14,0
DA:15,0
DA:18,0
DA:20,0
LF:14
LH:0
BRF:0
BRH:0
end_of_record
TN:
SF:src/scripts/seed.ts
FN:7,(anonymous_1)
FNF:1
FNH:0
FNDA:0,(anonymous_1)
DA:1,0
DA:2,0
DA:3,0
DA:4,0
DA:5,0
DA:7,0
DA:8,0
DA:9,0
DA:12,0
DA:15,0
DA:16,0
DA:17,0
DA:18,0
DA:20,0
DA:23,0
DA:26,0
DA:37,0
DA:52,0
DA:70,0
DA:80,0
DA:83,0
DA:84,0
DA:85,0
DA:98,0
DA:101,0
DA:168,0
DA:169,0
DA:172,0
DA:264,0
DA:265,0
DA:267,0
DA:268,0
DA:269,0
DA:270,0
DA:271,0
DA:272,0
DA:275,0
DA:277,0
DA:278,0
DA:283,0
LF:40
LH:0
BRF:0
BRH:0
end_of_record
TN:
SF:src/services/authService.ts
FN:27,(anonymous_1)
FN:43,(anonymous_2)
FN:47,(anonymous_3)
FN:54,(anonymous_4)
FN:155,(anonymous_5)
FN:205,(anonymous_6)
FN:229,(anonymous_7)
FN:260,(anonymous_8)
FN:298,(anonymous_9)
FN:329,(anonymous_10)
FN:360,(anonymous_11)
FN:375,(anonymous_12)
FN:392,(anonymous_13)
FNF:13
FNH:13
FNDA:13,(anonymous_1)
FNDA:26,(anonymous_2)
FNDA:13,(anonymous_3)
FNDA:21,(anonymous_4)
FNDA:12,(anonymous_5)
FNDA:5,(anonymous_6)
FNDA:13,(anonymous_7)
FNDA:4,(anonymous_8)
FNDA:7,(anonymous_9)
FNDA:9,(anonymous_10)
FNDA:19,(anonymous_11)
FNDA:15,(anonymous_12)
FNDA:6,(anonymous_13)
DA:1,2
DA:2,2
DA:3,2
DA:4,2
DA:5,2
DA:6,2
DA:8,2
DA:9,2
DA:26,2
DA:28,13
DA:34,13
DA:40,13
DA:44,26
DA:51,13
DA:63,21
DA:66,21
DA:68,21
DA:69,2
DA:70,2
DA:71,2
DA:75,19
DA:77,17
DA:78,17
DA:79,1
DA:82,1
DA:83,1
DA:87,16
DA:88,1
DA:91,1
DA:92,1
DA:96,17
DA:97,17
DA:98,17
DA:101,17
DA:113,17
DA:114,15
DA:115,2
DA:116,2
DA:117,2
DA:120,17
DA:123,17
DA:128,17
DA:131,17
DA:132,15
DA:139,17
DA:156,12
DA:158,12
DA:160,12
DA:161,1
DA:162,1
DA:163,1
DA:166,11
DA:168,11
DA:169,2
DA:170,2
DA:171,2
DA:174,9
DA:175,2
DA:178,2
DA:179,2
DA:183,7
DA:185,7
DA:187,7
DA:199,7
DA:206,5
DA:207,5
DA:209,4
DA:214,4
DA:215,1
DA:216,1
DA:217,1
DA:220,3
DA:221,3
DA:223,2
DA:224,2
DA:225,2
DA:230,13
DA:231,1
DA:232,1
DA:233,1
DA:237,12
DA:239,12
DA:240,1
DA:241,1
DA:242,1
DA:246,11
DA:247,1
DA:253,10
DA:255,10
DA:261,4
DA:263,4
DA:265,1
DA:272,3
DA:273,1
DA:274,1
DA:275,1
DA:279,2
DA:280,2
DA:283,2
DA:290,2
DA:292,2
DA:299,7
DA:301,7
DA:303,1
DA:310,6
DA:311,6
DA:314,6
DA:321,6
DA:323,6
DA:330,9
DA:331,1
DA:332,1
DA:333,1
DA:336,8
DA:337,2
DA:338,2
DA:339,2
DA:343,6
DA:345,6
DA:346,2
DA:347,2
DA:348,2
DA:352,4
DA:355,4
DA:357,4
DA:361,19
DA:363,19
DA:380,15
DA:393,6
DA:395,6
LF:130
LH:130
BRDA:68,0,0,2
BRDA:68,0,1,19
BRDA:75,1,0,17
BRDA:75,1,1,2
BRDA:75,2,0,19
BRDA:75,2,1,17
BRDA:78,3,0,1
BRDA:78,3,1,16
BRDA:78,4,0,17
BRDA:78,4,1,16
BRDA:87,5,0,1
BRDA:87,5,1,15
BRDA:87,6,0,16
BRDA:87,6,1,16
BRDA:107,7,0,15
BRDA:107,7,1,2
BRDA:113,8,0,15
BRDA:113,8,1,2
BRDA:115,9,0,2
BRDA:115,9,1,0
BRDA:131,10,0,15
BRDA:131,10,1,2
BRDA:131,11,0,17
BRDA:131,11,1,15
BRDA:160,12,0,1
BRDA:160,12,1,11
BRDA:168,13,0,2
BRDA:168,13,1,9
BRDA:174,14,0,2
BRDA:174,14,1,7
BRDA:214,15,0,1
BRDA:214,15,1,3
BRDA:214,16,0,4
BRDA:214,16,1,4
BRDA:230,17,0,1
BRDA:230,17,1,12
BRDA:239,18,0,1
BRDA:239,18,1,11
BRDA:246,19,0,1
BRDA:246,19,1,10
BRDA:263,20,0,1
BRDA:263,20,1,3
BRDA:272,21,0,1
BRDA:272,21,1,2
BRDA:301,22,0,1
BRDA:301,22,1,6
BRDA:330,23,0,1
BRDA:330,23,1,8
BRDA:336,24,0,2
BRDA:336,24,1,6
BRDA:336,25,0,8
BRDA:336,25,1,8
BRDA:345,26,0,2
BRDA:345,26,1,4
BRF:54
BRH:53
end_of_record
TN:
SF:src/services/emailService.ts
FN:14,(anonymous_1)
FN:26,(anonymous_2)
FN:44,(anonymous_3)
FN:69,(anonymous_4)
FN:100,(anonymous_5)
FN:149,(anonymous_6)
FN:150,(anonymous_7)
FN:152,(anonymous_8)
FN:158,(anonymous_9)
FNF:9
FNH:1
FNDA:1,(anonymous_1)
FNDA:0,(anonymous_2)
FNDA:0,(anonymous_3)
FNDA:0,(anonymous_4)
FNDA:0,(anonymous_5)
FNDA:0,(anonymous_6)
FNDA:0,(anonymous_7)
FNDA:0,(anonymous_8)
FNDA:0,(anonymous_9)
DA:1,1
DA:2,1
DA:15,1
DA:27,0
DA:28,0
DA:36,0
DA:37,0
DA:39,0
DA:40,0
DA:45,0
DA:46,0
DA:66,0
DA:75,0
DA:76,0
DA:97,0
DA:111,0
DA:112,0
DA:143,0
DA:147,1
DA:149,1
DA:150,1
DA:151,0
DA:152,1
DA:157,0
DA:158,1
DA:168,0
DA:170,1
LF:27
LH:9
BRF:0
BRH:0
end_of_record
TN:
SF:src/socket/index.ts
FN:11,(anonymous_1)
FN:13,(anonymous_2)
FN:38,(anonymous_3)
FN:45,(anonymous_4)
FN:63,(anonymous_5)
FN:69,(anonymous_6)
FN:114,(anonymous_7)
FN:121,(anonymous_8)
FN:129,(anonymous_9)
FN:134,(anonymous_10)
FN:140,(anonymous_11)
FN:157,(anonymous_12)
FN:166,(anonymous_13)
FNF:13
FNH:0
FNDA:0,(anonymous_1)
FNDA:0,(anonymous_2)
FNDA:0,(anonymous_3)
FNDA:0,(anonymous_4)
FNDA:0,(anonymous_5)
FNDA:0,(anonymous_6)
FNDA:0,(anonymous_7)
FNDA:0,(anonymous_8)
FNDA:0,(anonymous_9)
FNDA:0,(anonymous_10)
FNDA:0,(anonymous_11)
FNDA:0,(anonymous_12)
FNDA:0,(anonymous_13)
DA:2,0
DA:3,0
DA:4,0
DA:11,0
DA:13,0
DA:14,0
DA:15,0
DA:17,0
DA:18,0
DA:21,0
DA:24,0
DA:26,0
DA:27,0
DA:30,0
DA:31,0
DA:32,0
DA:34,0
DA:38,0
DA:39,0
DA:42,0
DA:45,0
DA:46,0
DA:48,0
DA:53,0
DA:54,0
DA:55,0
DA:58,0
DA:63,0
DA:64,0
DA:65,0
DA:69,0
DA:76,0
DA:78,0
DA:83,0
DA:84,0
DA:85,0
DA:89,0
DA:99,0
DA:102,0
DA:105,0
DA:108,0
DA:109,0
DA:114,0
DA:115,0
DA:121,0
DA:122,0
DA:129,0
DA:130,0
DA:131,0
DA:134,0
DA:135,0
DA:136,0
DA:140,0
DA:141,0
DA:142,0
DA:150,0
DA:152,0
DA:157,0
DA:158,0
DA:162,0
DA:166,0
DA:176,0
DA:178,0
DA:187,0
DA:190,0
LF:65
LH:0
BRDA:17,0,0,0
BRDA:17,0,1,0
BRDA:26,1,0,0
BRDA:26,1,1,0
BRDA:53,2,0,0
BRDA:53,2,1,0
BRDA:83,3,0,0
BRDA:83,3,1,0
BRF:8
BRH:0
end_of_record
TN:
SF:src/validation/analytics.ts
FNF:0
FNH:0
DA:1,0
DA:2,0
DA:5,0
DA:36,0
DA:49,0
DA:70,0
DA:80,0
DA:85,0
DA:106,0
DA:120,0
DA:138,0
DA:156,0
DA:177,0
DA:189,0
DA:200,0
DA:216,0
DA:233,0
DA:266,0
LF:18
LH:0
BRF:0
BRH:0
end_of_record
TN:
SF:src/validation/auth.ts
FNF:0
FNH:0
DA:1,0
DA:2,0
DA:3,0
DA:6,0
DA:58,0
DA:66,0
DA:71,0
DA:79,0
DA:86,0
DA:94,0
DA:108,0
LF:11
LH:0
BRF:0
BRH:0
end_of_record
TN:
SF:src/validation/chat.ts
FNF:0
FNH:0
DA:1,0
DA:2,0
DA:5,0
DA:12,0
DA:17,0
DA:26,0
DA:35,0
DA:61,0
DA:72,0
DA:80,0
DA:93,0
DA:104,0
DA:118,0
DA:126,0
DA:134,0
DA:144,0
DA:149,0
DA:162,0
DA:173,0
DA:192,0
LF:20
LH:0
BRF:0
BRH:0
end_of_record
TN:
SF:src/validation/common.ts
FNF:0
FNH:0
DA:1,0
DA:2,0
DA:5,0
DA:285,0
DA:294,0
LF:5
LH:0
BRF:0
BRH:0
end_of_record
TN:
SF:src/validation/gamification.ts
FNF:0
FNH:0
DA:1,0
DA:2,0
DA:5,0
DA:28,0
DA:43,0
DA:52,0
DA:57,0
DA:62,0
DA:71,0
DA:82,0
DA:94,0
DA:104,0
DA:115,0
DA:138,0
DA:152,0
DA:162,0
DA:175,0
DA:187,0
DA:203,0
DA:212,0
DA:221,0
DA:232,0
DA:248,0
DA:257,0
DA:262,0
LF:25
LH:0
BRF:0
BRH:0
end_of_record
TN:
SF:src/validation/index.ts
FN:12,(anonymous_9)
FN:12,(anonymous_10)
FN:12,(anonymous_11)
FN:13,(anonymous_12)
FN:13,(anonymous_13)
FN:13,(anonymous_14)
FNF:6
FNH:0
FNDA:0,(anonymous_9)
FNDA:0,(anonymous_10)
FNDA:0,(anonymous_11)
FNDA:0,(anonymous_12)
FNDA:0,(anonymous_13)
FNDA:0,(anonymous_14)
DA:2,0
DA:3,0
DA:4,0
DA:5,0
DA:6,0
DA:7,0
DA:8,0
DA:9,0
DA:12,0
DA:13,0
LF:10
LH:0
BRF:0
BRH:0
end_of_record
TN:
SF:src/validation/middleware.ts
FN:11,(anonymous_0)
FN:12,(anonymous_1)
FN:22,(anonymous_2)
FN:33,(anonymous_3)
FN:44,(anonymous_4)
FN:61,(anonymous_5)
FN:62,(anonymous_6)
FNF:7
FNH:0
FNDA:0,(anonymous_0)
FNDA:0,(anonymous_1)
FNDA:0,(anonymous_2)
FNDA:0,(anonymous_3)
FNDA:0,(anonymous_4)
FNDA:0,(anonymous_5)
FNDA:0,(anonymous_6)
DA:11,0
DA:12,0
DA:13,0
DA:16,0
DA:17,0
DA:21,0
DA:22,0
DA:27,0
DA:28,0
DA:32,0
DA:33,0
DA:38,0
DA:39,0
DA:43,0
DA:44,0
DA:48,0
DA:49,0
DA:56,0
DA:61,0
DA:62,0
DA:63,0
DA:65,0
DA:66,0
DA:67,0
DA:68,0
DA:71,0
DA:76,0
LF:27
LH:0
BRDA:16,0,0,0
BRDA:16,0,1,0
BRDA:21,1,0,0
BRDA:21,1,1,0
BRDA:27,2,0,0
BRDA:27,2,1,0
BRDA:32,3,0,0
BRDA:32,3,1,0
BRDA:38,4,0,0
BRDA:38,4,1,0
BRDA:43,5,0,0
BRDA:43,5,1,0
BRDA:48,6,0,0
BRDA:48,6,1,0
BRDA:61,7,0,0
BRDA:65,8,0,0
BRDA:65,8,1,0
BRDA:65,9,0,0
BRDA:65,9,1,0
BRF:19
BRH:0
end_of_record
TN:
SF:src/validation/payment.ts
FNF:0
FNH:0
DA:1,0
DA:2,0
DA:5,0
DA:18,0
DA:30,0
DA:44,0
DA:49,0
DA:67,0
DA:72,0
DA:96,0
DA:119,0
DA:124,0
DA:136,0
DA:147,0
DA:163,0
DA:170,0
DA:185,0
DA:211,0
DA:221,0
DA:229,0
DA:238,0
DA:247,0
LF:22
LH:0
BRF:0
BRH:0
end_of_record
TN:
SF:src/validation/quiz.ts
FNF:0
FNH:0
DA:1,0
DA:2,0
DA:5,0
DA:53,0
DA:88,0
DA:99,0
DA:107,0
DA:112,0
DA:135,0
DA:147,0
DA:152,0
DA:161,0
DA:169,0
DA:184,0
DA:194,0
DA:203,0
DA:227,0
LF:17
LH:0
BRF:0
BRH:0
end_of_record
TN:
SF:src/validation/session.ts
FNF:0
FNH:0
DA:1,0
DA:2,0
DA:5,0
DA:23,0
DA:40,0
DA:53,0
DA:58,0
DA:73,0
DA:78,0
DA:88,0
DA:97,0
DA:109,0
DA:119,0
DA:137,0
DA:147,0
DA:160,0
DA:179,0
LF:17
LH:0
BRF:0
BRH:0
end_of_record
TN:
SF:src/validation/user.ts
FNF:0
FNH:0
DA:1,0
DA:2,0
DA:3,0
DA:6,0
DA:16,0
DA:21,0
DA:65,0
DA:70,0
DA:80,0
DA:89,0
DA:96,0
DA:106,0
DA:116,0
DA:134,0
DA:143,0
DA:148,0
DA:159,0
DA:171,0
DA:188,0
LF:19
LH:0
BRF:0
BRH:0
end_of_record
